{"meta": {"format": 3, "version": "7.13.4", "timestamp": "2026-04-22T14:49:03.595520", "branch_coverage": false, "show_contexts": false}, "files": {"agents\\__init__.py": {"executed_lines": [1, 2, 4], "summary": {"covered_lines": 3, "num_statements": 3, "percent_covered": 100.0, "percent_covered_display": "100", "missing_lines": 0, "excluded_lines": 0, "percent_statements_covered": 100.0, "percent_statements_covered_display": "100"}, "missing_lines": [], "excluded_lines": [], "functions": {"": {"executed_lines": [1, 2, 4], "summary": {"covered_lines": 3, "num_statements": 3, "percent_covered": 100.0, "percent_covered_display": "100", "missing_lines": 0, "excluded_lines": 0, "percent_statements_covered": 100.0, "percent_statements_covered_display": "100"}, "missing_lines": [], "excluded_lines": [], "start_line": 1}}, "classes": {"": {"executed_lines": [1, 2, 4], "summary": {"covered_lines": 3, "num_statements": 3, "percent_covered": 100.0, "percent_covered_display": "100", "missing_lines": 0, "excluded_lines": 0, "percent_statements_covered": 100.0, "percent_statements_covered_display": "100"}, "missing_lines": [], "excluded_lines": [], "start_line": 1}}}, "agents\\base_agent.py": {"executed_lines": [11, 12, 13, 14, 15, 16, 17, 18, 20, 21, 22, 24, 25, 26, 33, 35, 38, 65, 79, 85, 98, 110, 122, 133, 198, 305, 329, 385, 479, 523, 589, 629, 734], "summary": {"covered_lines": 33, "num_statements": 293, "percent_covered": 11.262798634812286, "percent_covered_display": "11", "missing_lines": 260, "excluded_lines": 17, "percent_statements_covered": 11.262798634812286, "percent_statements_covered_display": "11"}, "missing_lines": [45, 51, 52, 54, 55, 56, 57, 58, 59, 60, 61, 62, 67, 72, 73, 74, 75, 76, 88, 89, 90, 92, 93, 94, 95, 99, 100, 101, 102, 103, 104, 105, 106, 107, 111, 112, 113, 114, 115, 116, 117, 118, 119, 142, 143, 144, 145, 146, 147, 150, 151, 152, 153, 159, 160, 161, 162, 167, 170, 171, 176, 177, 213, 214, 215, 216, 219, 224, 225, 226, 227, 228, 229, 230, 231, 232, 233, 234, 237, 238, 239, 240, 246, 247, 248, 249, 250, 251, 253, 254, 265, 266, 267, 268, 269, 274, 275, 276, 277, 282, 284, 285, 286, 287, 292, 294, 297, 298, 299, 300, 301, 302, 303, 316, 317, 318, 319, 320, 321, 322, 324, 326, 327, 339, 340, 342, 347, 348, 349, 350, 351, 352, 356, 357, 362, 363, 365, 366, 367, 368, 369, 375, 400, 401, 404, 405, 406, 407, 410, 411, 412, 421, 426, 427, 429, 430, 434, 435, 437, 439, 441, 442, 444, 445, 447, 448, 449, 450, 451, 452, 453, 460, 466, 468, 487, 489, 490, 491, 492, 494, 495, 497, 498, 499, 500, 501, 510, 511, 513, 537, 538, 541, 542, 548, 553, 554, 555, 556, 557, 558, 562, 563, 567, 568, 569, 570, 571, 572, 573, 579, 600, 601, 603, 604, 605, 606, 608, 609, 618, 619, 621, 622, 652, 653, 654, 655, 656, 658, 661, 662, 668, 671, 672, 673, 677, 678, 679, 680, 681, 687, 690, 691, 692, 693, 694, 695, 696, 701, 702, 703, 710, 717, 725, 726, 727, 728, 731, 732, 739, 741], "excluded_lines": [179, 180, 181, 182, 183, 184, 185, 186, 187, 188, 189, 190, 191, 193, 194, 195, 196], "functions": {"_get_proxy": {"executed_lines": [], "summary": {"covered_lines": 0, "num_statements": 12, "percent_covered": 0.0, "percent_covered_display": "0", "missing_lines": 12, "excluded_lines": 0, "percent_statements_covered": 0.0, "percent_statements_covered_display": "0"}, "missing_lines": [45, 51, 52, 54, 55, 56, 57, 58, 59, 60, 61, 62], "excluded_lines": [], "start_line": 38}, "_is_no_proxy": {"executed_lines": [], "summary": {"covered_lines": 0, "num_statements": 6, "percent_covered": 0.0, "percent_covered_display": "0", "missing_lines": 6, "excluded_lines": 0, "percent_statements_covered": 0.0, "percent_statements_covered_display": "0"}, "missing_lines": [67, 72, 73, 74, 75, 76], "excluded_lines": [], "start_line": 65}, "_get_ssl_verify": {"executed_lines": [], "summary": {"covered_lines": 0, "num_statements": 7, "percent_covered": 0.0, "percent_covered_display": "0", "missing_lines": 7, "excluded_lines": 0, "percent_statements_covered": 0.0, "percent_statements_covered_display": "0"}, "missing_lines": [88, 89, 90, 92, 93, 94, 95], "excluded_lines": [], "start_line": 85}, "_make_sync_httpx_client": {"executed_lines": [], "summary": {"covered_lines": 0, "num_statements": 9, "percent_covered": 0.0, "percent_covered_display": "0", "missing_lines": 9, "excluded_lines": 0, "percent_statements_covered": 0.0, "percent_statements_covered_display": "0"}, "missing_lines": [99, 100, 101, 102, 103, 104, 105, 106, 107], "excluded_lines": [], "start_line": 98}, "_make_async_httpx_client": {"executed_lines": [], "summary": {"covered_lines": 0, "num_statements": 9, "percent_covered": 0.0, "percent_covered_display": "0", "missing_lines": 9, "excluded_lines": 0, "percent_statements_covered": 0.0, "percent_statements_covered_display": "0"}, "missing_lines": [111, 112, 113, 114, 115, 116, 117, 118, 119], "excluded_lines": [], "start_line": 110}, "BaseAgent.__init__": {"executed_lines": [], "summary": {"covered_lines": 0, "num_statements": 19, "percent_covered": 0.0, "percent_covered_display": "0", "missing_lines": 19, "excluded_lines": 0, "percent_statements_covered": 0.0, "percent_statements_covered_display": "0"}, "missing_lines": [142, 143, 144, 145, 146, 147, 150, 151, 152, 153, 159, 160, 161, 162, 167, 170, 171, 176, 177], "excluded_lines": [], "start_line": 133}, "BaseAgent.execute": {"executed_lines": [], "summary": {"covered_lines": 0, "num_statements": 0, "percent_covered": 100.0, "percent_covered_display": "100", "missing_lines": 0, "excluded_lines": 11, "percent_statements_covered": 100.0, "percent_statements_covered_display": "100"}, "missing_lines": [], "excluded_lines": [181, 182, 183, 184, 185, 186, 187, 188, 189, 190, 191], "start_line": 180}, "BaseAgent.get_system_prompt": {"executed_lines": [], "summary": {"covered_lines": 0, "num_statements": 0, "percent_covered": 100.0, "percent_covered_display": "100", "missing_lines": 0, "excluded_lines": 2, "percent_statements_covered": 100.0, "percent_statements_covered_display": "100"}, "missing_lines": [], "excluded_lines": [195, 196], "start_line": 194}, "BaseAgent.call_llm": {"executed_lines": [], "summary": {"covered_lines": 0, "num_statements": 51, "percent_covered": 0.0, "percent_covered_display": "0", "missing_lines": 51, "excluded_lines": 0, "percent_statements_covered": 0.0, "percent_statements_covered_display": "0"}, "missing_lines": [213, 214, 215, 216, 219, 224, 225, 226, 227, 228, 229, 230, 231, 232, 233, 234, 237, 238, 239, 240, 246, 247, 248, 249, 250, 251, 253, 254, 265, 266, 267, 268, 269, 274, 275, 276, 277, 282, 284, 285, 286, 287, 292, 294, 297, 298, 299, 300, 301, 302, 303], "excluded_lines": [], "start_line": 198}, "BaseAgent._call_model": {"executed_lines": [], "summary": {"covered_lines": 0, "num_statements": 10, "percent_covered": 0.0, "percent_covered_display": "0", "missing_lines": 10, "excluded_lines": 0, "percent_statements_covered": 0.0, "percent_statements_covered_display": "0"}, "missing_lines": [316, 317, 318, 319, 320, 321, 322, 324, 326, 327], "excluded_lines": [], "start_line": 305}, "BaseAgent._call_anthropic": {"executed_lines": [], "summary": {"covered_lines": 0, "num_statements": 19, "percent_covered": 0.0, "percent_covered_display": "0", "missing_lines": 19, "excluded_lines": 0, "percent_statements_covered": 0.0, "percent_statements_covered_display": "0"}, "missing_lines": [339, 340, 342, 347, 348, 349, 350, 351, 352, 356, 357, 362, 363, 365, 366, 367, 368, 369, 375], "excluded_lines": [], "start_line": 329}, "BaseAgent._call_deepseek": {"executed_lines": [], "summary": {"covered_lines": 0, "num_statements": 32, "percent_covered": 0.0, "percent_covered_display": "0", "missing_lines": 32, "excluded_lines": 0, "percent_statements_covered": 0.0, "percent_statements_covered_display": "0"}, "missing_lines": [400, 401, 404, 405, 406, 407, 410, 411, 412, 421, 426, 427, 429, 430, 434, 435, 437, 439, 441, 442, 444, 445, 447, 448, 449, 450, 451, 452, 453, 460, 466, 468], "excluded_lines": [], "start_line": 385}, "BaseAgent._call_ollama": {"executed_lines": [], "summary": {"covered_lines": 0, "num_statements": 15, "percent_covered": 0.0, "percent_covered_display": "0", "missing_lines": 15, "excluded_lines": 0, "percent_statements_covered": 0.0, "percent_statements_covered_display": "0"}, "missing_lines": [487, 489, 490, 491, 492, 494, 495, 497, 498, 499, 500, 501, 510, 511, 513], "excluded_lines": [], "start_line": 479}, "BaseAgent._call_glm_anthropic": {"executed_lines": [], "summary": {"covered_lines": 0, "num_statements": 21, "percent_covered": 0.0, "percent_covered_display": "0", "missing_lines": 21, "excluded_lines": 0, "percent_statements_covered": 0.0, "percent_statements_covered_display": "0"}, "missing_lines": [537, 538, 541, 542, 548, 553, 554, 555, 556, 557, 558, 562, 563, 567, 568, 569, 570, 571, 572, 573, 579], "excluded_lines": [], "start_line": 523}, "BaseAgent._call_glm": {"executed_lines": [], "summary": {"covered_lines": 0, "num_statements": 12, "percent_covered": 0.0, "percent_covered_display": "0", "missing_lines": 12, "excluded_lines": 0, "percent_statements_covered": 0.0, "percent_statements_covered_display": "0"}, "missing_lines": [600, 601, 603, 604, 605, 606, 608, 609, 618, 619, 621, 622], "excluded_lines": [], "start_line": 589}, "BaseAgent.call_llm_with_tools": {"executed_lines": [], "summary": {"covered_lines": 0, "num_statements": 36, "percent_covered": 0.0, "percent_covered_display": "0", "missing_lines": 36, "excluded_lines": 0, "percent_statements_covered": 0.0, "percent_statements_covered_display": "0"}, "missing_lines": [652, 653, 654, 655, 656, 658, 661, 662, 668, 671, 672, 673, 677, 678, 679, 680, 681, 687, 690, 691, 692, 693, 694, 695, 696, 701, 702, 703, 710, 717, 725, 726, 727, 728, 731, 732], "excluded_lines": [], "start_line": 629}, "BaseAgent.log": {"executed_lines": [], "summary": {"covered_lines": 0, "num_statements": 2, "percent_covered": 0.0, "percent_covered_display": "0", "missing_lines": 2, "excluded_lines": 0, "percent_statements_covered": 0.0, "percent_statements_covered_display": "0"}, "missing_lines": [739, 741], "excluded_lines": [], "start_line": 734}, "": {"executed_lines": [11, 12, 13, 14, 15, 16, 17, 18, 20, 21, 22, 24, 25, 26, 33, 35, 38, 65, 79, 85, 98, 110, 122, 133, 198, 305, 329, 385, 479, 523, 589, 629, 734], "summary": {"covered_lines": 33, "num_statements": 33, "percent_covered": 100.0, "percent_covered_display": "100", "missing_lines": 0, "excluded_lines": 4, "percent_statements_covered": 100.0, "percent_statements_covered_display": "100"}, "missing_lines": [], "excluded_lines": [179, 180, 193, 194], "start_line": 1}}, "classes": {"BaseAgent": {"executed_lines": [], "summary": {"covered_lines": 0, "num_statements": 217, "percent_covered": 0.0, "percent_covered_display": "0", "missing_lines": 217, "excluded_lines": 13, "percent_statements_covered": 0.0, "percent_statements_covered_display": "0"}, "missing_lines": [142, 143, 144, 145, 146, 147, 150, 151, 152, 153, 159, 160, 161, 162, 167, 170, 171, 176, 177, 213, 214, 215, 216, 219, 224, 225, 226, 227, 228, 229, 230, 231, 232, 233, 234, 237, 238, 239, 240, 246, 247, 248, 249, 250, 251, 253, 254, 265, 266, 267, 268, 269, 274, 275, 276, 277, 282, 284, 285, 286, 287, 292, 294, 297, 298, 299, 300, 301, 302, 303, 316, 317, 318, 319, 320, 321, 322, 324, 326, 327, 339, 340, 342, 347, 348, 349, 350, 351, 352, 356, 357, 362, 363, 365, 366, 367, 368, 369, 375, 400, 401, 404, 405, 406, 407, 410, 411, 412, 421, 426, 427, 429, 430, 434, 435, 437, 439, 441, 442, 444, 445, 447, 448, 449, 450, 451, 452, 453, 460, 466, 468, 487, 489, 490, 491, 492, 494, 495, 497, 498, 499, 500, 501, 510, 511, 513, 537, 538, 541, 542, 548, 553, 554, 555, 556, 557, 558, 562, 563, 567, 568, 569, 570, 571, 572, 573, 579, 600, 601, 603, 604, 605, 606, 608, 609, 618, 619, 621, 622, 652, 653, 654, 655, 656, 658, 661, 662, 668, 671, 672, 673, 677, 678, 679, 680, 681, 687, 690, 691, 692, 693, 694, 695, 696, 701, 702, 703, 710, 717, 725, 726, 727, 728, 731, 732, 739, 741], "excluded_lines": [181, 182, 183, 184, 185, 186, 187, 188, 189, 190, 191, 195, 196], "start_line": 122}, "": {"executed_lines": [11, 12, 13, 14, 15, 16, 17, 18, 20, 21, 22, 24, 25, 26, 33, 35, 38, 65, 79, 85, 98, 110, 122, 133, 198, 305, 329, 385, 479, 523, 589, 629, 734], "summary": {"covered_lines": 33, "num_statements": 76, "percent_covered": 43.421052631578945, "percent_covered_display": "43", "missing_lines": 43, "excluded_lines": 4, "percent_statements_covered": 43.421052631578945, "percent_statements_covered_display": "43"}, "missing_lines": [45, 51, 52, 54, 55, 56, 57, 58, 59, 60, 61, 62, 67, 72, 73, 74, 75, 76, 88, 89, 90, 92, 93, 94, 95, 99, 100, 101, 102, 103, 104, 105, 106, 107, 111, 112, 113, 114, 115, 116, 117, 118, 119], "excluded_lines": [179, 180, 193, 194], "start_line": 1}}}, "agents\\code_agent.py": {"executed_lines": [9, 10, 11, 12, 14, 15, 16, 17, 18, 19, 22, 23, 25, 26, 28, 30, 75, 78, 94, 97, 286, 414, 583, 629, 658, 688, 985, 1039, 1086, 1147, 1155, 1163, 1202, 1230, 1255, 1276], "summary": {"covered_lines": 36, "num_statements": 362, "percent_covered": 9.94475138121547, "percent_covered_display": "10", "missing_lines": 326, "excluded_lines": 0, "percent_statements_covered": 9.94475138121547, "percent_statements_covered_display": "10"}, "missing_lines": [24, 79, 85, 86, 87, 88, 89, 90, 92, 95, 98, 99, 100, 103, 104, 105, 106, 107, 108, 110, 111, 118, 119, 121, 128, 130, 131, 132, 133, 136, 137, 138, 139, 140, 141, 143, 144, 145, 148, 149, 150, 151, 152, 155, 156, 160, 163, 168, 169, 170, 173, 174, 175, 180, 181, 182, 183, 184, 187, 188, 224, 225, 228, 229, 230, 231, 232, 233, 234, 237, 238, 239, 240, 241, 244, 245, 246, 247, 248, 250, 254, 255, 256, 257, 262, 263, 269, 270, 271, 273, 274, 275, 277, 298, 301, 302, 305, 309, 310, 315, 316, 327, 394, 395, 405, 406, 407, 408, 409, 410, 412, 426, 427, 428, 429, 431, 439, 440, 441, 444, 445, 446, 447, 448, 449, 450, 451, 456, 458, 459, 460, 462, 465, 466, 467, 469, 470, 471, 472, 474, 475, 477, 479, 480, 481, 483, 484, 485, 486, 487, 488, 490, 491, 496, 497, 498, 499, 500, 501, 504, 505, 506, 509, 510, 511, 512, 514, 515, 516, 517, 519, 524, 525, 526, 527, 528, 530, 531, 532, 533, 534, 536, 537, 538, 539, 540, 542, 543, 544, 545, 546, 548, 549, 550, 552, 553, 554, 555, 556, 557, 558, 559, 560, 562, 563, 565, 566, 567, 568, 569, 570, 571, 572, 573, 574, 575, 576, 577, 578, 579, 581, 584, 585, 590, 609, 610, 631, 632, 633, 660, 661, 663, 664, 665, 666, 673, 674, 680, 690, 987, 1041, 1042, 1044, 1045, 1049, 1050, 1052, 1053, 1054, 1061, 1062, 1064, 1065, 1066, 1073, 1074, 1076, 1077, 1078, 1084, 1088, 1089, 1091, 1092, 1093, 1096, 1097, 1099, 1100, 1108, 1109, 1111, 1112, 1113, 1114, 1115, 1116, 1118, 1119, 1120, 1122, 1124, 1137, 1138, 1139, 1140, 1141, 1142, 1143, 1145, 1149, 1157, 1165, 1167, 1170, 1171, 1177, 1196, 1198, 1199, 1200, 1204, 1220, 1221, 1226, 1227, 1228, 1232, 1248, 1253, 1257, 1258, 1259, 1262, 1263, 1264, 1266, 1267, 1269, 1270, 1271, 1272, 1274, 1277, 1278, 1279], "excluded_lines": [], "functions": {"CodeAgent.__init__": {"executed_lines": [], "summary": {"covered_lines": 0, "num_statements": 8, "percent_covered": 0.0, "percent_covered_display": "0", "missing_lines": 8, "excluded_lines": 0, "percent_statements_covered": 0.0, "percent_statements_covered_display": "0"}, "missing_lines": [79, 85, 86, 87, 88, 89, 90, 92], "excluded_lines": [], "start_line": 78}, "CodeAgent.get_system_prompt": {"executed_lines": [], "summary": {"covered_lines": 0, "num_statements": 1, "percent_covered": 0.0, "percent_covered_display": "0", "missing_lines": 1, "excluded_lines": 0, "percent_statements_covered": 0.0, "percent_statements_covered_display": "0"}, "missing_lines": [95], "excluded_lines": [], "start_line": 94}, "CodeAgent.execute": {"executed_lines": [], "summary": {"covered_lines": 0, "num_statements": 83, "percent_covered": 0.0, "percent_covered_display": "0", "missing_lines": 83, "excluded_lines": 0, "percent_statements_covered": 0.0, "percent_statements_covered_display": "0"}, "missing_lines": [98, 99, 100, 103, 104, 105, 106, 107, 108, 110, 111, 118, 119, 121, 128, 130, 131, 132, 133, 136, 137, 138, 139, 140, 141, 143, 144, 145, 148, 149, 150, 151, 152, 155, 156, 160, 163, 168, 169, 170, 173, 174, 175, 180, 181, 182, 183, 184, 187, 188, 224, 225, 228, 229, 230, 231, 232, 233, 234, 237, 238, 239, 240, 241, 244, 245, 246, 247, 248, 250, 254, 255, 256, 257, 262, 263, 269, 270, 271, 273, 274, 275, 277], "excluded_lines": [], "start_line": 97}, "CodeAgent._generate_enhanced_review": {"executed_lines": [], "summary": {"covered_lines": 0, "num_statements": 18, "percent_covered": 0.0, "percent_covered_display": "0", "missing_lines": 18, "excluded_lines": 0, "percent_statements_covered": 0.0, "percent_statements_covered_display": "0"}, "missing_lines": [298, 301, 302, 305, 309, 310, 315, 316, 327, 394, 395, 405, 406, 407, 408, 409, 410, 412], "excluded_lines": [], "start_line": 286}, "CodeAgent._validate_ci_workflow": {"executed_lines": [], "summary": {"covered_lines": 0, "num_statements": 110, "percent_covered": 0.0, "percent_covered_display": "0", "missing_lines": 110, "excluded_lines": 0, "percent_statements_covered": 0.0, "percent_statements_covered_display": "0"}, "missing_lines": [426, 427, 428, 429, 431, 439, 440, 441, 444, 445, 446, 447, 448, 449, 450, 451, 456, 458, 459, 460, 462, 465, 466, 467, 469, 470, 471, 472, 474, 475, 477, 479, 480, 481, 483, 484, 485, 486, 487, 488, 490, 491, 496, 497, 498, 499, 500, 501, 504, 505, 506, 509, 510, 511, 512, 514, 515, 516, 517, 519, 524, 525, 526, 527, 528, 530, 531, 532, 533, 534, 536, 537, 538, 539, 540, 542, 543, 544, 545, 546, 548, 549, 550, 552, 553, 554, 555, 556, 557, 558, 559, 560, 562, 563, 565, 566, 567, 568, 569, 570, 571, 572, 573, 574, 575, 576, 577, 578, 579, 581], "excluded_lines": [], "start_line": 414}, "CodeAgent._build_git_summary": {"executed_lines": [], "summary": {"covered_lines": 0, "num_statements": 5, "percent_covered": 0.0, "percent_covered_display": "0", "missing_lines": 5, "excluded_lines": 0, "percent_statements_covered": 0.0, "percent_statements_covered_display": "0"}, "missing_lines": [584, 585, 590, 609, 610], "excluded_lines": [], "start_line": 583}, "CodeAgent._build_drivers_makefile": {"executed_lines": [], "summary": {"covered_lines": 0, "num_statements": 3, "percent_covered": 0.0, "percent_covered_display": "0", "missing_lines": 3, "excluded_lines": 0, "percent_statements_covered": 0.0, "percent_statements_covered_display": "0"}, "missing_lines": [631, 632, 633], "excluded_lines": [], "start_line": 629}, "CodeAgent._build_test_main": {"executed_lines": [], "summary": {"covered_lines": 0, "num_statements": 9, "percent_covered": 0.0, "percent_covered_display": "0", "missing_lines": 9, "excluded_lines": 0, "percent_statements_covered": 0.0, "percent_statements_covered_display": "0"}, "missing_lines": [660, 661, 663, 664, 665, 666, 673, 674, 680], "excluded_lines": [], "start_line": 658}, "CodeAgent._build_github_ci_workflow": {"executed_lines": [], "summary": {"covered_lines": 0, "num_statements": 1, "percent_covered": 0.0, "percent_covered_display": "0", "missing_lines": 1, "excluded_lines": 0, "percent_statements_covered": 0.0, "percent_statements_covered_display": "0"}, "missing_lines": [690], "excluded_lines": [], "start_line": 688}, "CodeAgent._build_arm_toolchain_cmake": {"executed_lines": [], "summary": {"covered_lines": 0, "num_statements": 1, "percent_covered": 0.0, "percent_covered_display": "0", "missing_lines": 1, "excluded_lines": 0, "percent_statements_covered": 0.0, "percent_statements_covered_display": "0"}, "missing_lines": [987], "excluded_lines": [], "start_line": 985}, "CodeAgent._extract_components": {"executed_lines": [], "summary": {"covered_lines": 0, "num_statements": 20, "percent_covered": 0.0, "percent_covered_display": "0", "missing_lines": 20, "excluded_lines": 0, "percent_statements_covered": 0.0, "percent_statements_covered_display": "0"}, "missing_lines": [1041, 1042, 1044, 1045, 1049, 1050, 1052, 1053, 1054, 1061, 1062, 1064, 1065, 1066, 1073, 1074, 1076, 1077, 1078, 1084], "excluded_lines": [], "start_line": 1039}, "CodeAgent._extract_registers": {"executed_lines": [], "summary": {"covered_lines": 0, "num_statements": 30, "percent_covered": 0.0, "percent_covered_display": "0", "missing_lines": 30, "excluded_lines": 0, "percent_statements_covered": 0.0, "percent_statements_covered_display": "0"}, "missing_lines": [1088, 1089, 1091, 1092, 1093, 1096, 1097, 1099, 1100, 1108, 1109, 1111, 1112, 1113, 1114, 1115, 1116, 1118, 1119, 1120, 1122, 1124, 1137, 1138, 1139, 1140, 1141, 1142, 1143, 1145], "excluded_lines": [], "start_line": 1086}, "CodeAgent._default_components": {"executed_lines": [], "summary": {"covered_lines": 0, "num_statements": 1, "percent_covered": 0.0, "percent_covered_display": "0", "missing_lines": 1, "excluded_lines": 0, "percent_statements_covered": 0.0, "percent_statements_covered_display": "0"}, "missing_lines": [1149], "excluded_lines": [], "start_line": 1147}, "CodeAgent._default_registers": {"executed_lines": [], "summary": {"covered_lines": 0, "num_statements": 1, "percent_covered": 0.0, "percent_covered_display": "0", "missing_lines": 1, "excluded_lines": 0, "percent_statements_covered": 0.0, "percent_statements_covered_display": "0"}, "missing_lines": [1157], "excluded_lines": [], "start_line": 1155}, "CodeAgent._generate_review_report": {"executed_lines": [], "summary": {"covered_lines": 0, "num_statements": 9, "percent_covered": 0.0, "percent_covered_display": "0", "missing_lines": 9, "excluded_lines": 0, "percent_statements_covered": 0.0, "percent_statements_covered_display": "0"}, "missing_lines": [1165, 1167, 1170, 1171, 1177, 1196, 1198, 1199, 1200], "excluded_lines": [], "start_line": 1163}, "CodeAgent._llm_review": {"executed_lines": [], "summary": {"covered_lines": 0, "num_statements": 6, "percent_covered": 0.0, "percent_covered_display": "0", "missing_lines": 6, "excluded_lines": 0, "percent_statements_covered": 0.0, "percent_statements_covered_display": "0"}, "missing_lines": [1204, 1220, 1221, 1226, 1227, 1228], "excluded_lines": [], "start_line": 1202}, "CodeAgent._generate_review": {"executed_lines": [], "summary": {"covered_lines": 0, "num_statements": 3, "percent_covered": 0.0, "percent_covered_display": "0", "missing_lines": 3, "excluded_lines": 0, "percent_statements_covered": 0.0, "percent_statements_covered_display": "0"}, "missing_lines": [1232, 1248, 1253], "excluded_lines": [], "start_line": 1230}, "CodeAgent._parse_and_save_files": {"executed_lines": [], "summary": {"covered_lines": 0, "num_statements": 13, "percent_covered": 0.0, "percent_covered_display": "0", "missing_lines": 13, "excluded_lines": 0, "percent_statements_covered": 0.0, "percent_statements_covered_display": "0"}, "missing_lines": [1257, 1258, 1259, 1262, 1263, 1264, 1266, 1267, 1269, 1270, 1271, 1272, 1274], "excluded_lines": [], "start_line": 1255}, "CodeAgent._load_file": {"executed_lines": [], "summary": {"covered_lines": 0, "num_statements": 3, "percent_covered": 0.0, "percent_covered_display": "0", "missing_lines": 3, "excluded_lines": 0, "percent_statements_covered": 0.0, "percent_statements_covered_display": "0"}, "missing_lines": [1277, 1278, 1279], "excluded_lines": [], "start_line": 1276}, "": {"executed_lines": [9, 10, 11, 12, 14, 15, 16, 17, 18, 19, 22, 23, 25, 26, 28, 30, 75, 78, 94, 97, 286, 414, 583, 629, 658, 688, 985, 1039, 1086, 1147, 1155, 1163, 1202, 1230, 1255, 1276], "summary": {"covered_lines": 36, "num_statements": 37, "percent_covered": 97.29729729729729, "percent_covered_display": "97", "missing_lines": 1, "excluded_lines": 0, "percent_statements_covered": 97.29729729729729, "percent_statements_covered_display": "97"}, "missing_lines": [24], "excluded_lines": [], "start_line": 1}}, "classes": {"CodeAgent": {"executed_lines": [], "summary": {"covered_lines": 0, "num_statements": 325, "percent_covered": 0.0, "percent_covered_display": "0", "missing_lines": 325, "excluded_lines": 0, "percent_statements_covered": 0.0, "percent_statements_covered_display": "0"}, "missing_lines": [79, 85, 86, 87, 88, 89, 90, 92, 95, 98, 99, 100, 103, 104, 105, 106, 107, 108, 110, 111, 118, 119, 121, 128, 130, 131, 132, 133, 136, 137, 138, 139, 140, 141, 143, 144, 145, 148, 149, 150, 151, 152, 155, 156, 160, 163, 168, 169, 170, 173, 174, 175, 180, 181, 182, 183, 184, 187, 188, 224, 225, 228, 229, 230, 231, 232, 233, 234, 237, 238, 239, 240, 241, 244, 245, 246, 247, 248, 250, 254, 255, 256, 257, 262, 263, 269, 270, 271, 273, 274, 275, 277, 298, 301, 302, 305, 309, 310, 315, 316, 327, 394, 395, 405, 406, 407, 408, 409, 410, 412, 426, 427, 428, 429, 431, 439, 440, 441, 444, 445, 446, 447, 448, 449, 450, 451, 456, 458, 459, 460, 462, 465, 466, 467, 469, 470, 471, 472, 474, 475, 477, 479, 480, 481, 483, 484, 485, 486, 487, 488, 490, 491, 496, 497, 498, 499, 500, 501, 504, 505, 506, 509, 510, 511, 512, 514, 515, 516, 517, 519, 524, 525, 526, 527, 528, 530, 531, 532, 533, 534, 536, 537, 538, 539, 540, 542, 543, 544, 545, 546, 548, 549, 550, 552, 553, 554, 555, 556, 557, 558, 559, 560, 562, 563, 565, 566, 567, 568, 569, 570, 571, 572, 573, 574, 575, 576, 577, 578, 579, 581, 584, 585, 590, 609, 610, 631, 632, 633, 660, 661, 663, 664, 665, 666, 673, 674, 680, 690, 987, 1041, 1042, 1044, 1045, 1049, 1050, 1052, 1053, 1054, 1061, 1062, 1064, 1065, 1066, 1073, 1074, 1076, 1077, 1078, 1084, 1088, 1089, 1091, 1092, 1093, 1096, 1097, 1099, 1100, 1108, 1109, 1111, 1112, 1113, 1114, 1115, 1116, 1118, 1119, 1120, 1122, 1124, 1137, 1138, 1139, 1140, 1141, 1142, 1143, 1145, 1149, 1157, 1165, 1167, 1170, 1171, 1177, 1196, 1198, 1199, 1200, 1204, 1220, 1221, 1226, 1227, 1228, 1232, 1248, 1253, 1257, 1258, 1259, 1262, 1263, 1264, 1266, 1267, 1269, 1270, 1271, 1272, 1274, 1277, 1278, 1279], "excluded_lines": [], "start_line": 75}, "": {"executed_lines": [9, 10, 11, 12, 14, 15, 16, 17, 18, 19, 22, 23, 25, 26, 28, 30, 75, 78, 94, 97, 286, 414, 583, 629, 658, 688, 985, 1039, 1086, 1147, 1155, 1163, 1202, 1230, 1255, 1276], "summary": {"covered_lines": 36, "num_statements": 37, "percent_covered": 97.29729729729729, "percent_covered_display": "97", "missing_lines": 1, "excluded_lines": 0, "percent_statements_covered": 97.29729729729729, "percent_statements_covered_display": "97"}, "missing_lines": [24], "excluded_lines": [], "start_line": 1}}}, "agents\\compliance_agent.py": {"executed_lines": [8, 9, 11, 13, 15, 17, 42, 45, 53, 56], "summary": {"covered_lines": 10, "num_statements": 35, "percent_covered": 28.571428571428573, "percent_covered_display": "29", "missing_lines": 25, "excluded_lines": 0, "percent_statements_covered": 28.571428571428573, "percent_statements_covered_display": "29"}, "missing_lines": [46, 54, 57, 58, 59, 62, 63, 64, 65, 68, 69, 70, 71, 73, 74, 80, 97, 102, 103, 104, 107, 108, 110, 112, 114], "excluded_lines": [], "functions": {"ComplianceAgent.__init__": {"executed_lines": [], "summary": {"covered_lines": 0, "num_statements": 1, "percent_covered": 0.0, "percent_covered_display": "0", "missing_lines": 1, "excluded_lines": 0, "percent_statements_covered": 0.0, "percent_statements_covered_display": "0"}, "missing_lines": [46], "excluded_lines": [], "start_line": 45}, "ComplianceAgent.get_system_prompt": {"executed_lines": [], "summary": {"covered_lines": 0, "num_statements": 1, "percent_covered": 0.0, "percent_covered_display": "0", "missing_lines": 1, "excluded_lines": 0, "percent_statements_covered": 0.0, "percent_statements_covered_display": "0"}, "missing_lines": [54], "excluded_lines": [], "start_line": 53}, "ComplianceAgent.execute": {"executed_lines": [], "summary": {"covered_lines": 0, "num_statements": 23, "percent_covered": 0.0, "percent_covered_display": "0", "missing_lines": 23, "excluded_lines": 0, "percent_statements_covered": 0.0, "percent_statements_covered_display": "0"}, "missing_lines": [57, 58, 59, 62, 63, 64, 65, 68, 69, 70, 71, 73, 74, 80, 97, 102, 103, 104, 107, 108, 110, 112, 114], "excluded_lines": [], "start_line": 56}, "": {"executed_lines": [8, 9, 11, 13, 15, 17, 42, 45, 53, 56], "summary": {"covered_lines": 10, "num_statements": 10, "percent_covered": 100.0, "percent_covered_display": "100", "missing_lines": 0, "excluded_lines": 0, "percent_statements_covered": 100.0, "percent_statements_covered_display": "100"}, "missing_lines": [], "excluded_lines": [], "start_line": 1}}, "classes": {"ComplianceAgent": {"executed_lines": [], "summary": {"covered_lines": 0, "num_statements": 25, "percent_covered": 0.0, "percent_covered_display": "0", "missing_lines": 25, "excluded_lines": 0, "percent_statements_covered": 0.0, "percent_statements_covered_display": "0"}, "missing_lines": [46, 54, 57, 58, 59, 62, 63, 64, 65, 68, 69, 70, 71, 73, 74, 80, 97, 102, 103, 104, 107, 108, 110, 112, 114], "excluded_lines": [], "start_line": 42}, "": {"executed_lines": [8, 9, 11, 13, 15, 17, 42, 45, 53, 56], "summary": {"covered_lines": 10, "num_statements": 10, "percent_covered": 100.0, "percent_covered_display": "100", "missing_lines": 0, "excluded_lines": 0, "percent_statements_covered": 100.0, "percent_statements_covered_display": "100"}, "missing_lines": [], "excluded_lines": [], "start_line": 1}}}, "agents\\critic.py": {"executed_lines": [43, 45, 47, 52, 60, 69, 85, 128, 171, 231, 244, 282, 349], "summary": {"covered_lines": 13, "num_statements": 95, "percent_covered": 13.68421052631579, "percent_covered_display": "14", "missing_lines": 82, "excluded_lines": 0, "percent_statements_covered": 13.68421052631579, "percent_statements_covered_display": "14"}, "missing_lines": [61, 62, 63, 64, 65, 66, 76, 96, 97, 100, 101, 112, 113, 125, 137, 138, 139, 140, 141, 142, 152, 153, 154, 155, 156, 180, 181, 182, 184, 185, 201, 202, 203, 204, 205, 206, 207, 208, 209, 213, 214, 228, 232, 233, 234, 235, 236, 237, 238, 239, 240, 241, 250, 251, 252, 253, 254, 255, 256, 257, 258, 268, 269, 279, 306, 307, 309, 312, 317, 324, 325, 326, 327, 334, 340, 346, 351, 352, 353, 354, 355, 356], "excluded_lines": [], "functions": {"_as_float": {"executed_lines": [], "summary": {"covered_lines": 0, "num_statements": 6, "percent_covered": 0.0, "percent_covered_display": "0", "missing_lines": 6, "excluded_lines": 0, "percent_statements_covered": 0.0, "percent_statements_covered_display": "0"}, "missing_lines": [61, 62, 63, 64, 65, 66], "excluded_lines": [], "start_line": 60}, "_issue": {"executed_lines": [], "summary": {"covered_lines": 0, "num_statements": 1, "percent_covered": 0.0, "percent_covered_display": "0", "missing_lines": 1, "excluded_lines": 0, "percent_statements_covered": 0.0, "percent_statements_covered_display": "0"}, "missing_lines": [76], "excluded_lines": [], "start_line": 69}, "_compare_scalar": {"executed_lines": [], "summary": {"covered_lines": 0, "num_statements": 7, "percent_covered": 0.0, "percent_covered_display": "0", "missing_lines": 7, "excluded_lines": 0, "percent_statements_covered": 0.0, "percent_statements_covered_display": "0"}, "missing_lines": [96, 97, 100, 101, 112, 113, 125], "excluded_lines": [], "start_line": 85}, "_compare_numeric": {"executed_lines": [], "summary": {"covered_lines": 0, "num_statements": 11, "percent_covered": 0.0, "percent_covered_display": "0", "missing_lines": 11, "excluded_lines": 0, "percent_statements_covered": 0.0, "percent_statements_covered_display": "0"}, "missing_lines": [137, 138, 139, 140, 141, 142, 152, 153, 154, 155, 156], "excluded_lines": [], "start_line": 128}, "_compare_bom": {"executed_lines": [], "summary": {"covered_lines": 0, "num_statements": 17, "percent_covered": 0.0, "percent_covered_display": "0", "missing_lines": 17, "excluded_lines": 0, "percent_statements_covered": 0.0, "percent_statements_covered_display": "0"}, "missing_lines": [180, 181, 182, 184, 185, 201, 202, 203, 204, 205, 206, 207, 208, 209, 213, 214, 228], "excluded_lines": [], "start_line": 171}, "_normalise_citations": {"executed_lines": [], "summary": {"covered_lines": 0, "num_statements": 10, "percent_covered": 0.0, "percent_covered_display": "0", "missing_lines": 10, "excluded_lines": 0, "percent_statements_covered": 0.0, "percent_statements_covered_display": "0"}, "missing_lines": [232, 233, 234, 235, 236, 237, 238, 239, 240, 241], "excluded_lines": [], "start_line": 231}, "_compare_citations": {"executed_lines": [], "summary": {"covered_lines": 0, "num_statements": 12, "percent_covered": 0.0, "percent_covered_display": "0", "missing_lines": 12, "excluded_lines": 0, "percent_statements_covered": 0.0, "percent_statements_covered_display": "0"}, "missing_lines": [250, 251, 252, 253, 254, 255, 256, 257, 258, 268, 269, 279], "excluded_lines": [], "start_line": 244}, "compare_designs": {"executed_lines": [], "summary": {"covered_lines": 0, "num_statements": 12, "percent_covered": 0.0, "percent_covered_display": "0", "missing_lines": 12, "excluded_lines": 0, "percent_statements_covered": 0.0, "percent_statements_covered_display": "0"}, "missing_lines": [306, 307, 309, 312, 317, 324, 325, 326, 327, 334, 340, 346], "excluded_lines": [], "start_line": 282}, "summarise": {"executed_lines": [], "summary": {"covered_lines": 0, "num_statements": 6, "percent_covered": 0.0, "percent_covered_display": "0", "missing_lines": 6, "excluded_lines": 0, "percent_statements_covered": 0.0, "percent_statements_covered_display": "0"}, "missing_lines": [351, 352, 353, 354, 355, 356], "excluded_lines": [], "start_line": 349}, "": {"executed_lines": [43, 45, 47, 52, 60, 69, 85, 128, 171, 231, 244, 282, 349], "summary": {"covered_lines": 13, "num_statements": 13, "percent_covered": 100.0, "percent_covered_display": "100", "missing_lines": 0, "excluded_lines": 0, "percent_statements_covered": 100.0, "percent_statements_covered_display": "100"}, "missing_lines": [], "excluded_lines": [], "start_line": 1}}, "classes": {"": {"executed_lines": [43, 45, 47, 52, 60, 69, 85, 128, 171, 231, 244, 282, 349], "summary": {"covered_lines": 13, "num_statements": 95, "percent_covered": 13.68421052631579, "percent_covered_display": "14", "missing_lines": 82, "excluded_lines": 0, "percent_statements_covered": 13.68421052631579, "percent_statements_covered_display": "14"}, "missing_lines": [61, 62, 63, 64, 65, 66, 76, 96, 97, 100, 101, 112, 113, 125, 137, 138, 139, 140, 141, 142, 152, 153, 154, 155, 156, 180, 181, 182, 184, 185, 201, 202, 203, 204, 205, 206, 207, 208, 209, 213, 214, 228, 232, 233, 234, 235, 236, 237, 238, 239, 240, 241, 250, 251, 252, 253, 254, 255, 256, 257, 258, 268, 269, 279, 306, 307, 309, 312, 317, 324, 325, 326, 327, 334, 340, 346, 351, 352, 353, 354, 355, 356], "excluded_lines": [], "start_line": 1}}}, "agents\\critic_agent.py": {"executed_lines": [28, 30, 31, 32, 34, 36, 39, 57, 60, 83, 106], "summary": {"covered_lines": 11, "num_statements": 56, "percent_covered": 19.642857142857142, "percent_covered_display": "20", "missing_lines": 45, "excluded_lines": 0, "percent_statements_covered": 19.642857142857142, "percent_statements_covered_display": "20"}, "missing_lines": [62, 63, 64, 65, 66, 67, 68, 69, 70, 71, 75, 77, 78, 79, 80, 88, 89, 90, 91, 92, 103, 133, 134, 137, 138, 139, 140, 141, 142, 143, 144, 145, 146, 147, 149, 158, 159, 165, 166, 167, 169, 170, 171, 172, 173], "excluded_lines": [], "functions": {"parse_critic_response": {"executed_lines": [], "summary": {"covered_lines": 0, "num_statements": 15, "percent_covered": 0.0, "percent_covered_display": "0", "missing_lines": 15, "excluded_lines": 0, "percent_statements_covered": 0.0, "percent_statements_covered_display": "0"}, "missing_lines": [62, 63, 64, 65, 66, 67, 68, 69, 70, 71, 75, 77, 78, 79, 80], "excluded_lines": [], "start_line": 60}, "disagreements_to_issues": {"executed_lines": [], "summary": {"covered_lines": 0, "num_statements": 6, "percent_covered": 0.0, "percent_covered_display": "0", "missing_lines": 6, "excluded_lines": 0, "percent_statements_covered": 0.0, "percent_statements_covered_display": "0"}, "missing_lines": [88, 89, 90, 91, 92, 103], "excluded_lines": [], "start_line": 83}, "run_critic": {"executed_lines": [], "summary": {"covered_lines": 0, "num_statements": 24, "percent_covered": 0.0, "percent_covered_display": "0", "missing_lines": 24, "excluded_lines": 0, "percent_statements_covered": 0.0, "percent_statements_covered_display": "0"}, "missing_lines": [133, 134, 137, 138, 139, 140, 141, 142, 143, 144, 145, 146, 147, 149, 158, 159, 165, 166, 167, 169, 170, 171, 172, 173], "excluded_lines": [], "start_line": 106}, "": {"executed_lines": [28, 30, 31, 32, 34, 36, 39, 57, 60, 83, 106], "summary": {"covered_lines": 11, "num_statements": 11, "percent_covered": 100.0, "percent_covered_display": "100", "missing_lines": 0, "excluded_lines": 0, "percent_statements_covered": 100.0, "percent_statements_covered_display": "100"}, "missing_lines": [], "excluded_lines": [], "start_line": 1}}, "classes": {"": {"executed_lines": [28, 30, 31, 32, 34, 36, 39, 57, 60, 83, 106], "summary": {"covered_lines": 11, "num_statements": 56, "percent_covered": 19.642857142857142, "percent_covered_display": "20", "missing_lines": 45, "excluded_lines": 0, "percent_statements_covered": 19.642857142857142, "percent_statements_covered_display": "20"}, "missing_lines": [62, 63, 64, 65, 66, 67, 68, 69, 70, 71, 75, 77, 78, 79, 80, 88, 89, 90, 91, 92, 103, 133, 134, 137, 138, 139, 140, 141, 142, 143, 144, 145, 146, 147, 149, 158, 159, 165, 166, 167, 169, 170, 171, 172, 173], "excluded_lines": [], "start_line": 1}}}, "agents\\document_agent.py": {"executed_lines": [8, 9, 10, 11, 13, 14, 15, 17, 19, 89, 92, 101, 104, 197, 402, 408, 424], "summary": {"covered_lines": 17, "num_statements": 115, "percent_covered": 14.782608695652174, "percent_covered_display": "15", "missing_lines": 98, "excluded_lines": 0, "percent_statements_covered": 14.782608695652174, "percent_statements_covered_display": "15"}, "missing_lines": [93, 99, 102, 105, 106, 107, 110, 111, 112, 113, 115, 116, 123, 135, 136, 137, 138, 139, 143, 144, 145, 146, 154, 162, 163, 172, 180, 188, 189, 191, 203, 206, 208, 307, 312, 314, 322, 323, 324, 326, 327, 331, 335, 336, 337, 338, 339, 351, 353, 354, 355, 356, 357, 358, 359, 360, 361, 363, 364, 367, 368, 372, 375, 376, 377, 378, 379, 380, 381, 382, 383, 384, 385, 386, 388, 389, 390, 393, 394, 395, 398, 399, 400, 404, 405, 406, 410, 411, 412, 413, 414, 415, 420, 421, 422, 426, 427, 428], "excluded_lines": [], "functions": {"DocumentAgent.__init__": {"executed_lines": [], "summary": {"covered_lines": 0, "num_statements": 2, "percent_covered": 0.0, "percent_covered_display": "0", "missing_lines": 2, "excluded_lines": 0, "percent_statements_covered": 0.0, "percent_statements_covered_display": "0"}, "missing_lines": [93, 99], "excluded_lines": [], "start_line": 92}, "DocumentAgent.get_system_prompt": {"executed_lines": [], "summary": {"covered_lines": 0, "num_statements": 1, "percent_covered": 0.0, "percent_covered_display": "0", "missing_lines": 1, "excluded_lines": 0, "percent_statements_covered": 0.0, "percent_statements_covered_display": "0"}, "missing_lines": [102], "excluded_lines": [], "start_line": 101}, "DocumentAgent.execute": {"executed_lines": [], "summary": {"covered_lines": 0, "num_statements": 27, "percent_covered": 0.0, "percent_covered_display": "0", "missing_lines": 27, "excluded_lines": 0, "percent_statements_covered": 0.0, "percent_statements_covered_display": "0"}, "missing_lines": [105, 106, 107, 110, 111, 112, 113, 115, 116, 123, 135, 136, 137, 138, 139, 143, 144, 145, 146, 154, 162, 163, 172, 180, 188, 189, 191], "excluded_lines": [], "start_line": 104}, "DocumentAgent._generate_hrs": {"executed_lines": [], "summary": {"covered_lines": 0, "num_statements": 30, "percent_covered": 0.0, "percent_covered_display": "0", "missing_lines": 30, "excluded_lines": 0, "percent_statements_covered": 0.0, "percent_statements_covered_display": "0"}, "missing_lines": [203, 206, 208, 307, 312, 314, 367, 368, 372, 375, 376, 377, 378, 379, 380, 381, 382, 383, 384, 385, 386, 388, 389, 390, 393, 394, 395, 398, 399, 400], "excluded_lines": [], "start_line": 197}, "DocumentAgent._generate_hrs._generate_section": {"executed_lines": [], "summary": {"covered_lines": 0, "num_statements": 23, "percent_covered": 0.0, "percent_covered_display": "0", "missing_lines": 23, "excluded_lines": 0, "percent_statements_covered": 0.0, "percent_statements_covered_display": "0"}, "missing_lines": [322, 323, 324, 326, 327, 331, 335, 336, 337, 338, 339, 351, 353, 354, 355, 356, 357, 358, 359, 360, 361, 363, 364], "excluded_lines": [], "start_line": 314}, "DocumentAgent._load_file": {"executed_lines": [], "summary": {"covered_lines": 0, "num_statements": 3, "percent_covered": 0.0, "percent_covered_display": "0", "missing_lines": 3, "excluded_lines": 0, "percent_statements_covered": 0.0, "percent_statements_covered_display": "0"}, "missing_lines": [404, 405, 406], "excluded_lines": [], "start_line": 402}, "DocumentAgent._extract_requirements": {"executed_lines": [], "summary": {"covered_lines": 0, "num_statements": 9, "percent_covered": 0.0, "percent_covered_display": "0", "missing_lines": 9, "excluded_lines": 0, "percent_statements_covered": 0.0, "percent_statements_covered_display": "0"}, "missing_lines": [410, 411, 412, 413, 414, 415, 420, 421, 422], "excluded_lines": [], "start_line": 408}, "DocumentAgent._extract_components": {"executed_lines": [], "summary": {"covered_lines": 0, "num_statements": 3, "percent_covered": 0.0, "percent_covered_display": "0", "missing_lines": 3, "excluded_lines": 0, "percent_statements_covered": 0.0, "percent_statements_covered_display": "0"}, "missing_lines": [426, 427, 428], "excluded_lines": [], "start_line": 424}, "": {"executed_lines": [8, 9, 10, 11, 13, 14, 15, 17, 19, 89, 92, 101, 104, 197, 402, 408, 424], "summary": {"covered_lines": 17, "num_statements": 17, "percent_covered": 100.0, "percent_covered_display": "100", "missing_lines": 0, "excluded_lines": 0, "percent_statements_covered": 100.0, "percent_statements_covered_display": "100"}, "missing_lines": [], "excluded_lines": [], "start_line": 1}}, "classes": {"DocumentAgent": {"executed_lines": [], "summary": {"covered_lines": 0, "num_statements": 98, "percent_covered": 0.0, "percent_covered_display": "0", "missing_lines": 98, "excluded_lines": 0, "percent_statements_covered": 0.0, "percent_statements_covered_display": "0"}, "missing_lines": [93, 99, 102, 105, 106, 107, 110, 111, 112, 113, 115, 116, 123, 135, 136, 137, 138, 139, 143, 144, 145, 146, 154, 162, 163, 172, 180, 188, 189, 191, 203, 206, 208, 307, 312, 314, 322, 323, 324, 326, 327, 331, 335, 336, 337, 338, 339, 351, 353, 354, 355, 356, 357, 358, 359, 360, 361, 363, 364, 367, 368, 372, 375, 376, 377, 378, 379, 380, 381, 382, 383, 384, 385, 386, 388, 389, 390, 393, 394, 395, 398, 399, 400, 404, 405, 406, 410, 411, 412, 413, 414, 415, 420, 421, 422, 426, 427, 428], "excluded_lines": [], "start_line": 89}, "": {"executed_lines": [8, 9, 10, 11, 13, 14, 15, 17, 19, 89, 92, 101, 104, 197, 402, 408, 424], "summary": {"covered_lines": 17, "num_statements": 17, "percent_covered": 100.0, "percent_covered_display": "100", "missing_lines": 0, "excluded_lines": 0, "percent_statements_covered": 100.0, "percent_statements_covered_display": "100"}, "missing_lines": [], "excluded_lines": [], "start_line": 1}}}, "agents\\fpga_agent.py": {"executed_lines": [14, 15, 16, 17, 19, 20, 22, 28, 106, 172, 175, 184, 187, 340, 447, 1063], "summary": {"covered_lines": 16, "num_statements": 505, "percent_covered": 3.1683168316831685, "percent_covered_display": "3", "missing_lines": 489, "excluded_lines": 0, "percent_statements_covered": 3.1683168316831685, "percent_statements_covered_display": "3"}, "missing_lines": [176, 185, 188, 189, 190, 191, 194, 195, 196, 197, 198, 199, 201, 202, 203, 205, 245, 246, 251, 253, 254, 255, 256, 257, 261, 262, 263, 264, 265, 277, 278, 279, 280, 281, 282, 284, 286, 288, 289, 290, 291, 293, 294, 296, 297, 298, 300, 301, 302, 304, 305, 306, 309, 310, 311, 312, 314, 322, 323, 324, 325, 326, 327, 328, 330, 341, 342, 343, 344, 345, 346, 347, 348, 350, 360, 361, 364, 378, 379, 386, 387, 393, 396, 397, 398, 399, 407, 408, 409, 410, 411, 412, 413, 416, 441, 458, 459, 462, 463, 464, 465, 466, 467, 468, 471, 472, 473, 474, 475, 478, 479, 480, 481, 482, 483, 486, 500, 501, 509, 510, 517, 518, 524, 525, 531, 532, 538, 539, 544, 552, 564, 565, 573, 574, 575, 576, 577, 578, 579, 580, 581, 582, 583, 584, 585, 588, 589, 590, 591, 592, 595, 596, 597, 598, 599, 600, 601, 602, 603, 606, 607, 608, 609, 610, 611, 612, 613, 614, 615, 618, 619, 620, 621, 622, 623, 624, 625, 626, 627, 628, 629, 632, 633, 634, 635, 638, 639, 640, 641, 642, 645, 646, 647, 648, 649, 650, 651, 652, 653, 654, 655, 656, 657, 658, 659, 660, 661, 662, 663, 664, 667, 668, 669, 670, 671, 672, 673, 674, 675, 676, 677, 678, 679, 680, 681, 682, 683, 684, 685, 686, 687, 688, 689, 690, 691, 692, 693, 696, 697, 698, 699, 700, 701, 702, 703, 706, 707, 708, 709, 710, 711, 712, 713, 714, 715, 716, 717, 718, 719, 720, 721, 722, 723, 724, 725, 726, 727, 728, 729, 730, 731, 732, 734, 735, 736, 737, 738, 739, 740, 741, 742, 743, 744, 745, 746, 747, 748, 749, 750, 751, 752, 753, 754, 755, 756, 759, 760, 761, 762, 763, 764, 765, 766, 767, 768, 769, 770, 771, 772, 773, 774, 775, 776, 777, 778, 779, 780, 781, 782, 783, 784, 785, 786, 787, 788, 789, 790, 791, 792, 793, 794, 795, 796, 797, 798, 799, 800, 801, 802, 803, 804, 805, 806, 807, 810, 811, 812, 813, 814, 815, 818, 819, 820, 821, 822, 823, 824, 825, 826, 829, 830, 831, 832, 834, 835, 838, 839, 840, 841, 842, 843, 844, 845, 846, 847, 848, 849, 850, 851, 852, 853, 854, 855, 856, 857, 858, 859, 860, 861, 862, 863, 864, 865, 866, 867, 868, 869, 870, 871, 872, 873, 874, 875, 876, 877, 878, 879, 880, 881, 882, 883, 884, 885, 886, 887, 888, 889, 890, 891, 892, 893, 894, 895, 896, 897, 898, 899, 900, 901, 902, 903, 904, 905, 906, 907, 908, 909, 910, 911, 912, 913, 914, 915, 916, 917, 918, 919, 920, 921, 922, 923, 924, 925, 926, 927, 928, 929, 932, 950, 951, 957, 958, 974, 975, 981, 984, 985, 986, 987, 988, 989, 990, 992, 995, 996, 998, 1022, 1023, 1031, 1036, 1037, 1038, 1052, 1064, 1065, 1066, 1067, 1068, 1069], "excluded_lines": [], "functions": {"FpgaAgent.__init__": {"executed_lines": [], "summary": {"covered_lines": 0, "num_statements": 1, "percent_covered": 0.0, "percent_covered_display": "0", "missing_lines": 1, "excluded_lines": 0, "percent_statements_covered": 0.0, "percent_statements_covered_display": "0"}, "missing_lines": [176], "excluded_lines": [], "start_line": 175}, "FpgaAgent.get_system_prompt": {"executed_lines": [], "summary": {"covered_lines": 0, "num_statements": 1, "percent_covered": 0.0, "percent_covered_display": "0", "missing_lines": 1, "excluded_lines": 0, "percent_statements_covered": 0.0, "percent_statements_covered_display": "0"}, "missing_lines": [185], "excluded_lines": [], "start_line": 184}, "FpgaAgent.execute": {"executed_lines": [], "summary": {"covered_lines": 0, "num_statements": 63, "percent_covered": 0.0, "percent_covered_display": "0", "missing_lines": 63, "excluded_lines": 0, "percent_statements_covered": 0.0, "percent_statements_covered_display": "0"}, "missing_lines": [188, 189, 190, 191, 194, 195, 196, 197, 198, 199, 201, 202, 203, 205, 245, 246, 251, 253, 254, 255, 256, 257, 261, 262, 263, 264, 265, 277, 278, 279, 280, 281, 282, 284, 286, 288, 289, 290, 291, 293, 294, 296, 297, 298, 300, 301, 302, 304, 305, 306, 309, 310, 311, 312, 314, 322, 323, 324, 325, 326, 327, 328, 330], "excluded_lines": [], "start_line": 187}, "FpgaAgent._build_design_report": {"executed_lines": [], "summary": {"covered_lines": 0, "num_statements": 30, "percent_covered": 0.0, "percent_covered_display": "0", "missing_lines": 30, "excluded_lines": 0, "percent_statements_covered": 0.0, "percent_statements_covered_display": "0"}, "missing_lines": [341, 342, 343, 344, 345, 346, 347, 348, 350, 360, 361, 364, 378, 379, 386, 387, 393, 396, 397, 398, 399, 407, 408, 409, 410, 411, 412, 413, 416, 441], "excluded_lines": [], "start_line": 340}, "FpgaAgent._build_skeleton": {"executed_lines": [], "summary": {"covered_lines": 0, "num_statements": 388, "percent_covered": 0.0, "percent_covered_display": "0", "missing_lines": 388, "excluded_lines": 0, "percent_statements_covered": 0.0, "percent_statements_covered_display": "0"}, "missing_lines": [458, 459, 462, 463, 464, 465, 466, 467, 468, 471, 472, 473, 474, 475, 478, 479, 480, 481, 482, 483, 486, 500, 501, 509, 510, 517, 518, 524, 525, 531, 532, 538, 539, 544, 552, 564, 565, 573, 574, 575, 576, 577, 578, 579, 580, 581, 582, 583, 584, 585, 588, 589, 590, 591, 592, 595, 596, 597, 598, 599, 600, 601, 602, 603, 606, 607, 608, 609, 610, 611, 612, 613, 614, 615, 618, 619, 620, 621, 622, 623, 624, 625, 626, 627, 628, 629, 632, 633, 634, 635, 638, 639, 640, 641, 642, 645, 646, 647, 648, 649, 650, 651, 652, 653, 654, 655, 656, 657, 658, 659, 660, 661, 662, 663, 664, 667, 668, 669, 670, 671, 672, 673, 674, 675, 676, 677, 678, 679, 680, 681, 682, 683, 684, 685, 686, 687, 688, 689, 690, 691, 692, 693, 696, 697, 698, 699, 700, 701, 702, 703, 706, 707, 708, 709, 710, 711, 712, 713, 714, 715, 716, 717, 718, 719, 720, 721, 722, 723, 724, 725, 726, 727, 728, 729, 730, 731, 732, 734, 735, 736, 737, 738, 739, 740, 741, 742, 743, 744, 745, 746, 747, 748, 749, 750, 751, 752, 753, 754, 755, 756, 759, 760, 761, 762, 763, 764, 765, 766, 767, 768, 769, 770, 771, 772, 773, 774, 775, 776, 777, 778, 779, 780, 781, 782, 783, 784, 785, 786, 787, 788, 789, 790, 791, 792, 793, 794, 795, 796, 797, 798, 799, 800, 801, 802, 803, 804, 805, 806, 807, 810, 811, 812, 813, 814, 815, 818, 819, 820, 821, 822, 823, 824, 825, 826, 829, 830, 831, 832, 834, 835, 838, 839, 840, 841, 842, 843, 844, 845, 846, 847, 848, 849, 850, 851, 852, 853, 854, 855, 856, 857, 858, 859, 860, 861, 862, 863, 864, 865, 866, 867, 868, 869, 870, 871, 872, 873, 874, 875, 876, 877, 878, 879, 880, 881, 882, 883, 884, 885, 886, 887, 888, 889, 890, 891, 892, 893, 894, 895, 896, 897, 898, 899, 900, 901, 902, 903, 904, 905, 906, 907, 908, 909, 910, 911, 912, 913, 914, 915, 916, 917, 918, 919, 920, 921, 922, 923, 924, 925, 926, 927, 928, 929, 932, 950, 951, 957, 958, 974, 975, 981, 984, 985, 986, 987, 988, 989, 990, 992, 995, 996, 998, 1022, 1023, 1031, 1036, 1037, 1038, 1052], "excluded_lines": [], "start_line": 447}, "FpgaAgent._load_file": {"executed_lines": [], "summary": {"covered_lines": 0, "num_statements": 6, "percent_covered": 0.0, "percent_covered_display": "0", "missing_lines": 6, "excluded_lines": 0, "percent_statements_covered": 0.0, "percent_statements_covered_display": "0"}, "missing_lines": [1064, 1065, 1066, 1067, 1068, 1069], "excluded_lines": [], "start_line": 1063}, "": {"executed_lines": [14, 15, 16, 17, 19, 20, 22, 28, 106, 172, 175, 184, 187, 340, 447, 1063], "summary": {"covered_lines": 16, "num_statements": 16, "percent_covered": 100.0, "percent_covered_display": "100", "missing_lines": 0, "excluded_lines": 0, "percent_statements_covered": 100.0, "percent_statements_covered_display": "100"}, "missing_lines": [], "excluded_lines": [], "start_line": 1}}, "classes": {"FpgaAgent": {"executed_lines": [], "summary": {"covered_lines": 0, "num_statements": 489, "percent_covered": 0.0, "percent_covered_display": "0", "missing_lines": 489, "excluded_lines": 0, "percent_statements_covered": 0.0, "percent_statements_covered_display": "0"}, "missing_lines": [176, 185, 188, 189, 190, 191, 194, 195, 196, 197, 198, 199, 201, 202, 203, 205, 245, 246, 251, 253, 254, 255, 256, 257, 261, 262, 263, 264, 265, 277, 278, 279, 280, 281, 282, 284, 286, 288, 289, 290, 291, 293, 294, 296, 297, 298, 300, 301, 302, 304, 305, 306, 309, 310, 311, 312, 314, 322, 323, 324, 325, 326, 327, 328, 330, 341, 342, 343, 344, 345, 346, 347, 348, 350, 360, 361, 364, 378, 379, 386, 387, 393, 396, 397, 398, 399, 407, 408, 409, 410, 411, 412, 413, 416, 441, 458, 459, 462, 463, 464, 465, 466, 467, 468, 471, 472, 473, 474, 475, 478, 479, 480, 481, 482, 483, 486, 500, 501, 509, 510, 517, 518, 524, 525, 531, 532, 538, 539, 544, 552, 564, 565, 573, 574, 575, 576, 577, 578, 579, 580, 581, 582, 583, 584, 585, 588, 589, 590, 591, 592, 595, 596, 597, 598, 599, 600, 601, 602, 603, 606, 607, 608, 609, 610, 611, 612, 613, 614, 615, 618, 619, 620, 621, 622, 623, 624, 625, 626, 627, 628, 629, 632, 633, 634, 635, 638, 639, 640, 641, 642, 645, 646, 647, 648, 649, 650, 651, 652, 653, 654, 655, 656, 657, 658, 659, 660, 661, 662, 663, 664, 667, 668, 669, 670, 671, 672, 673, 674, 675, 676, 677, 678, 679, 680, 681, 682, 683, 684, 685, 686, 687, 688, 689, 690, 691, 692, 693, 696, 697, 698, 699, 700, 701, 702, 703, 706, 707, 708, 709, 710, 711, 712, 713, 714, 715, 716, 717, 718, 719, 720, 721, 722, 723, 724, 725, 726, 727, 728, 729, 730, 731, 732, 734, 735, 736, 737, 738, 739, 740, 741, 742, 743, 744, 745, 746, 747, 748, 749, 750, 751, 752, 753, 754, 755, 756, 759, 760, 761, 762, 763, 764, 765, 766, 767, 768, 769, 770, 771, 772, 773, 774, 775, 776, 777, 778, 779, 780, 781, 782, 783, 784, 785, 786, 787, 788, 789, 790, 791, 792, 793, 794, 795, 796, 797, 798, 799, 800, 801, 802, 803, 804, 805, 806, 807, 810, 811, 812, 813, 814, 815, 818, 819, 820, 821, 822, 823, 824, 825, 826, 829, 830, 831, 832, 834, 835, 838, 839, 840, 841, 842, 843, 844, 845, 846, 847, 848, 849, 850, 851, 852, 853, 854, 855, 856, 857, 858, 859, 860, 861, 862, 863, 864, 865, 866, 867, 868, 869, 870, 871, 872, 873, 874, 875, 876, 877, 878, 879, 880, 881, 882, 883, 884, 885, 886, 887, 888, 889, 890, 891, 892, 893, 894, 895, 896, 897, 898, 899, 900, 901, 902, 903, 904, 905, 906, 907, 908, 909, 910, 911, 912, 913, 914, 915, 916, 917, 918, 919, 920, 921, 922, 923, 924, 925, 926, 927, 928, 929, 932, 950, 951, 957, 958, 974, 975, 981, 984, 985, 986, 987, 988, 989, 990, 992, 995, 996, 998, 1022, 1023, 1031, 1036, 1037, 1038, 1052, 1064, 1065, 1066, 1067, 1068, 1069], "excluded_lines": [], "start_line": 172}, "": {"executed_lines": [14, 15, 16, 17, 19, 20, 22, 28, 106, 172, 175, 184, 187, 340, 447, 1063], "summary": {"covered_lines": 16, "num_statements": 16, "percent_covered": 100.0, "percent_covered_display": "100", "missing_lines": 0, "excluded_lines": 0, "percent_statements_covered": 100.0, "percent_statements_covered_display": "100"}, "missing_lines": [], "excluded_lines": [], "start_line": 1}}}, "agents\\git_agent.py": {"executed_lines": [17, 18, 19, 20, 21, 23, 25, 28, 31, 48, 107, 147, 186, 191, 211, 235, 250, 318], "summary": {"covered_lines": 18, "num_statements": 143, "percent_covered": 12.587412587412587, "percent_covered_display": "13", "missing_lines": 125, "excluded_lines": 0, "percent_statements_covered": 12.587412587412587, "percent_statements_covered_display": "13"}, "missing_lines": [32, 33, 35, 36, 37, 38, 39, 40, 41, 42, 59, 60, 67, 68, 72, 73, 75, 76, 77, 79, 80, 81, 82, 83, 90, 91, 99, 100, 101, 112, 114, 119, 120, 121, 122, 123, 124, 127, 128, 129, 132, 133, 135, 136, 137, 138, 139, 140, 141, 142, 143, 145, 153, 154, 155, 156, 157, 158, 161, 162, 164, 171, 172, 173, 174, 176, 177, 178, 179, 180, 181, 183, 184, 187, 188, 189, 192, 193, 196, 198, 205, 206, 207, 208, 209, 212, 213, 216, 218, 219, 220, 222, 223, 231, 232, 233, 236, 237, 238, 239, 240, 241, 242, 243, 244, 257, 258, 260, 261, 264, 267, 268, 269, 271, 273, 274, 275, 276, 301, 307, 308, 310, 311, 312, 319], "excluded_lines": [], "functions": {"GitAgent.__init__": {"executed_lines": [], "summary": {"covered_lines": 0, "num_statements": 10, "percent_covered": 0.0, "percent_covered_display": "0", "missing_lines": 10, "excluded_lines": 0, "percent_statements_covered": 0.0, "percent_statements_covered_display": "0"}, "missing_lines": [32, 33, 35, 36, 37, 38, 39, 40, 41, 42], "excluded_lines": [], "start_line": 31}, "GitAgent.commit_and_pr": {"executed_lines": [], "summary": {"covered_lines": 0, "num_statements": 19, "percent_covered": 0.0, "percent_covered_display": "0", "missing_lines": 19, "excluded_lines": 0, "percent_statements_covered": 0.0, "percent_statements_covered_display": "0"}, "missing_lines": [59, 60, 67, 68, 72, 73, 75, 76, 77, 79, 80, 81, 82, 83, 90, 91, 99, 100, 101], "excluded_lines": [], "start_line": 48}, "GitAgent._ensure_repo": {"executed_lines": [], "summary": {"covered_lines": 0, "num_statements": 23, "percent_covered": 0.0, "percent_covered_display": "0", "missing_lines": 23, "excluded_lines": 0, "percent_statements_covered": 0.0, "percent_statements_covered_display": "0"}, "missing_lines": [112, 114, 119, 120, 121, 122, 123, 124, 127, 128, 129, 132, 133, 135, 136, 137, 138, 139, 140, 141, 142, 143, 145], "excluded_lines": [], "start_line": 107}, "GitAgent._ensure_remote_base_branch": {"executed_lines": [], "summary": {"covered_lines": 0, "num_statements": 21, "percent_covered": 0.0, "percent_covered_display": "0", "missing_lines": 21, "excluded_lines": 0, "percent_statements_covered": 0.0, "percent_statements_covered_display": "0"}, "missing_lines": [153, 154, 155, 156, 157, 158, 161, 162, 164, 171, 172, 173, 174, 176, 177, 178, 179, 180, 181, 183, 184], "excluded_lines": [], "start_line": 147}, "GitAgent._make_branch_name": {"executed_lines": [], "summary": {"covered_lines": 0, "num_statements": 3, "percent_covered": 0.0, "percent_covered_display": "0", "missing_lines": 3, "excluded_lines": 0, "percent_statements_covered": 0.0, "percent_statements_covered_display": "0"}, "missing_lines": [187, 188, 189], "excluded_lines": [], "start_line": 186}, "GitAgent._create_branch": {"executed_lines": [], "summary": {"covered_lines": 0, "num_statements": 9, "percent_covered": 0.0, "percent_covered_display": "0", "missing_lines": 9, "excluded_lines": 0, "percent_statements_covered": 0.0, "percent_statements_covered_display": "0"}, "missing_lines": [192, 193, 196, 198, 205, 206, 207, 208, 209], "excluded_lines": [], "start_line": 191}, "GitAgent._stage_and_commit": {"executed_lines": [], "summary": {"covered_lines": 0, "num_statements": 11, "percent_covered": 0.0, "percent_covered_display": "0", "missing_lines": 11, "excluded_lines": 0, "percent_statements_covered": 0.0, "percent_statements_covered_display": "0"}, "missing_lines": [212, 213, 216, 218, 219, 220, 222, 223, 231, 232, 233], "excluded_lines": [], "start_line": 211}, "GitAgent._push_branch": {"executed_lines": [], "summary": {"covered_lines": 0, "num_statements": 9, "percent_covered": 0.0, "percent_covered_display": "0", "missing_lines": 9, "excluded_lines": 0, "percent_statements_covered": 0.0, "percent_statements_covered_display": "0"}, "missing_lines": [236, 237, 238, 239, 240, 241, 242, 243, 244], "excluded_lines": [], "start_line": 235}, "GitAgent._create_pr": {"executed_lines": [], "summary": {"covered_lines": 0, "num_statements": 19, "percent_covered": 0.0, "percent_covered_display": "0", "missing_lines": 19, "excluded_lines": 0, "percent_statements_covered": 0.0, "percent_statements_covered_display": "0"}, "missing_lines": [257, 258, 260, 261, 264, 267, 268, 269, 271, 273, 274, 275, 276, 301, 307, 308, 310, 311, 312], "excluded_lines": [], "start_line": 250}, "GitAgent.get_status": {"executed_lines": [], "summary": {"covered_lines": 0, "num_statements": 1, "percent_covered": 0.0, "percent_covered_display": "0", "missing_lines": 1, "excluded_lines": 0, "percent_statements_covered": 0.0, "percent_statements_covered_display": "0"}, "missing_lines": [319], "excluded_lines": [], "start_line": 318}, "": {"executed_lines": [17, 18, 19, 20, 21, 23, 25, 28, 31, 48, 107, 147, 186, 191, 211, 235, 250, 318], "summary": {"covered_lines": 18, "num_statements": 18, "percent_covered": 100.0, "percent_covered_display": "100", "missing_lines": 0, "excluded_lines": 0, "percent_statements_covered": 100.0, "percent_statements_covered_display": "100"}, "missing_lines": [], "excluded_lines": [], "start_line": 1}}, "classes": {"GitAgent": {"executed_lines": [], "summary": {"covered_lines": 0, "num_statements": 125, "percent_covered": 0.0, "percent_covered_display": "0", "missing_lines": 125, "excluded_lines": 0, "percent_statements_covered": 0.0, "percent_statements_covered_display": "0"}, "missing_lines": [32, 33, 35, 36, 37, 38, 39, 40, 41, 42, 59, 60, 67, 68, 72, 73, 75, 76, 77, 79, 80, 81, 82, 83, 90, 91, 99, 100, 101, 112, 114, 119, 120, 121, 122, 123, 124, 127, 128, 129, 132, 133, 135, 136, 137, 138, 139, 140, 141, 142, 143, 145, 153, 154, 155, 156, 157, 158, 161, 162, 164, 171, 172, 173, 174, 176, 177, 178, 179, 180, 181, 183, 184, 187, 188, 189, 192, 193, 196, 198, 205, 206, 207, 208, 209, 212, 213, 216, 218, 219, 220, 222, 223, 231, 232, 233, 236, 237, 238, 239, 240, 241, 242, 243, 244, 257, 258, 260, 261, 264, 267, 268, 269, 271, 273, 274, 275, 276, 301, 307, 308, 310, 311, 312, 319], "excluded_lines": [], "start_line": 28}, "": {"executed_lines": [17, 18, 19, 20, 21, 23, 25, 28, 31, 48, 107, 147, 186, 191, 211, 235, 250, 318], "summary": {"covered_lines": 18, "num_statements": 18, "percent_covered": 100.0, "percent_covered_display": "100", "missing_lines": 0, "excluded_lines": 0, "percent_statements_covered": 100.0, "percent_statements_covered_display": "100"}, "missing_lines": [], "excluded_lines": [], "start_line": 1}}}, "agents\\glr_agent.py": {"executed_lines": [9, 10, 11, 12, 14, 15, 17, 19, 480, 483, 491, 494, 621, 720], "summary": {"covered_lines": 14, "num_statements": 53, "percent_covered": 26.41509433962264, "percent_covered_display": "26", "missing_lines": 39, "excluded_lines": 0, "percent_statements_covered": 26.41509433962264, "percent_statements_covered_display": "26"}, "missing_lines": [484, 492, 495, 496, 497, 498, 501, 502, 503, 504, 505, 507, 539, 540, 541, 545, 548, 575, 576, 577, 579, 580, 588, 589, 591, 592, 595, 596, 599, 601, 606, 607, 608, 610, 612, 623, 721, 722, 723], "excluded_lines": [], "functions": {"GLRAgent.__init__": {"executed_lines": [], "summary": {"covered_lines": 0, "num_statements": 1, "percent_covered": 0.0, "percent_covered_display": "0", "missing_lines": 1, "excluded_lines": 0, "percent_statements_covered": 0.0, "percent_statements_covered_display": "0"}, "missing_lines": [484], "excluded_lines": [], "start_line": 483}, "GLRAgent.get_system_prompt": {"executed_lines": [], "summary": {"covered_lines": 0, "num_statements": 1, "percent_covered": 0.0, "percent_covered_display": "0", "missing_lines": 1, "excluded_lines": 0, "percent_statements_covered": 0.0, "percent_statements_covered_display": "0"}, "missing_lines": [492], "excluded_lines": [], "start_line": 491}, "GLRAgent.execute": {"executed_lines": [], "summary": {"covered_lines": 0, "num_statements": 33, "percent_covered": 0.0, "percent_covered_display": "0", "missing_lines": 33, "excluded_lines": 0, "percent_statements_covered": 0.0, "percent_statements_covered_display": "0"}, "missing_lines": [495, 496, 497, 498, 501, 502, 503, 504, 505, 507, 539, 540, 541, 545, 548, 575, 576, 577, 579, 580, 588, 589, 591, 592, 595, 596, 599, 601, 606, 607, 608, 610, 612], "excluded_lines": [], "start_line": 494}, "GLRAgent._fallback_template": {"executed_lines": [], "summary": {"covered_lines": 0, "num_statements": 1, "percent_covered": 0.0, "percent_covered_display": "0", "missing_lines": 1, "excluded_lines": 0, "percent_statements_covered": 0.0, "percent_statements_covered_display": "0"}, "missing_lines": [623], "excluded_lines": [], "start_line": 621}, "GLRAgent._load_file": {"executed_lines": [], "summary": {"covered_lines": 0, "num_statements": 3, "percent_covered": 0.0, "percent_covered_display": "0", "missing_lines": 3, "excluded_lines": 0, "percent_statements_covered": 0.0, "percent_statements_covered_display": "0"}, "missing_lines": [721, 722, 723], "excluded_lines": [], "start_line": 720}, "": {"executed_lines": [9, 10, 11, 12, 14, 15, 17, 19, 480, 483, 491, 494, 621, 720], "summary": {"covered_lines": 14, "num_statements": 14, "percent_covered": 100.0, "percent_covered_display": "100", "missing_lines": 0, "excluded_lines": 0, "percent_statements_covered": 100.0, "percent_statements_covered_display": "100"}, "missing_lines": [], "excluded_lines": [], "start_line": 1}}, "classes": {"GLRAgent": {"executed_lines": [], "summary": {"covered_lines": 0, "num_statements": 39, "percent_covered": 0.0, "percent_covered_display": "0", "missing_lines": 39, "excluded_lines": 0, "percent_statements_covered": 0.0, "percent_statements_covered_display": "0"}, "missing_lines": [484, 492, 495, 496, 497, 498, 501, 502, 503, 504, 505, 507, 539, 540, 541, 545, 548, 575, 576, 577, 579, 580, 588, 589, 591, 592, 595, 596, 599, 601, 606, 607, 608, 610, 612, 623, 721, 722, 723], "excluded_lines": [], "start_line": 480}, "": {"executed_lines": [9, 10, 11, 12, 14, 15, 17, 19, 480, 483, 491, 494, 621, 720], "summary": {"covered_lines": 14, "num_statements": 14, "percent_covered": 100.0, "percent_covered_display": "100", "missing_lines": 0, "excluded_lines": 0, "percent_statements_covered": 100.0, "percent_statements_covered_display": "100"}, "missing_lines": [], "excluded_lines": [], "start_line": 1}}}, "agents\\netlist_agent.py": {"executed_lines": [8, 9, 10, 12, 13, 14, 16, 18, 106, 250, 253, 267, 270, 607, 608, 800, 801, 834, 895, 927, 932, 1166], "summary": {"covered_lines": 22, "num_statements": 807, "percent_covered": 2.7261462205700124, "percent_covered_display": "3", "missing_lines": 785, "excluded_lines": 0, "percent_statements_covered": 2.7261462205700124, "percent_statements_covered_display": "3"}, "missing_lines": [254, 265, 268, 271, 272, 273, 276, 277, 278, 282, 284, 285, 295, 296, 297, 299, 304, 335, 340, 341, 346, 347, 350, 351, 352, 353, 355, 361, 364, 365, 366, 374, 375, 376, 386, 395, 400, 401, 402, 403, 404, 407, 408, 409, 412, 413, 420, 421, 422, 423, 424, 425, 429, 430, 431, 435, 436, 437, 439, 442, 448, 449, 450, 451, 452, 453, 454, 455, 457, 460, 462, 463, 464, 471, 472, 475, 476, 477, 478, 479, 480, 481, 486, 487, 488, 496, 497, 498, 499, 501, 502, 503, 504, 506, 510, 511, 515, 518, 522, 528, 534, 536, 537, 538, 539, 540, 541, 542, 543, 544, 545, 546, 547, 548, 549, 550, 551, 552, 553, 554, 555, 556, 557, 558, 560, 563, 565, 566, 567, 569, 570, 573, 574, 575, 576, 581, 582, 583, 584, 585, 586, 587, 594, 595, 596, 597, 598, 601, 628, 629, 630, 631, 633, 634, 637, 638, 640, 641, 645, 647, 648, 649, 652, 653, 655, 656, 658, 659, 660, 663, 664, 665, 670, 671, 673, 674, 675, 676, 677, 678, 680, 681, 682, 683, 690, 691, 694, 695, 696, 697, 703, 709, 710, 711, 712, 713, 714, 715, 716, 718, 719, 720, 723, 724, 725, 726, 727, 728, 729, 731, 732, 733, 737, 738, 739, 740, 741, 742, 743, 744, 750, 751, 754, 758, 759, 760, 761, 763, 764, 765, 766, 767, 775, 776, 777, 778, 779, 780, 788, 789, 790, 791, 793, 794, 795, 796, 797, 798, 806, 807, 810, 825, 826, 827, 828, 829, 830, 831, 832, 835, 848, 849, 851, 852, 853, 859, 860, 862, 863, 864, 865, 866, 867, 868, 869, 870, 871, 872, 873, 875, 882, 883, 884, 887, 888, 889, 890, 891, 893, 897, 898, 900, 901, 902, 903, 904, 910, 913, 915, 922, 923, 924, 925, 928, 929, 930, 936, 938, 939, 940, 941, 944, 945, 947, 948, 949, 950, 953, 954, 957, 958, 959, 962, 963, 964, 965, 966, 967, 968, 970, 971, 974, 977, 978, 979, 980, 981, 982, 983, 984, 985, 986, 987, 988, 989, 990, 991, 992, 993, 994, 995, 997, 1006, 1015, 1016, 1017, 1018, 1019, 1020, 1021, 1022, 1023, 1030, 1031, 1032, 1033, 1034, 1035, 1036, 1041, 1042, 1043, 1049, 1050, 1051, 1052, 1053, 1063, 1064, 1065, 1066, 1072, 1073, 1079, 1080, 1081, 1082, 1083, 1084, 1085, 1086, 1087, 1089, 1090, 1091, 1092, 1093, 1094, 1095, 1096, 1097, 1098, 1104, 1105, 1106, 1113, 1114, 1115, 1123, 1124, 1125, 1127, 1128, 1129, 1130, 1131, 1135, 1136, 1137, 1138, 1139, 1140, 1141, 1144, 1150, 1151, 1152, 1153, 1154, 1155, 1157, 1173, 1174, 1175, 1176, 1179, 1180, 1181, 1182, 1183, 1184, 1185, 1186, 1187, 1188, 1189, 1190, 1191, 1192, 1193, 1194, 1195, 1196, 1197, 1198, 1199, 1200, 1201, 1202, 1203, 1204, 1205, 1206, 1208, 1212, 1326, 1329, 1330, 1331, 1332, 1333, 1334, 1335, 1336, 1337, 1339, 1342, 1343, 1344, 1346, 1352, 1355, 1356, 1357, 1358, 1359, 1361, 1362, 1363, 1364, 1366, 1367, 1368, 1371, 1372, 1373, 1374, 1375, 1376, 1377, 1378, 1379, 1380, 1382, 1383, 1384, 1385, 1387, 1393, 1396, 1398, 1399, 1400, 1401, 1402, 1403, 1406, 1407, 1411, 1412, 1413, 1415, 1420, 1421, 1422, 1423, 1424, 1426, 1431, 1432, 1433, 1434, 1435, 1436, 1437, 1438, 1439, 1440, 1441, 1442, 1443, 1446, 1447, 1448, 1449, 1450, 1453, 1454, 1457, 1458, 1459, 1460, 1461, 1462, 1463, 1466, 1468, 1472, 1473, 1474, 1475, 1477, 1478, 1479, 1480, 1481, 1482, 1483, 1489, 1490, 1491, 1492, 1493, 1494, 1495, 1496, 1497, 1498, 1500, 1501, 1502, 1503, 1504, 1505, 1506, 1508, 1509, 1518, 1519, 1520, 1521, 1522, 1523, 1524, 1525, 1526, 1527, 1528, 1530, 1531, 1533, 1534, 1535, 1536, 1537, 1538, 1539, 1541, 1542, 1543, 1545, 1548, 1551, 1554, 1555, 1557, 1558, 1559, 1560, 1561, 1562, 1563, 1565, 1569, 1573, 1574, 1575, 1576, 1580, 1582, 1586, 1590, 1591, 1592, 1594, 1595, 1596, 1598, 1601, 1605, 1614, 1615, 1616, 1617, 1620, 1621, 1622, 1623, 1624, 1625, 1626, 1628, 1629, 1630, 1634, 1638, 1643, 1644, 1645, 1649, 1653, 1659, 1660, 1661, 1662, 1663, 1664, 1665, 1667, 1671, 1677, 1678, 1679, 1684, 1688, 1692, 1693, 1694, 1699, 1703, 1709, 1710, 1711, 1712, 1714, 1715, 1716, 1717, 1718, 1719, 1720, 1724, 1730, 1731, 1732, 1736, 1742, 1743, 1744, 1745, 1746, 1747, 1749, 1750, 1751, 1752, 1753, 1754, 1755, 1756, 1757, 1758, 1759, 1760, 1762, 1764, 1765, 1766, 1770, 1771, 1772, 1773, 1774, 1776, 1777, 1779, 1781, 1782, 1783, 1786, 1787, 1788, 1791, 1795, 1799, 1800, 1802, 1803, 1804, 1808, 1812, 1813, 1815, 1816, 1817, 1821, 1827, 1828, 1829, 1830, 1831, 1832, 1833, 1834, 1835, 1836, 1837, 1838, 1839, 1840, 1844, 1846, 1847, 1848, 1852, 1858, 1859, 1860, 1861, 1862, 1863, 1864, 1865, 1866, 1867, 1868, 1869, 1870, 1871, 1872, 1873, 1877, 1879, 1880, 1886], "excluded_lines": [], "functions": {"NetlistAgent.__init__": {"executed_lines": [], "summary": {"covered_lines": 0, "num_statements": 2, "percent_covered": 0.0, "percent_covered_display": "0", "missing_lines": 2, "excluded_lines": 0, "percent_statements_covered": 0.0, "percent_statements_covered_display": "0"}, "missing_lines": [254, 265], "excluded_lines": [], "start_line": 253}, "NetlistAgent.get_system_prompt": {"executed_lines": [], "summary": {"covered_lines": 0, "num_statements": 1, "percent_covered": 0.0, "percent_covered_display": "0", "missing_lines": 1, "excluded_lines": 0, "percent_statements_covered": 0.0, "percent_statements_covered_display": "0"}, "missing_lines": [268], "excluded_lines": [], "start_line": 267}, "NetlistAgent.execute": {"executed_lines": [], "summary": {"covered_lines": 0, "num_statements": 145, "percent_covered": 0.0, "percent_covered_display": "0", "missing_lines": 145, "excluded_lines": 0, "percent_statements_covered": 0.0, "percent_statements_covered_display": "0"}, "missing_lines": [271, 272, 273, 276, 277, 278, 282, 284, 285, 295, 296, 297, 299, 304, 335, 340, 341, 346, 347, 350, 351, 352, 353, 355, 361, 364, 365, 366, 374, 375, 376, 386, 395, 400, 401, 402, 403, 404, 407, 408, 409, 412, 413, 420, 421, 422, 423, 424, 425, 429, 430, 431, 435, 436, 437, 439, 442, 448, 449, 450, 451, 452, 453, 454, 455, 457, 460, 462, 463, 464, 471, 472, 475, 476, 477, 478, 479, 480, 481, 486, 487, 488, 496, 497, 498, 499, 501, 502, 503, 504, 506, 510, 511, 515, 518, 522, 528, 534, 536, 537, 538, 539, 540, 541, 542, 543, 544, 545, 546, 547, 548, 549, 550, 551, 552, 553, 554, 555, 556, 557, 558, 560, 563, 565, 566, 567, 569, 570, 573, 574, 575, 576, 581, 582, 583, 584, 585, 586, 587, 594, 595, 596, 597, 598, 601], "excluded_lines": [], "start_line": 270}, "NetlistAgent._enforce_power_ground_topology": {"executed_lines": [], "summary": {"covered_lines": 0, "num_statements": 86, "percent_covered": 0.0, "percent_covered_display": "0", "missing_lines": 86, "excluded_lines": 0, "percent_statements_covered": 0.0, "percent_statements_covered_display": "0"}, "missing_lines": [628, 629, 630, 631, 633, 634, 637, 640, 658, 663, 670, 671, 673, 674, 675, 676, 677, 678, 680, 681, 682, 683, 690, 691, 694, 695, 696, 697, 703, 709, 710, 711, 712, 713, 714, 715, 716, 718, 719, 720, 723, 724, 725, 726, 727, 728, 729, 731, 732, 733, 737, 738, 739, 740, 741, 742, 743, 744, 750, 751, 754, 758, 759, 760, 761, 763, 764, 765, 766, 767, 775, 776, 777, 778, 779, 780, 788, 789, 790, 791, 793, 794, 795, 796, 797, 798], "excluded_lines": [], "start_line": 608}, "NetlistAgent._enforce_power_ground_topology._ref_of": {"executed_lines": [], "summary": {"covered_lines": 0, "num_statements": 1, "percent_covered": 0.0, "percent_covered_display": "0", "missing_lines": 1, "excluded_lines": 0, "percent_statements_covered": 0.0, "percent_statements_covered_display": "0"}, "missing_lines": [638], "excluded_lines": [], "start_line": 637}, "NetlistAgent._enforce_power_ground_topology._role_of": {"executed_lines": [], "summary": {"covered_lines": 0, "num_statements": 9, "percent_covered": 0.0, "percent_covered_display": "0", "missing_lines": 9, "excluded_lines": 0, "percent_statements_covered": 0.0, "percent_statements_covered_display": "0"}, "missing_lines": [641, 645, 647, 648, 649, 652, 653, 655, 656], "excluded_lines": [], "start_line": 640}, "NetlistAgent._enforce_power_ground_topology._power_pin": {"executed_lines": [], "summary": {"covered_lines": 0, "num_statements": 2, "percent_covered": 0.0, "percent_covered_display": "0", "missing_lines": 2, "excluded_lines": 0, "percent_statements_covered": 0.0, "percent_statements_covered_display": "0"}, "missing_lines": [659, 660], "excluded_lines": [], "start_line": 658}, "NetlistAgent._enforce_power_ground_topology._gnd_pin": {"executed_lines": [], "summary": {"covered_lines": 0, "num_statements": 2, "percent_covered": 0.0, "percent_covered_display": "0", "missing_lines": 2, "excluded_lines": 0, "percent_statements_covered": 0.0, "percent_statements_covered_display": "0"}, "missing_lines": [664, 665], "excluded_lines": [], "start_line": 663}, "NetlistAgent._format_cascade_targets": {"executed_lines": [], "summary": {"covered_lines": 0, "num_statements": 11, "percent_covered": 0.0, "percent_covered_display": "0", "missing_lines": 11, "excluded_lines": 0, "percent_statements_covered": 0.0, "percent_statements_covered_display": "0"}, "missing_lines": [806, 807, 810, 825, 826, 827, 828, 829, 830, 831, 832], "excluded_lines": [], "start_line": 801}, "NetlistAgent._build_visual_md": {"executed_lines": [], "summary": {"covered_lines": 0, "num_statements": 30, "percent_covered": 0.0, "percent_covered_display": "0", "missing_lines": 30, "excluded_lines": 0, "percent_statements_covered": 0.0, "percent_statements_covered_display": "0"}, "missing_lines": [835, 848, 849, 851, 852, 853, 859, 860, 862, 863, 864, 865, 866, 867, 868, 869, 870, 871, 872, 873, 875, 882, 883, 884, 887, 888, 889, 890, 891, 893], "excluded_lines": [], "start_line": 834}, "NetlistAgent._validate_netlist": {"executed_lines": [], "summary": {"covered_lines": 0, "num_statements": 14, "percent_covered": 0.0, "percent_covered_display": "0", "missing_lines": 14, "excluded_lines": 0, "percent_statements_covered": 0.0, "percent_statements_covered_display": "0"}, "missing_lines": [897, 898, 900, 901, 902, 903, 904, 910, 913, 915, 922, 923, 924, 925], "excluded_lines": [], "start_line": 895}, "NetlistAgent._load_file": {"executed_lines": [], "summary": {"covered_lines": 0, "num_statements": 3, "percent_covered": 0.0, "percent_covered_display": "0", "missing_lines": 3, "excluded_lines": 0, "percent_statements_covered": 0.0, "percent_statements_covered_display": "0"}, "missing_lines": [928, 929, 930], "excluded_lines": [], "start_line": 927}, "NetlistAgent._build_netlist_from_bom": {"executed_lines": [], "summary": {"covered_lines": 0, "num_statements": 125, "percent_covered": 0.0, "percent_covered_display": "0", "missing_lines": 125, "excluded_lines": 0, "percent_statements_covered": 0.0, "percent_statements_covered_display": "0"}, "missing_lines": [936, 938, 939, 940, 941, 944, 945, 947, 948, 949, 950, 953, 954, 957, 958, 959, 962, 963, 964, 965, 966, 967, 968, 970, 971, 974, 977, 978, 979, 980, 981, 982, 983, 984, 985, 986, 987, 988, 989, 990, 991, 992, 993, 994, 995, 997, 1006, 1015, 1016, 1017, 1018, 1019, 1020, 1021, 1022, 1023, 1030, 1031, 1032, 1033, 1034, 1035, 1036, 1041, 1042, 1043, 1049, 1050, 1051, 1052, 1053, 1063, 1064, 1065, 1066, 1072, 1073, 1079, 1080, 1081, 1082, 1083, 1084, 1085, 1086, 1087, 1089, 1090, 1091, 1092, 1093, 1094, 1095, 1096, 1097, 1098, 1104, 1105, 1106, 1113, 1114, 1115, 1123, 1124, 1125, 1127, 1128, 1129, 1130, 1131, 1135, 1136, 1137, 1138, 1139, 1140, 1141, 1144, 1150, 1151, 1152, 1153, 1154, 1155, 1157], "excluded_lines": [], "start_line": 932}, "NetlistAgent._synthesize_schematic": {"executed_lines": [], "summary": {"covered_lines": 0, "num_statements": 354, "percent_covered": 0.0, "percent_covered_display": "0", "missing_lines": 354, "excluded_lines": 0, "percent_statements_covered": 0.0, "percent_statements_covered_display": "0"}, "missing_lines": [1173, 1174, 1175, 1176, 1179, 1180, 1181, 1182, 1183, 1184, 1185, 1186, 1187, 1188, 1189, 1190, 1191, 1192, 1193, 1194, 1195, 1196, 1197, 1198, 1199, 1200, 1201, 1202, 1203, 1204, 1205, 1206, 1208, 1212, 1326, 1329, 1330, 1331, 1332, 1333, 1334, 1335, 1336, 1337, 1339, 1342, 1343, 1344, 1346, 1352, 1355, 1356, 1357, 1358, 1359, 1361, 1362, 1363, 1364, 1366, 1367, 1368, 1371, 1372, 1373, 1374, 1375, 1376, 1377, 1378, 1379, 1380, 1382, 1383, 1384, 1385, 1387, 1393, 1396, 1398, 1399, 1400, 1401, 1402, 1403, 1406, 1407, 1411, 1412, 1413, 1415, 1420, 1421, 1422, 1423, 1424, 1426, 1431, 1432, 1433, 1434, 1435, 1436, 1437, 1438, 1439, 1440, 1441, 1442, 1443, 1446, 1447, 1448, 1449, 1450, 1453, 1454, 1457, 1458, 1459, 1460, 1461, 1462, 1463, 1466, 1468, 1472, 1473, 1474, 1475, 1477, 1478, 1479, 1480, 1481, 1482, 1483, 1489, 1490, 1491, 1492, 1493, 1494, 1495, 1496, 1497, 1498, 1500, 1501, 1502, 1503, 1504, 1505, 1506, 1508, 1509, 1518, 1519, 1520, 1521, 1522, 1523, 1524, 1525, 1526, 1527, 1528, 1530, 1531, 1533, 1534, 1535, 1536, 1537, 1538, 1539, 1541, 1542, 1543, 1545, 1548, 1551, 1554, 1555, 1557, 1558, 1559, 1560, 1561, 1562, 1563, 1565, 1569, 1573, 1574, 1575, 1576, 1580, 1582, 1586, 1590, 1591, 1592, 1594, 1595, 1596, 1598, 1601, 1605, 1614, 1615, 1616, 1617, 1620, 1621, 1622, 1623, 1624, 1625, 1626, 1628, 1629, 1630, 1634, 1638, 1643, 1644, 1645, 1649, 1653, 1659, 1660, 1661, 1662, 1663, 1664, 1665, 1667, 1671, 1677, 1678, 1679, 1684, 1688, 1692, 1693, 1694, 1699, 1703, 1709, 1710, 1711, 1712, 1714, 1715, 1716, 1717, 1718, 1719, 1720, 1724, 1730, 1731, 1732, 1736, 1742, 1743, 1744, 1745, 1746, 1747, 1749, 1750, 1751, 1752, 1753, 1754, 1755, 1756, 1757, 1758, 1759, 1760, 1762, 1764, 1765, 1766, 1770, 1771, 1772, 1773, 1774, 1776, 1777, 1779, 1781, 1782, 1783, 1786, 1787, 1788, 1791, 1795, 1799, 1800, 1802, 1803, 1804, 1808, 1812, 1813, 1815, 1816, 1817, 1821, 1827, 1828, 1829, 1830, 1831, 1832, 1833, 1834, 1835, 1836, 1837, 1838, 1839, 1840, 1844, 1846, 1847, 1848, 1852, 1858, 1859, 1860, 1861, 1862, 1863, 1864, 1865, 1866, 1867, 1868, 1869, 1870, 1871, 1872, 1873, 1877, 1879, 1880, 1886], "excluded_lines": [], "start_line": 1166}, "": {"executed_lines": [8, 9, 10, 12, 13, 14, 16, 18, 106, 250, 253, 267, 270, 607, 608, 800, 801, 834, 895, 927, 932, 1166], "summary": {"covered_lines": 22, "num_statements": 22, "percent_covered": 100.0, "percent_covered_display": "100", "missing_lines": 0, "excluded_lines": 0, "percent_statements_covered": 100.0, "percent_statements_covered_display": "100"}, "missing_lines": [], "excluded_lines": [], "start_line": 1}}, "classes": {"NetlistAgent": {"executed_lines": [], "summary": {"covered_lines": 0, "num_statements": 785, "percent_covered": 0.0, "percent_covered_display": "0", "missing_lines": 785, "excluded_lines": 0, "percent_statements_covered": 0.0, "percent_statements_covered_display": "0"}, "missing_lines": [254, 265, 268, 271, 272, 273, 276, 277, 278, 282, 284, 285, 295, 296, 297, 299, 304, 335, 340, 341, 346, 347, 350, 351, 352, 353, 355, 361, 364, 365, 366, 374, 375, 376, 386, 395, 400, 401, 402, 403, 404, 4
[...]
nes": [], "summary": {"covered_lines": 0, "num_statements": 11, "percent_covered": 0.0, "percent_covered_display": "0", "missing_lines": 11, "excluded_lines": 0, "percent_statements_covered": 0.0, "percent_statements_covered_display": "0"}, "missing_lines": [211, 213, 219, 220, 222, 223, 224, 225, 226, 227, 229], "excluded_lines": [], "start_line": 194}, "WebScraperTool._ensure_digikey_token": {"executed_lines": [], "summary": {"covered_lines": 0, "num_statements": 16, "percent_covered": 0.0, "percent_covered_display": "0", "missing_lines": 16, "excluded_lines": 0, "percent_statements_covered": 0.0, "percent_statements_covered_display": "0"}, "missing_lines": [233, 236, 237, 238, 240, 241, 243, 252, 253, 255, 256, 257, 261, 263, 264, 265], "excluded_lines": [], "start_line": 231}, "WebScraperTool._parse_digikey_pricing": {"executed_lines": [], "summary": {"covered_lines": 0, "num_statements": 13, "percent_covered": 0.0, "percent_covered_display": "0", "missing_lines": 13, "excluded_lines": 0, "percent_statements_covered": 0.0, "percent_statements_covered_display": "0"}, "missing_lines": [269, 270, 272, 274, 275, 276, 277, 279, 280, 281, 282, 283, 284], "excluded_lines": [], "start_line": 267}, "WebScraperTool._parse_mouser_pricing": {"executed_lines": [], "summary": {"covered_lines": 0, "num_statements": 11, "percent_covered": 0.0, "percent_covered_display": "0", "missing_lines": 11, "excluded_lines": 0, "percent_statements_covered": 0.0, "percent_statements_covered_display": "0"}, "missing_lines": [288, 289, 291, 293, 294, 295, 296, 297, 298, 299, 300], "excluded_lines": [], "start_line": 286}, "": {"executed_lines": [8, 9, 10, 12, 14, 15, 17, 20, 29, 34, 114, 194, 231, 267, 286], "summary": {"covered_lines": 15, "num_statements": 15, "percent_covered": 100.0, "percent_covered_display": "100", "missing_lines": 0, "excluded_lines": 0, "percent_statements_covered": 100.0, "percent_statements_covered_display": "100"}, "missing_lines": [], "excluded_lines": [], "start_line": 1}}, "classes": {"WebScraperTool": {"executed_lines": [], "summary": {"covered_lines": 0, "num_statements": 110, "percent_covered": 0.0, "percent_covered_display": "0", "missing_lines": 110, "excluded_lines": 0, "percent_statements_covered": 0.0, "percent_statements_covered_display": "0"}, "missing_lines": [30, 31, 32, 51, 52, 53, 55, 57, 59, 61, 66, 72, 77, 78, 81, 82, 84, 86, 87, 88, 89, 90, 92, 102, 104, 105, 107, 108, 109, 110, 111, 112, 131, 132, 133, 135, 136, 137, 142, 152, 158, 159, 162, 163, 165, 167, 168, 169, 170, 172, 182, 184, 185, 187, 188, 189, 190, 191, 192, 211, 213, 219, 220, 222, 223, 224, 225, 226, 227, 229, 233, 236, 237, 238, 240, 241, 243, 252, 253, 255, 256, 257, 261, 263, 264, 265, 269, 270, 272, 274, 275, 276, 277, 279, 280, 281, 282, 283, 284, 288, 289, 291, 293, 294, 295, 296, 297, 298, 299, 300], "excluded_lines": [], "start_line": 20}, "": {"executed_lines": [8, 9, 10, 12, 14, 15, 17, 20, 29, 34, 114, 194, 231, 267, 286], "summary": {"covered_lines": 15, "num_statements": 15, "percent_covered": 100.0, "percent_covered_display": "100", "missing_lines": 0, "excluded_lines": 0, "percent_statements_covered": 100.0, "percent_statements_covered_display": "100"}, "missing_lines": [], "excluded_lines": [], "start_line": 1}}}, "update_pptx.py": {"executed_lines": [], "summary": {"covered_lines": 0, "num_statements": 130, "percent_covered": 0.0, "percent_covered_display": "0", "missing_lines": 130, "excluded_lines": 11, "percent_statements_covered": 0.0, "percent_statements_covered_display": "0"}, "missing_lines": [11, 12, 13, 14, 15, 16, 17, 18, 19, 20, 21, 22, 23, 25, 28, 29, 31, 34, 37, 40, 41, 42, 43, 44, 45, 46, 47, 48, 51, 53, 54, 55, 56, 59, 60, 61, 62, 63, 66, 67, 68, 69, 70, 71, 73, 75, 76, 77, 80, 82, 83, 84, 85, 86, 89, 91, 92, 93, 94, 97, 98, 99, 100, 101, 102, 103, 106, 107, 108, 109, 110, 113, 114, 115, 116, 117, 120, 121, 122, 123, 124, 125, 128, 130, 131, 132, 133, 136, 137, 138, 139, 140, 141, 144, 146, 147, 148, 149, 150, 153, 155, 156, 157, 158, 159, 160, 161, 162, 163, 166, 168, 169, 170, 171, 173, 174, 175, 177, 178, 179, 182, 183, 184, 185, 186, 189, 190, 191, 192, 194], "excluded_lines": [196, 197, 198, 199, 200, 201, 203, 204, 205, 206, 208], "functions": {"update_pptx": {"executed_lines": [], "summary": {"covered_lines": 0, "num_statements": 116, "percent_covered": 0.0, "percent_covered_display": "0", "missing_lines": 116, "excluded_lines": 0, "percent_statements_covered": 0.0, "percent_statements_covered_display": "0"}, "missing_lines": [28, 29, 31, 34, 37, 40, 41, 42, 43, 44, 45, 46, 47, 48, 51, 53, 54, 55, 56, 59, 60, 61, 62, 63, 66, 67, 68, 69, 70, 71, 73, 75, 76, 77, 80, 82, 83, 84, 85, 86, 89, 91, 92, 93, 94, 97, 98, 99, 100, 101, 102, 103, 106, 107, 108, 109, 110, 113, 114, 115, 116, 117, 120, 121, 122, 123, 124, 125, 128, 130, 131, 132, 133, 136, 137, 138, 139, 140, 141, 144, 146, 147, 148, 149, 150, 153, 155, 156, 157, 158, 159, 160, 161, 162, 163, 166, 168, 169, 170, 171, 173, 174, 175, 177, 178, 179, 182, 183, 184, 185, 186, 189, 190, 191, 192, 194], "excluded_lines": [], "start_line": 25}, "": {"executed_lines": [], "summary": {"covered_lines": 0, "num_statements": 14, "percent_covered": 0.0, "percent_covered_display": "0", "missing_lines": 14, "excluded_lines": 11, "percent_statements_covered": 0.0, "percent_statements_covered_display": "0"}, "missing_lines": [11, 12, 13, 14, 15, 16, 17, 18, 19, 20, 21, 22, 23, 25], "excluded_lines": [196, 197, 198, 199, 200, 201, 203, 204, 205, 206, 208], "start_line": 1}}, "classes": {"": {"executed_lines": [], "summary": {"covered_lines": 0, "num_statements": 130, "percent_covered": 0.0, "percent_covered_display": "0", "missing_lines": 130, "excluded_lines": 11, "percent_statements_covered": 0.0, "percent_statements_covered_display": "0"}, "missing_lines": [11, 12, 13, 14, 15, 16, 17, 18, 19, 20, 21, 22, 23, 25, 28, 29, 31, 34, 37, 40, 41, 42, 43, 44, 45, 46, 47, 48, 51, 53, 54, 55, 56, 59, 60, 61, 62, 63, 66, 67, 68, 69, 70, 71, 73, 75, 76, 77, 80, 82, 83, 84, 85, 86, 89, 91, 92, 93, 94, 97, 98, 99, 100, 101, 102, 103, 106, 107, 108, 109, 110, 113, 114, 115, 116, 117, 120, 121, 122, 123, 124, 125, 128, 130, 131, 132, 133, 136, 137, 138, 139, 140, 141, 144, 146, 147, 148, 149, 150, 153, 155, 156, 157, 158, 159, 160, 161, 162, 163, 166, 168, 169, 170, 171, 173, 174, 175, 177, 178, 179, 182, 183, 184, 185, 186, 189, 190, 191, 192, 194], "excluded_lines": [196, 197, 198, 199, 200, 201, 203, 204, 205, 206, 208], "start_line": 1}}}, "update_pptx_safe.py": {"executed_lines": [], "summary": {"covered_lines": 0, "num_statements": 40, "percent_covered": 0.0, "percent_covered_display": "0", "missing_lines": 40, "excluded_lines": 9, "percent_statements_covered": 0.0, "percent_statements_covered_display": "0"}, "missing_lines": [5, 6, 8, 9, 10, 11, 12, 13, 14, 16, 19, 20, 21, 22, 24, 27, 71, 72, 74, 75, 76, 78, 79, 81, 82, 84, 87, 88, 89, 92, 93, 94, 95, 97, 98, 99, 102, 103, 104, 106], "excluded_lines": [108, 109, 110, 111, 113, 114, 115, 116, 118], "functions": {"safe_update_pptx": {"executed_lines": [], "summary": {"covered_lines": 0, "num_statements": 30, "percent_covered": 0.0, "percent_covered_display": "0", "missing_lines": 30, "excluded_lines": 0, "percent_statements_covered": 0.0, "percent_statements_covered_display": "0"}, "missing_lines": [19, 20, 21, 22, 24, 27, 71, 72, 74, 75, 76, 78, 79, 81, 82, 84, 87, 88, 89, 92, 93, 94, 95, 97, 98, 99, 102, 103, 104, 106], "excluded_lines": [], "start_line": 16}, "": {"executed_lines": [], "summary": {"covered_lines": 0, "num_statements": 10, "percent_covered": 0.0, "percent_covered_display": "0", "missing_lines": 10, "excluded_lines": 9, "percent_statements_covered": 0.0, "percent_statements_covered_display": "0"}, "missing_lines": [5, 6, 8, 9, 10, 11, 12, 13, 14, 16], "excluded_lines": [108, 109, 110, 111, 113, 114, 115, 116, 118], "start_line": 1}}, "classes": {"": {"executed_lines": [], "summary": {"covered_lines": 0, "num_statements": 40, "percent_covered": 0.0, "percent_covered_display": "0", "missing_lines": 40, "excluded_lines": 9, "percent_statements_covered": 0.0, "percent_statements_covered_display": "0"}, "missing_lines": [5, 6, 8, 9, 10, 11, 12, 13, 14, 16, 19, 20, 21, 22, 24, 27, 71, 72, 74, 75, 76, 78, 79, 81, 82, 84, 87, 88, 89, 92, 93, 94, 95, 97, 98, 99, 102, 103, 104, 106], "excluded_lines": [108, 109, 110, 111, 113, 114, 115, 116, 118], "start_line": 1}}}, "validators\\__init__.py": {"executed_lines": [], "summary": {"covered_lines": 0, "num_statements": 3, "percent_covered": 0.0, "percent_covered_display": "0", "missing_lines": 3, "excluded_lines": 0, "percent_statements_covered": 0.0, "percent_statements_covered_display": "0"}, "missing_lines": [3, 4, 6], "excluded_lines": [], "functions": {"": {"executed_lines": [], "summary": {"covered_lines": 0, "num_statements": 3, "percent_covered": 0.0, "percent_covered_display": "0", "missing_lines": 3, "excluded_lines": 0, "percent_statements_covered": 0.0, "percent_statements_covered_display": "0"}, "missing_lines": [3, 4, 6], "excluded_lines": [], "start_line": 1}}, "classes": {"": {"executed_lines": [], "summary": {"covered_lines": 0, "num_statements": 3, "percent_covered": 0.0, "percent_covered_display": "0", "missing_lines": 3, "excluded_lines": 0, "percent_statements_covered": 0.0, "percent_statements_covered_display": "0"}, "missing_lines": [3, 4, 6], "excluded_lines": [], "start_line": 1}}}, "validators\\ieee_validator.py": {"executed_lines": [], "summary": {"covered_lines": 0, "num_statements": 63, "percent_covered": 0.0, "percent_covered_display": "0", "missing_lines": 63, "excluded_lines": 0, "percent_statements_covered": 0.0, "percent_statements_covered_display": "0"}, "missing_lines": [8, 9, 10, 12, 15, 16, 17, 18, 19, 20, 21, 22, 23, 27, 35, 42, 53, 55, 58, 60, 63, 65, 68, 72, 73, 74, 75, 77, 79, 80, 81, 82, 83, 84, 86, 89, 90, 91, 92, 94, 96, 97, 98, 99, 102, 103, 105, 107, 118, 120, 121, 122, 123, 125, 126, 127, 129, 130, 131, 133, 134, 135, 137], "excluded_lines": [], "functions": {"validate_hrs": {"executed_lines": [], "summary": {"covered_lines": 0, "num_statements": 1, "percent_covered": 0.0, "percent_covered_display": "0", "missing_lines": 1, "excluded_lines": 0, "percent_statements_covered": 0.0, "percent_statements_covered_display": "0"}, "missing_lines": [55], "excluded_lines": [], "start_line": 53}, "validate_srs": {"executed_lines": [], "summary": {"covered_lines": 0, "num_statements": 1, "percent_covered": 0.0, "percent_covered_display": "0", "missing_lines": 1, "excluded_lines": 0, "percent_statements_covered": 0.0, "percent_statements_covered_display": "0"}, "missing_lines": [60], "excluded_lines": [], "start_line": 58}, "validate_sdd": {"executed_lines": [], "summary": {"covered_lines": 0, "num_statements": 1, "percent_covered": 0.0, "percent_covered_display": "0", "missing_lines": 1, "excluded_lines": 0, "percent_statements_covered": 0.0, "percent_statements_covered_display": "0"}, "missing_lines": [65], "excluded_lines": [], "start_line": 63}, "_validate_document": {"executed_lines": [], "summary": {"covered_lines": 0, "num_statements": 25, "percent_covered": 0.0, "percent_covered_display": "0", "missing_lines": 25, "excluded_lines": 0, "percent_statements_covered": 0.0, "percent_statements_covered_display": "0"}, "missing_lines": [72, 73, 74, 75, 77, 79, 80, 81, 82, 83, 84, 86, 89, 90, 91, 92, 94, 96, 97, 98, 99, 102, 103, 105, 107], "excluded_lines": [], "start_line": 68}, "validate_all": {"executed_lines": [], "summary": {"covered_lines": 0, "num_statements": 14, "percent_covered": 0.0, "percent_covered_display": "0", "missing_lines": 14, "excluded_lines": 0, "percent_statements_covered": 0.0, "percent_statements_covered_display": "0"}, "missing_lines": [120, 121, 122, 123, 125, 126, 127, 129, 130, 131, 133, 134, 135, 137], "excluded_lines": [], "start_line": 118}, "": {"executed_lines": [], "summary": {"covered_lines": 0, "num_statements": 21, "percent_covered": 0.0, "percent_covered_display": "0", "missing_lines": 21, "excluded_lines": 0, "percent_statements_covered": 0.0, "percent_statements_covered_display": "0"}, "missing_lines": [8, 9, 10, 12, 15, 16, 17, 18, 19, 20, 21, 22, 23, 27, 35, 42, 53, 58, 63, 68, 118], "excluded_lines": [], "start_line": 1}}, "classes": {"ValidationResult": {"executed_lines": [], "summary": {"covered_lines": 0, "num_statements": 0, "percent_covered": 100.0, "percent_covered_display": "100", "missing_lines": 0, "excluded_lines": 0, "percent_statements_covered": 100.0, "percent_statements_covered_display": "100"}, "missing_lines": [], "excluded_lines": [], "start_line": 16}, "": {"executed_lines": [], "summary": {"covered_lines": 0, "num_statements": 63, "percent_covered": 0.0, "percent_covered_display": "0", "missing_lines": 63, "excluded_lines": 0, "percent_statements_covered": 0.0, "percent_statements_covered_display": "0"}, "missing_lines": [8, 9, 10, 12, 15, 16, 17, 18, 19, 20, 21, 22, 23, 27, 35, 42, 53, 55, 58, 60, 63, 65, 68, 72, 73, 74, 75, 77, 79, 80, 81, 82, 83, 84, 86, 89, 90, 91, 92, 94, 96, 97, 98, 99, 102, 103, 105, 107, 118, 120, 121, 122, 123, 125, 126, 127, 129, 130, 131, 133, 134, 135, 137], "excluded_lines": [], "start_line": 1}}}, "validators\\netlist_validator.py": {"executed_lines": [], "summary": {"covered_lines": 0, "num_statements": 79, "percent_covered": 0.0, "percent_covered_display": "0", "missing_lines": 79, "excluded_lines": 0, "percent_statements_covered": 0.0, "percent_statements_covered_display": "0"}, "missing_lines": [3, 4, 6, 8, 9, 10, 11, 12, 13, 16, 19, 20, 21, 22, 23, 25, 27, 28, 29, 31, 32, 35, 38, 39, 40, 41, 42, 44, 52, 54, 55, 57, 59, 60, 62, 63, 70, 72, 74, 75, 77, 78, 79, 80, 81, 82, 83, 85, 87, 88, 90, 91, 92, 93, 95, 97, 98, 100, 101, 102, 104, 106, 108, 110, 113, 115, 117, 118, 120, 121, 122, 123, 125, 131, 132, 134, 135, 137, 138], "excluded_lines": [], "functions": {"NetlistValidator.__init__": {"executed_lines": [], "summary": {"covered_lines": 0, "num_statements": 4, "percent_covered": 0.0, "percent_covered_display": "0", "missing_lines": 4, "excluded_lines": 0, "percent_statements_covered": 0.0, "percent_statements_covered_display": "0"}, "missing_lines": [20, 21, 22, 23], "excluded_lines": [], "start_line": 19}, "NetlistValidator.validate": {"executed_lines": [], "summary": {"covered_lines": 0, "num_statements": 12, "percent_covered": 0.0, "percent_covered_display": "0", "missing_lines": 12, "excluded_lines": 0, "percent_statements_covered": 0.0, "percent_statements_covered_display": "0"}, "missing_lines": [27, 28, 29, 31, 32, 35, 38, 39, 40, 41, 42, 44], "excluded_lines": [], "start_line": 25}, "NetlistValidator._build_graph": {"executed_lines": [], "summary": {"covered_lines": 0, "num_statements": 8, "percent_covered": 0.0, "percent_covered_display": "0", "missing_lines": 8, "excluded_lines": 0, "percent_statements_covered": 0.0, "percent_statements_covered_display": "0"}, "missing_lines": [54, 55, 57, 59, 60, 62, 63, 70], "excluded_lines": [], "start_line": 52}, "NetlistValidator._check_cycles": {"executed_lines": [], "summary": {"covered_lines": 0, "num_statements": 9, "percent_covered": 0.0, "percent_covered_display": "0", "missing_lines": 9, "excluded_lines": 0, "percent_statements_covered": 0.0, "percent_statements_covered_display": "0"}, "missing_lines": [74, 75, 77, 78, 79, 80, 81, 82, 83], "excluded_lines": [], "start_line": 72}, "NetlistValidator._check_isolated_nodes": {"executed_lines": [], "summary": {"covered_lines": 0, "num_statements": 6, "percent_covered": 0.0, "percent_covered_display": "0", "missing_lines": 6, "excluded_lines": 0, "percent_statements_covered": 0.0, "percent_statements_covered_display": "0"}, "missing_lines": [87, 88, 90, 91, 92, 93], "excluded_lines": [], "start_line": 85}, "NetlistValidator._check_connectivity": {"executed_lines": [], "summary": {"covered_lines": 0, "num_statements": 5, "percent_covered": 0.0, "percent_covered_display": "0", "missing_lines": 5, "excluded_lines": 0, "percent_statements_covered": 0.0, "percent_statements_covered_display": "0"}, "missing_lines": [97, 98, 100, 101, 102], "excluded_lines": [], "start_line": 95}, "NetlistValidator._check_pin_compatibility": {"executed_lines": [], "summary": {"covered_lines": 0, "num_statements": 2, "percent_covered": 0.0, "percent_covered_display": "0", "missing_lines": 2, "excluded_lines": 0, "percent_statements_covered": 0.0, "percent_statements_covered_display": "0"}, "missing_lines": [106, 108], "excluded_lines": [], "start_line": 104}, "NetlistValidator._check_power_domains": {"executed_lines": [], "summary": {"covered_lines": 0, "num_statements": 1, "percent_covered": 0.0, "percent_covered_display": "0", "missing_lines": 1, "excluded_lines": 0, "percent_statements_covered": 0.0, "percent_statements_covered_display": "0"}, "missing_lines": [113], "excluded_lines": [], "start_line": 110}, "NetlistValidator._get_stats": {"executed_lines": [], "summary": {"covered_lines": 0, "num_statements": 7, "percent_covered": 0.0, "percent_covered_display": "0", "missing_lines": 7, "excluded_lines": 0, "percent_statements_covered": 0.0, "percent_statements_covered_display": "0"}, "missing_lines": [117, 118, 120, 121, 122, 123, 125], "excluded_lines": [], "start_line": 115}, "NetlistValidator._add_error": {"executed_lines": [], "summary": {"covered_lines": 0, "num_statements": 1, "percent_covered": 0.0, "percent_covered_display": "0", "missing_lines": 1, "excluded_lines": 0, "percent_statements_covered": 0.0, "percent_statements_covered_display": "0"}, "missing_lines": [132], "excluded_lines": [], "start_line": 131}, "NetlistValidator._add_warning": {"executed_lines": [], "summary": {"covered_lines": 0, "num_statements": 1, "percent_covered": 0.0, "percent_covered_display": "0", "missing_lines": 1, "excluded_lines": 0, "percent_statements_covered": 0.0, "percent_statements_covered_display": "0"}, "missing_lines": [135], "excluded_lines": [], "start_line": 134}, "NetlistValidator._add_info": {"executed_lines": [], "summary": {"covered_lines": 0, "num_statements": 1, "percent_covered": 0.0, "percent_covered_display": "0", "missing_lines": 1, "excluded_lines": 0, "percent_statements_covered": 0.0, "percent_statements_covered_display": "0"}, "missing_lines": [138], "excluded_lines": [], "start_line": 137}, "": {"executed_lines": [], "summary": {"covered_lines": 0, "num_statements": 22, "percent_covered": 0.0, "percent_covered_display": "0", "missing_lines": 22, "excluded_lines": 0, "percent_statements_covered": 0.0, "percent_statements_covered_display": "0"}, "missing_lines": [3, 4, 6, 8, 9, 10, 11, 12, 13, 16, 19, 25, 52, 72, 85, 95, 104, 110, 115, 131, 134, 137], "excluded_lines": [], "start_line": 1}}, "classes": {"NetlistValidator": {"executed_lines": [], "summary": {"covered_lines": 0, "num_statements": 57, "percent_covered": 0.0, "percent_covered_display": "0", "missing_lines": 57, "excluded_lines": 0, "percent_statements_covered": 0.0, "percent_statements_covered_display": "0"}, "missing_lines": [20, 21, 22, 23, 27, 28, 29, 31, 32, 35, 38, 39, 40, 41, 42, 44, 54, 55, 57, 59, 60, 62, 63, 70, 74, 75, 77, 78, 79, 80, 81, 82, 83, 87, 88, 90, 91, 92, 93, 97, 98, 100, 101, 102, 106, 108, 113, 117, 118, 120, 121, 122, 123, 125, 132, 135, 138], "excluded_lines": [], "start_line": 16}, "": {"executed_lines": [], "summary": {"covered_lines": 0, "num_statements": 22, "percent_covered": 0.0, "percent_covered_display": "0", "missing_lines": 22, "excluded_lines": 0, "percent_statements_covered": 0.0, "percent_statements_covered_display": "0"}, "missing_lines": [3, 4, 6, 8, 9, 10, 11, 12, 13, 16, 19, 25, 52, 72, 85, 95, 104, 110, 115, 131, 134, 137], "excluded_lines": [], "start_line": 1}}}}, "totals": {"covered_lines": 1701, "num_statements": 13897, "percent_covered": 12.24005180974311, "percent_covered_display": "12", "missing_lines": 12196, "excluded_lines": 66, "percent_statements_covered": 12.24005180974311, "percent_statements_covered_display": "12"}}