{"meta": {"format": 3, "version": "7.13.4", "timestamp": "2026-03-26T23:37:41.179424", "branch_coverage": false, "show_contexts": false}, "files": {"agents\\__init__.py": {"executed_lines": [], "summary": {"covered_lines": 0, "num_statements": 3, "percent_covered": 0.0, "percent_covered_display": "0", "missing_lines": 3, "excluded_lines": 0, "percent_statements_covered": 0.0, "percent_statements_covered_display": "0"}, "missing_lines": [1, 2, 4], "excluded_lines": [], "functions": {"": {"executed_lines": [], "summary": {"covered_lines": 0, "num_statements": 3, "percent_covered": 0.0, "percent_covered_display": "0", "missing_lines": 3, "excluded_lines": 0, "percent_statements_covered": 0.0, "percent_statements_covered_display": "0"}, "missing_lines": [1, 2, 4], "excluded_lines": [], "start_line": 1}}, "classes": {"": {"executed_lines": [], "summary": {"covered_lines": 0, "num_statements": 3, "percent_covered": 0.0, "percent_covered_display": "0", "missing_lines": 3, "excluded_lines": 0, "percent_statements_covered": 0.0, "percent_statements_covered_display": "0"}, "missing_lines": [1, 2, 4], "excluded_lines": [], "start_line": 1}}}, "agents\\base_agent.py": {"executed_lines": [], "summary": {"covered_lines": 0, "num_statements": 192, "percent_covered": 0.0, "percent_covered_display": "0", "missing_lines": 192, "excluded_lines": 17, "percent_statements_covered": 0.0, "percent_statements_covered_display": "0"}, "missing_lines": [11, 12, 13, 14, 16, 17, 18, 20, 22, 25, 36, 45, 46, 47, 48, 49, 50, 53, 54, 55, 60, 61, 62, 66, 69, 70, 71, 92, 106, 107, 108, 109, 112, 114, 115, 116, 117, 120, 121, 122, 123, 129, 130, 131, 136, 137, 138, 139, 144, 146, 147, 148, 153, 155, 159, 169, 170, 171, 172, 173, 174, 175, 177, 179, 180, 182, 191, 192, 194, 199, 200, 201, 202, 204, 207, 208, 210, 211, 212, 213, 214, 220, 230, 244, 245, 248, 249, 250, 251, 254, 255, 256, 265, 270, 271, 272, 274, 276, 277, 279, 280, 282, 283, 284, 285, 286, 287, 288, 295, 301, 303, 314, 322, 324, 325, 326, 327, 329, 330, 339, 340, 342, 352, 365, 366, 369, 374, 379, 380, 381, 382, 384, 386, 387, 388, 389, 390, 391, 392, 398, 408, 419, 420, 422, 423, 424, 425, 427, 428, 437, 438, 440, 441, 448, 468, 469, 470, 471, 472, 474, 475, 480, 483, 484, 485, 489, 490, 491, 492, 493, 499, 502, 503, 504, 505, 506, 507, 508, 513, 514, 515, 522, 529, 533, 534, 535, 536, 539, 540, 542, 547, 549], "excluded_lines": [73, 74, 75, 76, 77, 78, 79, 80, 81, 82, 83, 84, 85, 87, 88, 89, 90], "functions": {"BaseAgent.__init__": {"executed_lines": [], "summary": {"covered_lines": 0, "num_statements": 16, "percent_covered": 0.0, "percent_covered_display": "0", "missing_lines": 16, "excluded_lines": 0, "percent_statements_covered": 0.0, "percent_statements_covered_display": "0"}, "missing_lines": [45, 46, 47, 48, 49, 50, 53, 54, 55, 60, 61, 62, 66, 69, 70, 71], "excluded_lines": [], "start_line": 36}, "BaseAgent.execute": {"executed_lines": [], "summary": {"covered_lines": 0, "num_statements": 0, "percent_covered": 100.0, "percent_covered_display": "100", "missing_lines": 0, "excluded_lines": 11, "percent_statements_covered": 100.0, "percent_statements_covered_display": "100"}, "missing_lines": [], "excluded_lines": [75, 76, 77, 78, 79, 80, 81, 82, 83, 84, 85], "start_line": 74}, "BaseAgent.get_system_prompt": {"executed_lines": [], "summary": {"covered_lines": 0, "num_statements": 0, "percent_covered": 100.0, "percent_covered_display": "100", "missing_lines": 0, "excluded_lines": 2, "percent_statements_covered": 100.0, "percent_statements_covered_display": "100"}, "missing_lines": [], "excluded_lines": [89, 90], "start_line": 88}, "BaseAgent.call_llm": {"executed_lines": [], "summary": {"covered_lines": 0, "num_statements": 26, "percent_covered": 0.0, "percent_covered_display": "0", "missing_lines": 26, "excluded_lines": 0, "percent_statements_covered": 0.0, "percent_statements_covered_display": "0"}, "missing_lines": [106, 107, 108, 109, 112, 114, 115, 116, 117, 120, 121, 122, 123, 129, 130, 131, 136, 137, 138, 139, 144, 146, 147, 148, 153, 155], "excluded_lines": [], "start_line": 92}, "BaseAgent._call_model": {"executed_lines": [], "summary": {"covered_lines": 0, "num_statements": 10, "percent_covered": 0.0, "percent_covered_display": "0", "missing_lines": 10, "excluded_lines": 0, "percent_statements_covered": 0.0, "percent_statements_covered_display": "0"}, "missing_lines": [169, 170, 171, 172, 173, 174, 175, 177, 179, 180], "excluded_lines": [], "start_line": 159}, "BaseAgent._call_anthropic": {"executed_lines": [], "summary": {"covered_lines": 0, "num_statements": 16, "percent_covered": 0.0, "percent_covered_display": "0", "missing_lines": 16, "excluded_lines": 0, "percent_statements_covered": 0.0, "percent_statements_covered_display": "0"}, "missing_lines": [191, 192, 194, 199, 200, 201, 202, 204, 207, 208, 210, 211, 212, 213, 214, 220], "excluded_lines": [], "start_line": 182}, "BaseAgent._call_deepseek": {"executed_lines": [], "summary": {"covered_lines": 0, "num_statements": 28, "percent_covered": 0.0, "percent_covered_display": "0", "missing_lines": 28, "excluded_lines": 0, "percent_statements_covered": 0.0, "percent_statements_covered_display": "0"}, "missing_lines": [244, 245, 248, 249, 250, 251, 254, 255, 256, 265, 270, 271, 272, 274, 276, 277, 279, 280, 282, 283, 284, 285, 286, 287, 288, 295, 301, 303], "excluded_lines": [], "start_line": 230}, "BaseAgent._call_ollama": {"executed_lines": [], "summary": {"covered_lines": 0, "num_statements": 10, "percent_covered": 0.0, "percent_covered_display": "0", "missing_lines": 10, "excluded_lines": 0, "percent_statements_covered": 0.0, "percent_statements_covered_display": "0"}, "missing_lines": [322, 324, 325, 326, 327, 329, 330, 339, 340, 342], "excluded_lines": [], "start_line": 314}, "BaseAgent._call_glm_anthropic": {"executed_lines": [], "summary": {"covered_lines": 0, "num_statements": 17, "percent_covered": 0.0, "percent_covered_display": "0", "missing_lines": 17, "excluded_lines": 0, "percent_statements_covered": 0.0, "percent_statements_covered_display": "0"}, "missing_lines": [365, 366, 369, 374, 379, 380, 381, 382, 384, 386, 387, 388, 389, 390, 391, 392, 398], "excluded_lines": [], "start_line": 352}, "BaseAgent._call_glm": {"executed_lines": [], "summary": {"covered_lines": 0, "num_statements": 12, "percent_covered": 0.0, "percent_covered_display": "0", "missing_lines": 12, "excluded_lines": 0, "percent_statements_covered": 0.0, "percent_statements_covered_display": "0"}, "missing_lines": [419, 420, 422, 423, 424, 425, 427, 428, 437, 438, 440, 441], "excluded_lines": [], "start_line": 408}, "BaseAgent.call_llm_with_tools": {"executed_lines": [], "summary": {"covered_lines": 0, "num_statements": 35, "percent_covered": 0.0, "percent_covered_display": "0", "missing_lines": 35, "excluded_lines": 0, "percent_statements_covered": 0.0, "percent_statements_covered_display": "0"}, "missing_lines": [468, 469, 470, 471, 472, 474, 475, 480, 483, 484, 485, 489, 490, 491, 492, 493, 499, 502, 503, 504, 505, 506, 507, 508, 513, 514, 515, 522, 529, 533, 534, 535, 536, 539, 540], "excluded_lines": [], "start_line": 448}, "BaseAgent.log": {"executed_lines": [], "summary": {"covered_lines": 0, "num_statements": 2, "percent_covered": 0.0, "percent_covered_display": "0", "missing_lines": 2, "excluded_lines": 0, "percent_statements_covered": 0.0, "percent_statements_covered_display": "0"}, "missing_lines": [547, 549], "excluded_lines": [], "start_line": 542}, "": {"executed_lines": [], "summary": {"covered_lines": 0, "num_statements": 20, "percent_covered": 0.0, "percent_covered_display": "0", "missing_lines": 20, "excluded_lines": 4, "percent_statements_covered": 0.0, "percent_statements_covered_display": "0"}, "missing_lines": [11, 12, 13, 14, 16, 17, 18, 20, 22, 25, 36, 92, 159, 182, 230, 314, 352, 408, 448, 542], "excluded_lines": [73, 74, 87, 88], "start_line": 1}}, "classes": {"BaseAgent": {"executed_lines": [], "summary": {"covered_lines": 0, "num_statements": 172, "percent_covered": 0.0, "percent_covered_display": "0", "missing_lines": 172, "excluded_lines": 13, "percent_statements_covered": 0.0, "percent_statements_covered_display": "0"}, "missing_lines": [45, 46, 47, 48, 49, 50, 53, 54, 55, 60, 61, 62, 66, 69, 70, 71, 106, 107, 108, 109, 112, 114, 115, 116, 117, 120, 121, 122, 123, 129, 130, 131, 136, 137, 138, 139, 144, 146, 147, 148, 153, 155, 169, 170, 171, 172, 173, 174, 175, 177, 179, 180, 191, 192, 194, 199, 200, 201, 202, 204, 207, 208, 210, 211, 212, 213, 214, 220, 244, 245, 248, 249, 250, 251, 254, 255, 256, 265, 270, 271, 272, 274, 276, 277, 279, 280, 282, 283, 284, 285, 286, 287, 288, 295, 301, 303, 322, 324, 325, 326, 327, 329, 330, 339, 340, 342, 365, 366, 369, 374, 379, 380, 381, 382, 384, 386, 387, 388, 389, 390, 391, 392, 398, 419, 420, 422, 423, 424, 425, 427, 428, 437, 438, 440, 441, 468, 469, 470, 471, 472, 474, 475, 480, 483, 484, 485, 489, 490, 491, 492, 493, 499, 502, 503, 504, 505, 506, 507, 508, 513, 514, 515, 522, 529, 533, 534, 535, 536, 539, 540, 547, 549], "excluded_lines": [75, 76, 77, 78, 79, 80, 81, 82, 83, 84, 85, 89, 90], "start_line": 25}, "": {"executed_lines": [], "summary": {"covered_lines": 0, "num_statements": 20, "percent_covered": 0.0, "percent_covered_display": "0", "missing_lines": 20, "excluded_lines": 4, "percent_statements_covered": 0.0, "percent_statements_covered_display": "0"}, "missing_lines": [11, 12, 13, 14, 16, 17, 18, 20, 22, 25, 36, 92, 159, 182, 230, 314, 352, 408, 448, 542], "excluded_lines": [73, 74, 87, 88], "start_line": 1}}}, "agents\\code_agent.py": {"executed_lines": [], "summary": {"covered_lines": 0, "num_statements": 324, "percent_covered": 0.0, "percent_covered_display": "0", "missing_lines": 324, "excluded_lines": 0, "percent_statements_covered": 0.0, "percent_statements_covered_display": "0"}, "missing_lines": [9, 10, 11, 12, 14, 15, 16, 17, 18, 19, 22, 23, 24, 25, 26, 28, 30, 75, 78, 79, 85, 86, 87, 88, 89, 90, 92, 94, 95, 97, 98, 99, 100, 103, 104, 105, 107, 108, 115, 116, 118, 125, 127, 128, 129, 130, 133, 134, 138, 141, 146, 147, 148, 151, 152, 153, 158, 159, 160, 161, 162, 165, 166, 202, 203, 206, 207, 208, 209, 210, 211, 212, 215, 216, 217, 218, 219, 221, 225, 226, 227, 228, 233, 234, 240, 241, 242, 244, 245, 246, 248, 257, 269, 272, 273, 276, 280, 281, 286, 287, 298, 329, 330, 340, 341, 342, 343, 344, 345, 347, 349, 361, 362, 363, 364, 366, 374, 375, 376, 379, 380, 381, 382, 383, 384, 385, 386, 391, 393, 394, 395, 397, 400, 401, 402, 404, 405, 406, 407, 409, 410, 412, 414, 415, 416, 418, 419, 420, 421, 422, 423, 425, 426, 431, 432, 433, 434, 435, 436, 439, 440, 441, 444, 445, 446, 447, 449, 450, 451, 452, 454, 459, 460, 461, 462, 463, 465, 466, 467, 468, 469, 471, 472, 473, 474, 475, 477, 478, 479, 480, 481, 483, 484, 485, 487, 488, 489, 490, 491, 492, 493, 494, 495, 497, 498, 500, 501, 502, 503, 504, 505, 506, 507, 508, 509, 510, 511, 512, 513, 514, 516, 518, 519, 520, 525, 542, 543, 560, 562, 671, 673, 674, 676, 677, 681, 682, 684, 685, 686, 693, 694, 696, 697, 698, 705, 706, 708, 709, 710, 716, 718, 720, 721, 723, 724, 725, 728, 729, 731, 732, 740, 741, 743, 744, 745, 746, 747, 748, 750, 751, 752, 754, 756, 769, 770, 771, 772, 773, 774, 775, 777, 779, 781, 787, 789, 795, 797, 799, 802, 803, 809, 828, 830, 831, 832, 834, 836, 852, 853, 858, 859, 860, 862, 864, 880, 885, 887, 889, 890, 891, 894, 895, 896, 898, 899, 901, 902, 903, 904, 906, 908, 909, 910, 911], "excluded_lines": [], "functions": {"CodeAgent.__init__": {"executed_lines": [], "summary": {"covered_lines": 0, "num_statements": 8, "percent_covered": 0.0, "percent_covered_display": "0", "missing_lines": 8, "excluded_lines": 0, "percent_statements_covered": 0.0, "percent_statements_covered_display": "0"}, "missing_lines": [79, 85, 86, 87, 88, 89, 90, 92], "excluded_lines": [], "start_line": 78}, "CodeAgent.get_system_prompt": {"executed_lines": [], "summary": {"covered_lines": 0, "num_statements": 1, "percent_covered": 0.0, "percent_covered_display": "0", "missing_lines": 1, "excluded_lines": 0, "percent_statements_covered": 0.0, "percent_statements_covered_display": "0"}, "missing_lines": [95], "excluded_lines": [], "start_line": 94}, "CodeAgent.execute": {"executed_lines": [], "summary": {"covered_lines": 0, "num_statements": 61, "percent_covered": 0.0, "percent_covered_display": "0", "missing_lines": 61, "excluded_lines": 0, "percent_statements_covered": 0.0, "percent_statements_covered_display": "0"}, "missing_lines": [98, 99, 100, 103, 104, 105, 107, 108, 115, 116, 118, 125, 127, 128, 129, 130, 133, 134, 138, 141, 146, 147, 148, 151, 152, 153, 158, 159, 160, 161, 162, 165, 166, 202, 203, 206, 207, 208, 209, 210, 211, 212, 215, 216, 217, 218, 219, 221, 225, 226, 227, 228, 233, 234, 240, 241, 242, 244, 245, 246, 248], "excluded_lines": [], "start_line": 97}, "CodeAgent._generate_enhanced_review": {"executed_lines": [], "summary": {"covered_lines": 0, "num_statements": 18, "percent_covered": 0.0, "percent_covered_display": "0", "missing_lines": 18, "excluded_lines": 0, "percent_statements_covered": 0.0, "percent_statements_covered_display": "0"}, "missing_lines": [269, 272, 273, 276, 280, 281, 286, 287, 298, 329, 330, 340, 341, 342, 343, 344, 345, 347], "excluded_lines": [], "start_line": 257}, "CodeAgent._validate_ci_workflow": {"executed_lines": [], "summary": {"covered_lines": 0, "num_statements": 110, "percent_covered": 0.0, "percent_covered_display": "0", "missing_lines": 110, "excluded_lines": 0, "percent_statements_covered": 0.0, "percent_statements_covered_display": "0"}, "missing_lines": [361, 362, 363, 364, 366, 374, 375, 376, 379, 380, 381, 382, 383, 384, 385, 386, 391, 393, 394, 395, 397, 400, 401, 402, 404, 405, 406, 407, 409, 410, 412, 414, 415, 416, 418, 419, 420, 421, 422, 423, 425, 426, 431, 432, 433, 434, 435, 436, 439, 440, 441, 444, 445, 446, 447, 449, 450, 451, 452, 454, 459, 460, 461, 462, 463, 465, 466, 467, 468, 469, 471, 472, 473, 474, 475, 477, 478, 479, 480, 481, 483, 484, 485, 487, 488, 489, 490, 491, 492, 493, 494, 495, 497, 498, 500, 501, 502, 503, 504, 505, 506, 507, 508, 509, 510, 511, 512, 513, 514, 516], "excluded_lines": [], "start_line": 349}, "CodeAgent._build_git_summary": {"executed_lines": [], "summary": {"covered_lines": 0, "num_statements": 5, "percent_covered": 0.0, "percent_covered_display": "0", "missing_lines": 5, "excluded_lines": 0, "percent_statements_covered": 0.0, "percent_statements_covered_display": "0"}, "missing_lines": [519, 520, 525, 542, 543], "excluded_lines": [], "start_line": 518}, "CodeAgent._build_github_ci_workflow": {"executed_lines": [], "summary": {"covered_lines": 0, "num_statements": 1, "percent_covered": 0.0, "percent_covered_display": "0", "missing_lines": 1, "excluded_lines": 0, "percent_statements_covered": 0.0, "percent_statements_covered_display": "0"}, "missing_lines": [562], "excluded_lines": [], "start_line": 560}, "CodeAgent._extract_components": {"executed_lines": [], "summary": {"covered_lines": 0, "num_statements": 20, "percent_covered": 0.0, "percent_covered_display": "0", "missing_lines": 20, "excluded_lines": 0, "percent_statements_covered": 0.0, "percent_statements_covered_display": "0"}, "missing_lines": [673, 674, 676, 677, 681, 682, 684, 685, 686, 693, 694, 696, 697, 698, 705, 706, 708, 709, 710, 716], "excluded_lines": [], "start_line": 671}, "CodeAgent._extract_registers": {"executed_lines": [], "summary": {"covered_lines": 0, "num_statements": 30, "percent_covered": 0.0, "percent_covered_display": "0", "missing_lines": 30, "excluded_lines": 0, "percent_statements_covered": 0.0, "percent_statements_covered_display": "0"}, "missing_lines": [720, 721, 723, 724, 725, 728, 729, 731, 732, 740, 741, 743, 744, 745, 746, 747, 748, 750, 751, 752, 754, 756, 769, 770, 771, 772, 773, 774, 775, 777], "excluded_lines": [], "start_line": 718}, "CodeAgent._default_components": {"executed_lines": [], "summary": {"covered_lines": 0, "num_statements": 1, "percent_covered": 0.0, "percent_covered_display": "0", "missing_lines": 1, "excluded_lines": 0, "percent_statements_covered": 0.0, "percent_statements_covered_display": "0"}, "missing_lines": [781], "excluded_lines": [], "start_line": 779}, "CodeAgent._default_registers": {"executed_lines": [], "summary": {"covered_lines": 0, "num_statements": 1, "percent_covered": 0.0, "percent_covered_display": "0", "missing_lines": 1, "excluded_lines": 0, "percent_statements_covered": 0.0, "percent_statements_covered_display": "0"}, "missing_lines": [789], "excluded_lines": [], "start_line": 787}, "CodeAgent._generate_review_report": {"executed_lines": [], "summary": {"covered_lines": 0, "num_statements": 9, "percent_covered": 0.0, "percent_covered_display": "0", "missing_lines": 9, "excluded_lines": 0, "percent_statements_covered": 0.0, "percent_statements_covered_display": "0"}, "missing_lines": [797, 799, 802, 803, 809, 828, 830, 831, 832], "excluded_lines": [], "start_line": 795}, "CodeAgent._llm_review": {"executed_lines": [], "summary": {"covered_lines": 0, "num_statements": 6, "percent_covered": 0.0, "percent_covered_display": "0", "missing_lines": 6, "excluded_lines": 0, "percent_statements_covered": 0.0, "percent_statements_covered_display": "0"}, "missing_lines": [836, 852, 853, 858, 859, 860], "excluded_lines": [], "start_line": 834}, "CodeAgent._generate_review": {"executed_lines": [], "summary": {"covered_lines": 0, "num_statements": 3, "percent_covered": 0.0, "percent_covered_display": "0", "missing_lines": 3, "excluded_lines": 0, "percent_statements_covered": 0.0, "percent_statements_covered_display": "0"}, "missing_lines": [864, 880, 885], "excluded_lines": [], "start_line": 862}, "CodeAgent._parse_and_save_files": {"executed_lines": [], "summary": {"covered_lines": 0, "num_statements": 13, "percent_covered": 0.0, "percent_covered_display": "0", "missing_lines": 13, "excluded_lines": 0, "percent_statements_covered": 0.0, "percent_statements_covered_display": "0"}, "missing_lines": [889, 890, 891, 894, 895, 896, 898, 899, 901, 902, 903, 904, 906], "excluded_lines": [], "start_line": 887}, "CodeAgent._load_file": {"executed_lines": [], "summary": {"covered_lines": 0, "num_statements": 3, "percent_covered": 0.0, "percent_covered_display": "0", "missing_lines": 3, "excluded_lines": 0, "percent_statements_covered": 0.0, "percent_statements_covered_display": "0"}, "missing_lines": [909, 910, 911], "excluded_lines": [], "start_line": 908}, "": {"executed_lines": [], "summary": {"covered_lines": 0, "num_statements": 34, "percent_covered": 0.0, "percent_covered_display": "0", "missing_lines": 34, "excluded_lines": 0, "percent_statements_covered": 0.0, "percent_statements_covered_display": "0"}, "missing_lines": [9, 10, 11, 12, 14, 15, 16, 17, 18, 19, 22, 23, 24, 25, 26, 28, 30, 75, 78, 94, 97, 257, 349, 518, 560, 671, 718, 779, 787, 795, 834, 862, 887, 908], "excluded_lines": [], "start_line": 1}}, "classes": {"CodeAgent": {"executed_lines": [], "summary": {"covered_lines": 0, "num_statements": 290, "percent_covered": 0.0, "percent_covered_display": "0", "missing_lines": 290, "excluded_lines": 0, "percent_statements_covered": 0.0, "percent_statements_covered_display": "0"}, "missing_lines": [79, 85, 86, 87, 88, 89, 90, 92, 95, 98, 99, 100, 103, 104, 105, 107, 108, 115, 116, 118, 125, 127, 128, 129, 130, 133, 134, 138, 141, 146, 147, 148, 151, 152, 153, 158, 159, 160, 161, 162, 165, 166, 202, 203, 206, 207, 208, 209, 210, 211, 212, 215, 216, 217, 218, 219, 221, 225, 226, 227, 228, 233, 234, 240, 241, 242, 244, 245, 246, 248, 269, 272, 273, 276, 280, 281, 286, 287, 298, 329, 330, 340, 341, 342, 343, 344, 345, 347, 361, 362, 363, 364, 366, 374, 375, 376, 379, 380, 381, 382, 383, 384, 385, 386, 391, 393, 394, 395, 397, 400, 401, 402, 404, 405, 406, 407, 409, 410, 412, 414, 415, 416, 418, 419, 420, 421, 422, 423, 425, 426, 431, 432, 433, 434, 435, 436, 439, 440, 441, 444, 445, 446, 447, 449, 450, 451, 452, 454, 459, 460, 461, 462, 463, 465, 466, 467, 468, 469, 471, 472, 473, 474, 475, 477, 478, 479, 480, 481, 483, 484, 485, 487, 488, 489, 490, 491, 492, 493, 494, 495, 497, 498, 500, 501, 502, 503, 504, 505, 506, 507, 508, 509, 510, 511, 512, 513, 514, 516, 519, 520, 525, 542, 543, 562, 673, 674, 676, 677, 681, 682, 684, 685, 686, 693, 694, 696, 697, 698, 705, 706, 708, 709, 710, 716, 720, 721, 723, 724, 725, 728, 729, 731, 732, 740, 741, 743, 744, 745, 746, 747, 748, 750, 751, 752, 754, 756, 769, 770, 771, 772, 773, 774, 775, 777, 781, 789, 797, 799, 802, 803, 809, 828, 830, 831, 832, 836, 852, 853, 858, 859, 860, 864, 880, 885, 889, 890, 891, 894, 895, 896, 898, 899, 901, 902, 903, 904, 906, 909, 910, 911], "excluded_lines": [], "start_line": 75}, "": {"executed_lines": [], "summary": {"covered_lines": 0, "num_statements": 34, "percent_covered": 0.0, "percent_covered_display": "0", "missing_lines": 34, "excluded_lines": 0, "percent_statements_covered": 0.0, "percent_statements_covered_display": "0"}, "missing_lines": [9, 10, 11, 12, 14, 15, 16, 17, 18, 19, 22, 23, 24, 25, 26, 28, 30, 75, 78, 94, 97, 257, 349, 518, 560, 671, 718, 779, 787, 795, 834, 862, 887, 908], "excluded_lines": [], "start_line": 1}}}, "agents\\compliance_agent.py": {"executed_lines": [], "summary": {"covered_lines": 0, "num_statements": 42, "percent_covered": 0.0, "percent_covered_display": "0", "missing_lines": 42, "excluded_lines": 0, "percent_statements_covered": 0.0, "percent_statements_covered_display": "0"}, "missing_lines": [8, 9, 11, 12, 13, 15, 17, 42, 45, 46, 53, 54, 56, 57, 58, 59, 62, 63, 64, 65, 68, 69, 70, 71, 73, 74, 80, 97, 102, 105, 106, 108, 110, 113, 114, 115, 121, 122, 123, 127, 128, 130], "excluded_lines": [], "functions": {"ComplianceAgent.__init__": {"executed_lines": [], "summary": {"covered_lines": 0, "num_statements": 1, "percent_covered": 0.0, "percent_covered_display": "0", "missing_lines": 1, "excluded_lines": 0, "percent_statements_covered": 0.0, "percent_statements_covered_display": "0"}, "missing_lines": [46], "excluded_lines": [], "start_line": 45}, "ComplianceAgent.get_system_prompt": {"executed_lines": [], "summary": {"covered_lines": 0, "num_statements": 1, "percent_covered": 0.0, "percent_covered_display": "0", "missing_lines": 1, "excluded_lines": 0, "percent_statements_covered": 0.0, "percent_statements_covered_display": "0"}, "missing_lines": [54], "excluded_lines": [], "start_line": 53}, "ComplianceAgent.execute": {"executed_lines": [], "summary": {"covered_lines": 0, "num_statements": 29, "percent_covered": 0.0, "percent_covered_display": "0", "missing_lines": 29, "excluded_lines": 0, "percent_statements_covered": 0.0, "percent_statements_covered_display": "0"}, "missing_lines": [57, 58, 59, 62, 63, 64, 65, 68, 69, 70, 71, 73, 74, 80, 97, 102, 105, 106, 108, 110, 113, 114, 115, 121, 122, 123, 127, 128, 130], "excluded_lines": [], "start_line": 56}, "": {"executed_lines": [], "summary": {"covered_lines": 0, "num_statements": 11, "percent_covered": 0.0, "percent_covered_display": "0", "missing_lines": 11, "excluded_lines": 0, "percent_statements_covered": 0.0, "percent_statements_covered_display": "0"}, "missing_lines": [8, 9, 11, 12, 13, 15, 17, 42, 45, 53, 56], "excluded_lines": [], "start_line": 1}}, "classes": {"ComplianceAgent": {"executed_lines": [], "summary": {"covered_lines": 0, "num_statements": 31, "percent_covered": 0.0, "percent_covered_display": "0", "missing_lines": 31, "excluded_lines": 0, "percent_statements_covered": 0.0, "percent_statements_covered_display": "0"}, "missing_lines": [46, 54, 57, 58, 59, 62, 63, 64, 65, 68, 69, 70, 71, 73, 74, 80, 97, 102, 105, 106, 108, 110, 113, 114, 115, 121, 122, 123, 127, 128, 130], "excluded_lines": [], "start_line": 42}, "": {"executed_lines": [], "summary": {"covered_lines": 0, "num_statements": 11, "percent_covered": 0.0, "percent_covered_display": "0", "missing_lines": 11, "excluded_lines": 0, "percent_statements_covered": 0.0, "percent_statements_covered_display": "0"}, "missing_lines": [8, 9, 11, 12, 13, 15, 17, 42, 45, 53, 56], "excluded_lines": [], "start_line": 1}}}, "agents\\document_agent.py": {"executed_lines": [], "summary": {"covered_lines": 0, "num_statements": 84, "percent_covered": 0.0, "percent_covered_display": "0", "missing_lines": 84, "excluded_lines": 0, "percent_statements_covered": 0.0, "percent_statements_covered_display": "0"}, "missing_lines": [8, 9, 10, 12, 13, 14, 16, 18, 88, 91, 92, 98, 100, 101, 103, 104, 105, 106, 109, 110, 111, 112, 114, 115, 122, 134, 135, 136, 137, 138, 142, 143, 144, 145, 153, 161, 162, 171, 179, 187, 188, 190, 196, 202, 205, 207, 306, 308, 309, 310, 311, 315, 318, 319, 320, 328, 330, 331, 332, 333, 335, 337, 338, 341, 343, 345, 346, 347, 349, 351, 354, 355, 363, 365, 366, 367, 368, 369, 370, 373, 377, 379, 380, 382], "excluded_lines": [], "functions": {"DocumentAgent.__init__": {"executed_lines": [], "summary": {"covered_lines": 0, "num_statements": 2, "percent_covered": 0.0, "percent_covered_display": "0", "missing_lines": 2, "excluded_lines": 0, "percent_statements_covered": 0.0, "percent_statements_covered_display": "0"}, "missing_lines": [92, 98], "excluded_lines": [], "start_line": 91}, "DocumentAgent.get_system_prompt": {"executed_lines": [], "summary": {"covered_lines": 0, "num_statements": 1, "percent_covered": 0.0, "percent_covered_display": "0", "missing_lines": 1, "excluded_lines": 0, "percent_statements_covered": 0.0, "percent_statements_covered_display": "0"}, "missing_lines": [101], "excluded_lines": [], "start_line": 100}, "DocumentAgent.execute": {"executed_lines": [], "summary": {"covered_lines": 0, "num_statements": 27, "percent_covered": 0.0, "percent_covered_display": "0", "missing_lines": 27, "excluded_lines": 0, "percent_statements_covered": 0.0, "percent_statements_covered_display": "0"}, "missing_lines": [104, 105, 106, 109, 110, 111, 112, 114, 115, 122, 134, 135, 136, 137, 138, 142, 143, 144, 145, 153, 161, 162, 171, 179, 187, 188, 190], "excluded_lines": [], "start_line": 103}, "DocumentAgent._generate_hrs": {"executed_lines": [], "summary": {"covered_lines": 0, "num_statements": 21, "percent_covered": 0.0, "percent_covered_display": "0", "missing_lines": 21, "excluded_lines": 0, "percent_statements_covered": 0.0, "percent_statements_covered_display": "0"}, "missing_lines": [202, 205, 207, 306, 308, 309, 310, 311, 315, 318, 319, 320, 328, 330, 331, 332, 333, 335, 337, 338, 341], "excluded_lines": [], "start_line": 196}, "DocumentAgent._load_file": {"executed_lines": [], "summary": {"covered_lines": 0, "num_statements": 3, "percent_covered": 0.0, "percent_covered_display": "0", "missing_lines": 3, "excluded_lines": 0, "percent_statements_covered": 0.0, "percent_statements_covered_display": "0"}, "missing_lines": [345, 346, 347], "excluded_lines": [], "start_line": 343}, "DocumentAgent._extract_requirements": {"executed_lines": [], "summary": {"covered_lines": 0, "num_statements": 11, "percent_covered": 0.0, "percent_covered_display": "0", "missing_lines": 11, "excluded_lines": 0, "percent_statements_covered": 0.0, "percent_statements_covered_display": "0"}, "missing_lines": [351, 354, 355, 363, 365, 366, 367, 368, 369, 370, 373], "excluded_lines": [], "start_line": 349}, "DocumentAgent._extract_components": {"executed_lines": [], "summary": {"covered_lines": 0, "num_statements": 3, "percent_covered": 0.0, "percent_covered_display": "0", "missing_lines": 3, "excluded_lines": 0, "percent_statements_covered": 0.0, "percent_statements_covered_display": "0"}, "missing_lines": [379, 380, 382], "excluded_lines": [], "start_line": 377}, "": {"executed_lines": [], "summary": {"covered_lines": 0, "num_statements": 16, "percent_covered": 0.0, "percent_covered_display": "0", "missing_lines": 16, "excluded_lines": 0, "percent_statements_covered": 0.0, "percent_statements_covered_display": "0"}, "missing_lines": [8, 9, 10, 12, 13, 14, 16, 18, 88, 91, 100, 103, 196, 343, 349, 377], "excluded_lines": [], "start_line": 1}}, "classes": {"DocumentAgent": {"executed_lines": [], "summary": {"covered_lines": 0, "num_statements": 68, "percent_covered": 0.0, "percent_covered_display": "0", "missing_lines": 68, "excluded_lines": 0, "percent_statements_covered": 0.0, "percent_statements_covered_display": "0"}, "missing_lines": [92, 98, 101, 104, 105, 106, 109, 110, 111, 112, 114, 115, 122, 134, 135, 136, 137, 138, 142, 143, 144, 145, 153, 161, 162, 171, 179, 187, 188, 190, 202, 205, 207, 306, 308, 309, 310, 311, 315, 318, 319, 320, 328, 330, 331, 332, 333, 335, 337, 338, 341, 345, 346, 347, 351, 354, 355, 363, 365, 366, 367, 368, 369, 370, 373, 379, 380, 382], "excluded_lines": [], "start_line": 88}, "": {"executed_lines": [], "summary": {"covered_lines": 0, "num_statements": 16, "percent_covered": 0.0, "percent_covered_display": "0", "missing_lines": 16, "excluded_lines": 0, "percent_statements_covered": 0.0, "percent_statements_covered_display": "0"}, "missing_lines": [8, 9, 10, 12, 13, 14, 16, 18, 88, 91, 100, 103, 196, 343, 349, 377], "excluded_lines": [], "start_line": 1}}}, "agents\\git_agent.py": {"executed_lines": [], "summary": {"covered_lines": 0, "num_statements": 143, "percent_covered": 0.0, "percent_covered_display": "0", "missing_lines": 143, "excluded_lines": 0, "percent_statements_covered": 0.0, "percent_statements_covered_display": "0"}, "missing_lines": [17, 18, 19, 20, 21, 23, 25, 28, 31, 32, 33, 35, 36, 37, 38, 39, 40, 41, 42, 48, 59, 60, 67, 68, 72, 73, 75, 76, 77, 79, 80, 81, 82, 83, 90, 91, 99, 100, 101, 107, 112, 114, 119, 120, 121, 122, 123, 124, 127, 128, 129, 132, 133, 135, 136, 137, 138, 139, 140, 141, 142, 143, 145, 147, 153, 154, 155, 156, 157, 158, 161, 162, 164, 171, 172, 173, 174, 176, 177, 178, 179, 180, 181, 183, 184, 186, 187, 188, 189, 191, 192, 193, 196, 198, 205, 206, 207, 208, 209, 211, 212, 213, 216, 218, 219, 220, 222, 223, 231, 232, 233, 235, 236, 237, 238, 239, 240, 241, 242, 243, 244, 250, 257, 258, 260, 261, 264, 267, 268, 269, 271, 273, 274, 275, 276, 301, 307, 308, 310, 311, 312, 318, 319], "excluded_lines": [], "functions": {"GitAgent.__init__": {"executed_lines": [], "summary": {"covered_lines": 0, "num_statements": 10, "percent_covered": 0.0, "percent_covered_display": "0", "missing_lines": 10, "excluded_lines": 0, "percent_statements_covered": 0.0, "percent_statements_covered_display": "0"}, "missing_lines": [32, 33, 35, 36, 37, 38, 39, 40, 41, 42], "excluded_lines": [], "start_line": 31}, "GitAgent.commit_and_pr": {"executed_lines": [], "summary": {"covered_lines": 0, "num_statements": 19, "percent_covered": 0.0, "percent_covered_display": "0", "missing_lines": 19, "excluded_lines": 0, "percent_statements_covered": 0.0, "percent_statements_covered_display": "0"}, "missing_lines": [59, 60, 67, 68, 72, 73, 75, 76, 77, 79, 80, 81, 82, 83, 90, 91, 99, 100, 101], "excluded_lines": [], "start_line": 48}, "GitAgent._ensure_repo": {"executed_lines": [], "summary": {"covered_lines": 0, "num_statements": 23, "percent_covered": 0.0, "percent_covered_display": "0", "missing_lines": 23, "excluded_lines": 0, "percent_statements_covered": 0.0, "percent_statements_covered_display": "0"}, "missing_lines": [112, 114, 119, 120, 121, 122, 123, 124, 127, 128, 129, 132, 133, 135, 136, 137, 138, 139, 140, 141, 142, 143, 145], "excluded_lines": [], "start_line": 107}, "GitAgent._ensure_remote_base_branch": {"executed_lines": [], "summary": {"covered_lines": 0, "num_statements": 21, "percent_covered": 0.0, "percent_covered_display": "0", "missing_lines": 21, "excluded_lines": 0, "percent_statements_covered": 0.0, "percent_statements_covered_display": "0"}, "missing_lines": [153, 154, 155, 156, 157, 158, 161, 162, 164, 171, 172, 173, 174, 176, 177, 178, 179, 180, 181, 183, 184], "excluded_lines": [], "start_line": 147}, "GitAgent._make_branch_name": {"executed_lines": [], "summary": {"covered_lines": 0, "num_statements": 3, "percent_covered": 0.0, "percent_covered_display": "0", "missing_lines": 3, "excluded_lines": 0, "percent_statements_covered": 0.0, "percent_statements_covered_display": "0"}, "missing_lines": [187, 188, 189], "excluded_lines": [], "start_line": 186}, "GitAgent._create_branch": {"executed_lines": [], "summary": {"covered_lines": 0, "num_statements": 9, "percent_covered": 0.0, "percent_covered_display": "0", "missing_lines": 9, "excluded_lines": 0, "percent_statements_covered": 0.0, "percent_statements_covered_display": "0"}, "missing_lines": [192, 193, 196, 198, 205, 206, 207, 208, 209], "excluded_lines": [], "start_line": 191}, "GitAgent._stage_and_commit": {"executed_lines": [], "summary": {"covered_lines": 0, "num_statements": 11, "percent_covered": 0.0, "percent_covered_display": "0", "missing_lines": 11, "excluded_lines": 0, "percent_statements_covered": 0.0, "percent_statements_covered_display": "0"}, "missing_lines": [212, 213, 216, 218, 219, 220, 222, 223, 231, 232, 233], "excluded_lines": [], "start_line": 211}, "GitAgent._push_branch": {"executed_lines": [], "summary": {"covered_lines": 0, "num_statements": 9, "percent_covered": 0.0, "percent_covered_display": "0", "missing_lines": 9, "excluded_lines": 0, "percent_statements_covered": 0.0, "percent_statements_covered_display": "0"}, "missing_lines": [236, 237, 238, 239, 240, 241, 242, 243, 244], "excluded_lines": [], "start_line": 235}, "GitAgent._create_pr": {"executed_lines": [], "summary": {"covered_lines": 0, "num_statements": 19, "percent_covered": 0.0, "percent_covered_display": "0", "missing_lines": 19, "excluded_lines": 0, "percent_statements_covered": 0.0, "percent_statements_covered_display": "0"}, "missing_lines": [257, 258, 260, 261, 264, 267, 268, 269, 271, 273, 274, 275, 276, 301, 307, 308, 310, 311, 312], "excluded_lines": [], "start_line": 250}, "GitAgent.get_status": {"executed_lines": [], "summary": {"covered_lines": 0, "num_statements": 1, "percent_covered": 0.0, "percent_covered_display": "0", "missing_lines": 1, "excluded_lines": 0, "percent_statements_covered": 0.0, "percent_statements_covered_display": "0"}, "missing_lines": [319], "excluded_lines": [], "start_line": 318}, "": {"executed_lines": [], "summary": {"covered_lines": 0, "num_statements": 18, "percent_covered": 0.0, "percent_covered_display": "0", "missing_lines": 18, "excluded_lines": 0, "percent_statements_covered": 0.0, "percent_statements_covered_display": "0"}, "missing_lines": [17, 18, 19, 20, 21, 23, 25, 28, 31, 48, 107, 147, 186, 191, 211, 235, 250, 318], "excluded_lines": [], "start_line": 1}}, "classes": {"GitAgent": {"executed_lines": [], "summary": {"covered_lines": 0, "num_statements": 125, "percent_covered": 0.0, "percent_covered_display": "0", "missing_lines": 125, "excluded_lines": 0, "percent_statements_covered": 0.0, "percent_statements_covered_display": "0"}, "missing_lines": [32, 33, 35, 36, 37, 38, 39, 40, 41, 42, 59, 60, 67, 68, 72, 73, 75, 76, 77, 79, 80, 81, 82, 83, 90, 91, 99, 100, 101, 112, 114, 119, 120, 121, 122, 123, 124, 127, 128, 129, 132, 133, 135, 136, 137, 138, 139, 140, 141, 142, 143, 145, 153, 154, 155, 156, 157, 158, 161, 162, 164, 171, 172, 173, 174, 176, 177, 178, 179, 180, 181, 183, 184, 187, 188, 189, 192, 193, 196, 198, 205, 206, 207, 208, 209, 212, 213, 216, 218, 219, 220, 222, 223, 231, 232, 233, 236, 237, 238, 239, 240, 241, 242, 243, 244, 257, 258, 260, 261, 264, 267, 268, 269, 271, 273, 274, 275, 276, 301, 307, 308, 310, 311, 312, 319], "excluded_lines": [], "start_line": 28}, "": {"executed_lines": [], "summary": {"covered_lines": 0, "num_statements": 18, "percent_covered": 0.0, "percent_covered_display": "0", "missing_lines": 18, "excluded_lines": 0, "percent_statements_covered": 0.0, "percent_statements_covered_display": "0"}, "missing_lines": [17, 18, 19, 20, 21, 23, 25, 28, 31, 48, 107, 147, 186, 191, 211, 235, 250, 318], "excluded_lines": [], "start_line": 1}}}, "agents\\glr_agent.py": {"executed_lines": [], "summary": {"covered_lines": 0, "num_statements": 46, "percent_covered": 0.0, "percent_covered_display": "0", "missing_lines": 46, "excluded_lines": 0, "percent_statements_covered": 0.0, "percent_statements_covered_display": "0"}, "missing_lines": [7, 8, 9, 11, 12, 13, 15, 17, 63, 66, 67, 73, 75, 76, 78, 79, 80, 81, 84, 86, 89, 90, 91, 92, 93, 94, 97, 100, 108, 110, 112, 118, 120, 121, 123, 125, 126, 127, 128, 129, 130, 131, 133, 134, 135, 136], "excluded_lines": [], "functions": {"GLRAgent.__init__": {"executed_lines": [], "summary": {"covered_lines": 0, "num_statements": 2, "percent_covered": 0.0, "percent_covered_display": "0", "missing_lines": 2, "excluded_lines": 0, "percent_statements_covered": 0.0, "percent_statements_covered_display": "0"}, "missing_lines": [67, 73], "excluded_lines": [], "start_line": 66}, "GLRAgent.get_system_prompt": {"executed_lines": [], "summary": {"covered_lines": 0, "num_statements": 1, "percent_covered": 0.0, "percent_covered_display": "0", "missing_lines": 1, "excluded_lines": 0, "percent_statements_covered": 0.0, "percent_statements_covered_display": "0"}, "missing_lines": [76], "excluded_lines": [], "start_line": 75}, "GLRAgent.execute": {"executed_lines": [], "summary": {"covered_lines": 0, "num_statements": 16, "percent_covered": 0.0, "percent_covered_display": "0", "missing_lines": 16, "excluded_lines": 0, "percent_statements_covered": 0.0, "percent_statements_covered_display": "0"}, "missing_lines": [79, 80, 81, 84, 86, 89, 90, 91, 92, 93, 94, 97, 100, 108, 110, 112], "excluded_lines": [], "start_line": 78}, "GLRAgent._extract_requirements": {"executed_lines": [], "summary": {"covered_lines": 0, "num_statements": 10, "percent_covered": 0.0, "percent_covered_display": "0", "missing_lines": 10, "excluded_lines": 0, "percent_statements_covered": 0.0, "percent_statements_covered_display": "0"}, "missing_lines": [120, 121, 123, 125, 126, 127, 128, 129, 130, 131], "excluded_lines": [], "start_line": 118}, "GLRAgent._load_file": {"executed_lines": [], "summary": {"covered_lines": 0, "num_statements": 3, "percent_covered": 0.0, "percent_covered_display": "0", "missing_lines": 3, "excluded_lines": 0, "percent_statements_covered": 0.0, "percent_statements_covered_display": "0"}, "missing_lines": [134, 135, 136], "excluded_lines": [], "start_line": 133}, "": {"executed_lines": [], "summary": {"covered_lines": 0, "num_statements": 14, "percent_covered": 0.0, "percent_covered_display": "0", "missing_lines": 14, "excluded_lines": 0, "percent_statements_covered": 0.0, "percent_statements_covered_display": "0"}, "missing_lines": [7, 8, 9, 11, 12, 13, 15, 17, 63, 66, 75, 78, 118, 133], "excluded_lines": [], "start_line": 1}}, "classes": {"GLRAgent": {"executed_lines": [], "summary": {"covered_lines": 0, "num_statements": 32, "percent_covered": 0.0, "percent_covered_display": "0", "missing_lines": 32, "excluded_lines": 0, "percent_statements_covered": 0.0, "percent_statements_covered_display": "0"}, "missing_lines": [67, 73, 76, 79, 80, 81, 84, 86, 89, 90, 91, 92, 93, 94, 97, 100, 108, 110, 112, 120, 121, 123, 125, 126, 127, 128, 129, 130, 131, 134, 135, 136], "excluded_lines": [], "start_line": 63}, "": {"executed_lines": [], "summary": {"covered_lines": 0, "num_statements": 14, "percent_covered": 0.0, "percent_covered_display": "0", "missing_lines": 14, "excluded_lines": 0, "percent_statements_covered": 0.0, "percent_statements_covered_display": "0"}, "missing_lines": [7, 8, 9, 11, 12, 13, 15, 17, 63, 66, 75, 78, 118, 133], "excluded_lines": [], "start_line": 1}}}, "agents\\netlist_agent.py": {"executed_lines": [], "summary": {"covered_lines": 0, "num_statements": 91, "percent_covered": 0.0, "percent_covered_display": "0", "missing_lines": 91, "excluded_lines": 0, "percent_statements_covered": 0.0, "percent_statements_covered_display": "0"}, "missing_lines": [8, 9, 10, 12, 13, 14, 16, 18, 60, 109, 112, 113, 120, 122, 123, 125, 126, 127, 128, 131, 132, 133, 135, 136, 142, 163, 168, 169, 172, 173, 174, 175, 177, 179, 180, 181, 189, 190, 191, 201, 210, 213, 214, 215, 218, 219, 221, 226, 229, 252, 256, 262, 268, 269, 270, 271, 272, 273, 275, 281, 282, 295, 296, 298, 299, 300, 306, 307, 308, 309, 310, 312, 314, 316, 317, 319, 320, 321, 322, 323, 329, 332, 334, 341, 342, 343, 344, 346, 347, 348, 349], "excluded_lines": [], "functions": {"NetlistAgent.__init__": {"executed_lines": [], "summary": {"covered_lines": 0, "num_statements": 2, "percent_covered": 0.0, "percent_covered_display": "0", "missing_lines": 2, "excluded_lines": 0, "percent_statements_covered": 0.0, "percent_statements_covered_display": "0"}, "missing_lines": [113, 120], "excluded_lines": [], "start_line": 112}, "NetlistAgent.get_system_prompt": {"executed_lines": [], "summary": {"covered_lines": 0, "num_statements": 1, "percent_covered": 0.0, "percent_covered_display": "0", "missing_lines": 1, "excluded_lines": 0, "percent_statements_covered": 0.0, "percent_statements_covered_display": "0"}, "missing_lines": [123], "excluded_lines": [], "start_line": 122}, "NetlistAgent.execute": {"executed_lines": [], "summary": {"covered_lines": 0, "num_statements": 43, "percent_covered": 0.0, "percent_covered_display": "0", "missing_lines": 43, "excluded_lines": 0, "percent_statements_covered": 0.0, "percent_statements_covered_display": "0"}, "missing_lines": [126, 127, 128, 131, 132, 133, 135, 136, 142, 163, 168, 169, 172, 173, 174, 175, 177, 179, 180, 181, 189, 190, 191, 201, 210, 213, 214, 215, 218, 219, 221, 226, 229, 252, 256, 262, 268, 269, 270, 271, 272, 273, 275], "excluded_lines": [], "start_line": 125}, "NetlistAgent._build_visual_md": {"executed_lines": [], "summary": {"covered_lines": 0, "num_statements": 12, "percent_covered": 0.0, "percent_covered_display": "0", "missing_lines": 12, "excluded_lines": 0, "percent_statements_covered": 0.0, "percent_statements_covered_display": "0"}, "missing_lines": [282, 295, 296, 298, 299, 300, 306, 307, 308, 309, 310, 312], "excluded_lines": [], "start_line": 281}, "NetlistAgent._validate_netlist": {"executed_lines": [], "summary": {"covered_lines": 0, "num_statements": 14, "percent_covered": 0.0, "percent_covered_display": "0", "missing_lines": 14, "excluded_lines": 0, "percent_statements_covered": 0.0, "percent_statements_covered_display": "0"}, "missing_lines": [316, 317, 319, 320, 321, 322, 323, 329, 332, 334, 341, 342, 343, 344], "excluded_lines": [], "start_line": 314}, "NetlistAgent._load_file": {"executed_lines": [], "summary": {"covered_lines": 0, "num_statements": 3, "percent_covered": 0.0, "percent_covered_display": "0", "missing_lines": 3, "excluded_lines": 0, "percent_statements_covered": 0.0, "percent_statements_covered_display": "0"}, "missing_lines": [347, 348, 349], "excluded_lines": [], "start_line": 346}, "": {"executed_lines": [], "summary": {"covered_lines": 0, "num_statements": 16, "percent_covered": 0.0, "percent_covered_display": "0", "missing_lines": 16, "excluded_lines": 0, "percent_statements_covered": 0.0, "percent_statements_covered_display": "0"}, "missing_lines": [8, 9, 10, 12, 13, 14, 16, 18, 60, 109, 112, 122, 125, 281, 314, 346], "excluded_lines": [], "start_line": 1}}, "classes": {"NetlistAgent": {"executed_lines": [], "summary": {"covered_lines": 0, "num_statements": 75, "percent_covered": 0.0, "percent_covered_display": "0", "missing_lines": 75, "excluded_lines": 0, "percent_statements_covered": 0.0, "percent_statements_covered_display": "0"}, "missing_lines": [113, 120, 123, 126, 127, 128, 131, 132, 133, 135, 136, 142, 163, 168, 169, 172, 173, 174, 175, 177, 179, 180, 181, 189, 190, 191, 201, 210, 213, 214, 215, 218, 219, 221, 226, 229, 252, 256, 262, 268, 269, 270, 271, 272, 273, 275, 282, 295, 296, 298, 299, 300, 306, 307, 308, 309, 310, 312, 316, 317, 319, 320, 321, 322, 323, 329, 332, 334, 341, 342, 343, 344, 347, 348, 349], "excluded_lines": [], "start_line": 109}, "": {"executed_lines": [], "summary": {"covered_lines": 0, "num_statements": 16, "percent_covered": 0.0, "percent_covered_display": "0", "missing_lines": 16, "excluded_lines": 0, "percent_statements_covered": 0.0, "percent_statements_covered_display": "0"}, "missing_lines": [8, 9, 10, 12, 13, 14, 16, 18, 60, 109, 112, 122, 125, 281, 314, 346], "excluded_lines": [], "start_line": 1}}}, "agents\\orchestrator.py": {"executed_lines": [], "summary": {"covered_lines": 0, "num_statements": 85, "percent_covered": 0.0, "percent_covered_display": "0", "missing_lines": 85, "excluded_lines": 0, "percent_statements_covered": 0.0, "percent_statements_covered_display": "0"}, "missing_lines": [8, 9, 10, 12, 14, 15, 17, 20, 23, 35, 38, 39, 41, 43, 44, 45, 46, 48, 49, 50, 51, 52, 54, 56, 64, 65, 66, 68, 71, 74, 77, 84, 85, 87, 89, 92, 93, 94, 97, 99, 100, 101, 102, 104, 108, 109, 113, 114, 116, 118, 121, 123, 124, 125, 126, 127, 128, 129, 131, 138, 139, 140, 141, 147, 150, 151, 153, 154, 155, 156, 158, 160, 163, 170, 171, 172, 177, 188, 190, 191, 192, 193, 194, 195, 196], "excluded_lines": [], "functions": {"OrchestratorAgent.__init__": {"executed_lines": [], "summary": {"covered_lines": 0, "num_statements": 1, "percent_covered": 0.0, "percent_covered_display": "0", "missing_lines": 1, "excluded_lines": 0, "percent_statements_covered": 0.0, "percent_statements_covered_display": "0"}, "missing_lines": [39], "excluded_lines": [], "start_line": 38}, "OrchestratorAgent._get_agent": {"executed_lines": [], "summary": {"covered_lines": 0, "num_statements": 10, "percent_covered": 0.0, "percent_covered_display": "0", "missing_lines": 10, "excluded_lines": 0, "percent_statements_covered": 0.0, "percent_statements_covered_display": "0"}, "missing_lines": [43, 44, 45, 46, 48, 49, 50, 51, 52, 54], "excluded_lines": [], "start_line": 41}, "OrchestratorAgent.execute_phase": {"executed_lines": [], "summary": {"covered_lines": 0, "num_statements": 34, "percent_covered": 0.0, "percent_covered_display": "0", "missing_lines": 34, "excluded_lines": 0, "percent_statements_covered": 0.0, "percent_statements_covered_display": "0"}, "missing_lines": [64, 65, 66, 68, 71, 74, 77, 84, 85, 87, 89, 92, 93, 94, 97, 99, 100, 101, 102, 104, 108, 109, 113, 114, 116, 118, 121, 123, 124, 125, 126, 127, 128, 129], "excluded_lines": [], "start_line": 56}, "OrchestratorAgent.execute_all": {"executed_lines": [], "summary": {"covered_lines": 0, "num_statements": 12, "percent_covered": 0.0, "percent_covered_display": "0", "missing_lines": 12, "excluded_lines": 0, "percent_statements_covered": 0.0, "percent_statements_covered_display": "0"}, "missing_lines": [138, 139, 140, 141, 147, 150, 151, 153, 154, 155, 156, 158], "excluded_lines": [], "start_line": 131}, "OrchestratorAgent._build_project_context": {"executed_lines": [], "summary": {"covered_lines": 0, "num_statements": 5, "percent_covered": 0.0, "percent_covered_display": "0", "missing_lines": 5, "excluded_lines": 0, "percent_statements_covered": 0.0, "percent_statements_covered_display": "0"}, "missing_lines": [163, 170, 171, 172, 177], "excluded_lines": [], "start_line": 160}, "OrchestratorAgent._get_next_phase": {"executed_lines": [], "summary": {"covered_lines": 0, "num_statements": 7, "percent_covered": 0.0, "percent_covered_display": "0", "missing_lines": 7, "excluded_lines": 0, "percent_statements_covered": 0.0, "percent_statements_covered_display": "0"}, "missing_lines": [190, 191, 192, 193, 194, 195, 196], "excluded_lines": [], "start_line": 188}, "": {"executed_lines": [], "summary": {"covered_lines": 0, "num_statements": 16, "percent_covered": 0.0, "percent_covered_display": "0", "missing_lines": 16, "excluded_lines": 0, "percent_statements_covered": 0.0, "percent_statements_covered_display": "0"}, "missing_lines": [8, 9, 10, 12, 14, 15, 17, 20, 23, 35, 38, 41, 56, 131, 160, 188], "excluded_lines": [], "start_line": 1}}, "classes": {"OrchestratorAgent": {"executed_lines": [], "summary": {"covered_lines": 0, "num_statements": 69, "percent_covered": 0.0, "percent_covered_display": "0", "missing_lines": 69, "excluded_lines": 0, "percent_statements_covered": 0.0, "percent_statements_covered_display": "0"}, "missing_lines": [39, 43, 44, 45, 46, 48, 49, 50, 51, 52, 54, 64, 65, 66, 68, 71, 74, 77, 84, 85, 87, 89, 92, 93, 94, 97, 99, 100, 101, 102, 104, 108, 109, 113, 114, 116, 118, 121, 123, 124, 125, 126, 127, 128, 129, 138, 139, 140, 141, 147, 150, 151, 153, 154, 155, 156, 158, 163, 170, 171, 172, 177, 190, 191, 192, 193, 194, 195, 196], "excluded_lines": [], "start_line": 35}, "": {"executed_lines": [], "summary": {"covered_lines": 0, "num_statements": 16, "percent_covered": 0.0, "percent_covered_display": "0", "missing_lines": 16, "excluded_lines": 0, "percent_statements_covered": 0.0, "percent_statements_covered_display": "0"}, "missing_lines": [8, 9, 10, 12, 14, 15, 17, 20, 23, 35, 38, 41, 56, 131, 160, 188], "excluded_lines": [], "start_line": 1}}}, "agents\\qt_cpp_gui_generator.py": {"executed_lines": [], "summary": {"covered_lines": 0, "num_statements": 52, "percent_covered": 0.0, "percent_covered_display": "0", "missing_lines": 52, "excluded_lines": 0, "percent_statements_covered": 0.0, "percent_statements_covered_display": "0"}, "missing_lines": [10, 11, 13, 16, 19, 25, 26, 52, 53, 100, 101, 213, 214, 271, 272, 390, 391, 484, 485, 531, 532, 605, 606, 637, 638, 695, 696, 820, 821, 854, 855, 891, 892, 963, 964, 1004, 1005, 1049, 1050, 1111, 1112, 1152, 1153, 1239, 1240, 1381, 1382, 1384, 1385, 1386, 1387, 1388], "excluded_lines": [], "functions": {"QtCppGuiGenerator.generate": {"executed_lines": [], "summary": {"covered_lines": 0, "num_statements": 2, "percent_covered": 0.0, "percent_covered_display": "0", "missing_lines": 2, "excluded_lines": 0, "percent_statements_covered": 0.0, "percent_statements_covered_display": "0"}, "missing_lines": [25, 26], "excluded_lines": [], "start_line": 19}, "QtCppGuiGenerator._pro": {"executed_lines": [], "summary": {"covered_lines": 0, "num_statements": 1, "percent_covered": 0.0, "percent_covered_display": "0", "missing_lines": 1, "excluded_lines": 0, "percent_statements_covered": 0.0, "percent_statements_covered_display": "0"}, "missing_lines": [53], "excluded_lines": [], "start_line": 52}, "QtCppGuiGenerator._main_cpp": {"executed_lines": [], "summary": {"covered_lines": 0, "num_statements": 1, "percent_covered": 0.0, "percent_covered_display": "0", "missing_lines": 1, "excluded_lines": 0, "percent_statements_covered": 0.0, "percent_statements_covered_display": "0"}, "missing_lines": [101], "excluded_lines": [], "start_line": 100}, "QtCppGuiGenerator._mainwindow_h": {"executed_lines": [], "summary": {"covered_lines": 0, "num_statements": 1, "percent_covered": 0.0, "percent_covered_display": "0", "missing_lines": 1, "excluded_lines": 0, "percent_statements_covered": 0.0, "percent_statements_covered_display": "0"}, "missing_lines": [214], "excluded_lines": [], "start_line": 213}, "QtCppGuiGenerator._mainwindow_cpp": {"executed_lines": [], "summary": {"covered_lines": 0, "num_statements": 1, "percent_covered": 0.0, "percent_covered_display": "0", "missing_lines": 1, "excluded_lines": 0, "percent_statements_covered": 0.0, "percent_statements_covered_display": "0"}, "missing_lines": [272], "excluded_lines": [], "start_line": 271}, "QtCppGuiGenerator._mainwindow_ui": {"executed_lines": [], "summary": {"covered_lines": 0, "num_statements": 1, "percent_covered": 0.0, "percent_covered_display": "0", "missing_lines": 1, "excluded_lines": 0, "percent_statements_covered": 0.0, "percent_statements_covered_display": "0"}, "missing_lines": [391], "excluded_lines": [], "start_line": 390}, "QtCppGuiGenerator._serialworker_h": {"executed_lines": [], "summary": {"covered_lines": 0, "num_statements": 1, "percent_covered": 0.0, "percent_covered_display": "0", "missing_lines": 1, "excluded_lines": 0, "percent_statements_covered": 0.0, "percent_statements_covered_display": "0"}, "missing_lines": [485], "excluded_lines": [], "start_line": 484}, "QtCppGuiGenerator._serialworker_cpp": {"executed_lines": [], "summary": {"covered_lines": 0, "num_statements": 1, "percent_covered": 0.0, "percent_covered_display": "0", "missing_lines": 1, "excluded_lines": 0, "percent_statements_covered": 0.0, "percent_statements_covered_display": "0"}, "missing_lines": [532], "excluded_lines": [], "start_line": 531}, "QtCppGuiGenerator._dashboard_h": {"executed_lines": [], "summary": {"covered_lines": 0, "num_statements": 1, "percent_covered": 0.0, "percent_covered_display": "0", "missing_lines": 1, "excluded_lines": 0, "percent_statements_covered": 0.0, "percent_statements_covered_display": "0"}, "missing_lines": [606], "excluded_lines": [], "start_line": 605}, "QtCppGuiGenerator._dashboard_cpp": {"executed_lines": [], "summary": {"covered_lines": 0, "num_statements": 1, "percent_covered": 0.0, "percent_covered_display": "0", "missing_lines": 1, "excluded_lines": 0, "percent_statements_covered": 0.0, "percent_statements_covered_display": "0"}, "missing_lines": [638], "excluded_lines": [], "start_line": 637}, "QtCppGuiGenerator._dashboard_ui": {"executed_lines": [], "summary": {"covered_lines": 0, "num_statements": 1, "percent_covered": 0.0, "percent_covered_display": "0", "missing_lines": 1, "excluded_lines": 0, "percent_statements_covered": 0.0, "percent_statements_covered_display": "0"}, "missing_lines": [696], "excluded_lines": [], "start_line": 695}, "QtCppGuiGenerator._control_h": {"executed_lines": [], "summary": {"covered_lines": 0, "num_statements": 1, "percent_covered": 0.0, "percent_covered_display": "0", "missing_lines": 1, "excluded_lines": 0, "percent_statements_covered": 0.0, "percent_statements_covered_display": "0"}, "missing_lines": [821], "excluded_lines": [], "start_line": 820}, "QtCppGuiGenerator._control_cpp": {"executed_lines": [], "summary": {"covered_lines": 0, "num_statements": 1, "percent_covered": 0.0, "percent_covered_display": "0", "missing_lines": 1, "excluded_lines": 0, "percent_statements_covered": 0.0, "percent_statements_covered_display": "0"}, "missing_lines": [855], "excluded_lines": [], "start_line": 854}, "QtCppGuiGenerator._control_ui": {"executed_lines": [], "summary": {"covered_lines": 0, "num_statements": 1, "percent_covered": 0.0, "percent_covered_display": "0", "missing_lines": 1, "excluded_lines": 0, "percent_statements_covered": 0.0, "percent_statements_covered_display": "0"}, "missing_lines": [892], "excluded_lines": [], "start_line": 891}, "QtCppGuiGenerator._log_h": {"executed_lines": [], "summary": {"covered_lines": 0, "num_statements": 1, "percent_covered": 0.0, "percent_covered_display": "0", "missing_lines": 1, "excluded_lines": 0, "percent_statements_covered": 0.0, "percent_statements_covered_display": "0"}, "missing_lines": [964], "excluded_lines": [], "start_line": 963}, "QtCppGuiGenerator._log_cpp": {"executed_lines": [], "summary": {"covered_lines": 0, "num_statements": 1, "percent_covered": 0.0, "percent_covered_display": "0", "missing_lines": 1, "excluded_lines": 0, "percent_statements_covered": 0.0, "percent_statements_covered_display": "0"}, "missing_lines": [1005], "excluded_lines": [], "start_line": 1004}, "QtCppGuiGenerator._log_ui": {"executed_lines": [], "summary": {"covered_lines": 0, "num_statements": 1, "percent_covered": 0.0, "percent_covered_display": "0", "missing_lines": 1, "excluded_lines": 0, "percent_statements_covered": 0.0, "percent_statements_covered_display": "0"}, "missing_lines": [1050], "excluded_lines": [], "start_line": 1049}, "QtCppGuiGenerator._settings_h": {"executed_lines": [], "summary": {"covered_lines": 0, "num_statements": 1, "percent_covered": 0.0, "percent_covered_display": "0", "missing_lines": 1, "excluded_lines": 0, "percent_statements_covered": 0.0, "percent_statements_covered_display": "0"}, "missing_lines": [1112], "excluded_lines": [], "start_line": 1111}, "QtCppGuiGenerator._settings_cpp": {"executed_lines": [], "summary": {"covered_lines": 0, "num_statements": 1, "percent_covered": 0.0, "percent_covered_display": "0", "missing_lines": 1, "excluded_lines": 0, "percent_statements_covered": 0.0, "percent_statements_covered_display": "0"}, "missing_lines": [1153], "excluded_lines": [], "start_line": 1152}, "QtCppGuiGenerator._settings_ui": {"executed_lines": [], "summary": {"covered_lines": 0, "num_statements": 1, "percent_covered": 0.0, "percent_covered_display": "0", "missing_lines": 1, "excluded_lines": 0, "percent_statements_covered": 0.0, "percent_statements_covered_display": "0"}, "missing_lines": [1240], "excluded_lines": [], "start_line": 1239}, "QtCppGuiGenerator._safe_class_name": {"executed_lines": [], "summary": {"covered_lines": 0, "num_statements": 5, "percent_covered": 0.0, "percent_covered_display": "0", "missing_lines": 5, "excluded_lines": 0, "percent_statements_covered": 0.0, "percent_statements_covered_display": "0"}, "missing_lines": [1384, 1385, 1386, 1387, 1388], "excluded_lines": [], "start_line": 1382}, "": {"executed_lines": [], "summary": {"covered_lines": 0, "num_statements": 26, "percent_covered": 0.0, "percent_covered_display": "0", "missing_lines": 26, "excluded_lines": 0, "percent_statements_covered": 0.0, "percent_statements_covered_display": "0"}, "missing_lines": [10, 11, 13, 16, 19, 52, 100, 213, 271, 390, 484, 531, 605, 637, 695, 820, 854, 891, 963, 1004, 1049, 1111, 1152, 1239, 1381, 1382], "excluded_lines": [], "start_line": 1}}, "classes": {"QtCppGuiGenerator": {"executed_lines": [], "summary": {"covered_lines": 0, "num_statements": 26, "percent_covered": 0.0, "percent_covered_display": "0", "missing_lines": 26, "excluded_lines": 0, "percent_statements_covered": 0.0, "percent_statements_covered_display": "0"}, "missing_lines": [25, 26, 53, 101, 214, 272, 391, 485, 532, 606, 638, 696, 821, 855, 892, 964, 1005, 1050, 1112, 1153, 1240, 1384, 1385, 1386, 1387, 1388], "excluded_lines": [], "start_line": 16}, "": {"executed_lines": [], "summary": {"covered_lines": 0, "num_statements": 26, "percent_covered": 0.0, "percent_covered_display": "0", "missing_lines": 26, "excluded_lines": 0, "percent_statements_covered": 0.0, "percent_statements_covered_display": "0"}, "missing_lines": [10, 11, 13, 16, 19, 52, 100, 213, 271, 390, 484, 531, 605, 637, 695, 820, 854, 891, 963, 1004, 1049, 1111, 1152, 1239, 1381, 1382], "excluded_lines": [], "start_line": 1}}}, "agents\\qt_gui_generator.py": {"executed_lines": [], "summary": {"covered_lines": 0, "num_statements": 22, "percent_covered": 0.0, "percent_covered_display": "0", "missing_lines": 22, "excluded_lines": 2, "percent_statements_covered": 0.0, "percent_statements_covered_display": "0"}, "missing_lines": [12, 14, 16, 55, 74, 96, 97, 102, 105, 106, 107, 108, 110, 111, 112, 114, 116, 117, 118, 121, 123, 531], "excluded_lines": [18, 124], "functions": {"generate_qt_gui": {"executed_lines": [], "summary": {"covered_lines": 0, "num_statements": 15, "percent_covered": 0.0, "percent_covered_display": "0", "missing_lines": 15, "excluded_lines": 0, "percent_statements_covered": 0.0, "percent_statements_covered_display": "0"}, "missing_lines": [74, 96, 97, 102, 105, 106, 107, 108, 110, 111, 112, 114, 116, 117, 118], "excluded_lines": [], "start_line": 55}, "_fallback_gui_template": {"executed_lines": [], "summary": {"covered_lines": 0, "num_statements": 2, "percent_covered": 0.0, "percent_covered_display": "0", "missing_lines": 2, "excluded_lines": 1, "percent_statements_covered": 0.0, "percent_statements_covered_display": "0"}, "missing_lines": [123, 531], "excluded_lines": [124], "start_line": 121}, "": {"executed_lines": [], "summary": {"covered_lines": 0, "num_statements": 5, "percent_covered": 0.0, "percent_covered_display": "0", "missing_lines": 5, "excluded_lines": 1, "percent_statements_covered": 0.0, "percent_statements_covered_display": "0"}, "missing_lines": [12, 14, 16, 55, 121], "excluded_lines": [18], "start_line": 1}}, "classes": {"": {"executed_lines": [], "summary": {"covered_lines": 0, "num_statements": 22, "percent_covered": 0.0, "percent_covered_display": "0", "missing_lines": 22, "excluded_lines": 2, "percent_statements_covered": 0.0, "percent_statements_covered_display": "0"}, "missing_lines": [12, 14, 16, 55, 74, 96, 97, 102, 105, 106, 107, 108, 110, 111, 112, 114, 116, 117, 118, 121, 123, 531], "excluded_lines": [18, 124], "start_line": 1}}}, "agents\\rdt_psq_agent.py": {"executed_lines": [], "summary": {"covered_lines": 0, "num_statements": 69, "percent_covered": 0.0, "percent_covered_display": "0", "missing_lines": 69, "excluded_lines": 0, "percent_statements_covered": 0.0, "percent_statements_covered_display": "0"}, "missing_lines": [12, 13, 14, 16, 17, 19, 22, 52, 113, 116, 117, 125, 126, 128, 129, 130, 131, 134, 135, 136, 138, 139, 141, 159, 164, 165, 167, 168, 169, 170, 171, 173, 174, 177, 180, 185, 186, 193, 195, 205, 206, 213, 214, 216, 217, 227, 228, 233, 235, 237, 238, 239, 249, 250, 251, 258, 265, 266, 271, 272, 273, 278, 284, 285, 286, 287, 288, 289, 290], "excluded_lines": [], "functions": {"RdtPsqAgent.__init__": {"executed_lines": [], "summary": {"covered_lines": 0, "num_statements": 1, "percent_covered": 0.0, "percent_covered_display": "0", "missing_lines": 1, "excluded_lines": 0, "percent_statements_covered": 0.0, "percent_statements_covered_display": "0"}, "missing_lines": [117], "excluded_lines": [], "start_line": 116}, "RdtPsqAgent.get_system_prompt": {"executed_lines": [], "summary": {"covered_lines": 0, "num_statements": 1, "percent_covered": 0.0, "percent_covered_display": "0", "missing_lines": 1, "excluded_lines": 0, "percent_statements_covered": 0.0, "percent_statements_covered_display": "0"}, "missing_lines": [126], "excluded_lines": [], "start_line": 125}, "RdtPsqAgent.execute": {"executed_lines": [], "summary": {"covered_lines": 0, "num_statements": 25, "percent_covered": 0.0, "percent_covered_display": "0", "missing_lines": 25, "excluded_lines": 0, "percent_statements_covered": 0.0, "percent_statements_covered_display": "0"}, "missing_lines": [129, 130, 131, 134, 135, 136, 138, 139, 141, 159, 164, 165, 167, 168, 169, 170, 171, 173, 174, 177, 180, 185, 186, 193, 195], "excluded_lines": [], "start_line": 128}, "RdtPsqAgent._build_rdt_md": {"executed_lines": [], "summary": {"covered_lines": 0, "num_statements": 9, "percent_covered": 0.0, "percent_covered_display": "0", "missing_lines": 9, "excluded_lines": 0, "percent_statements_covered": 0.0, "percent_statements_covered_display": "0"}, "missing_lines": [206, 213, 214, 216, 217, 227, 228, 233, 235], "excluded_lines": [], "start_line": 205}, "RdtPsqAgent._build_psq_md": {"executed_lines": [], "summary": {"covered_lines": 0, "num_statements": 12, "percent_covered": 0.0, "percent_covered_display": "0", "missing_lines": 12, "excluded_lines": 0, "percent_statements_covered": 0.0, "percent_statements_covered_display": "0"}, "missing_lines": [238, 239, 249, 250, 251, 258, 265, 266, 271, 272, 273, 278], "excluded_lines": [], "start_line": 237}, "RdtPsqAgent._load_file": {"executed_lines": [], "summary": {"covered_lines": 0, "num_statements": 6, "percent_covered": 0.0, "percent_covered_display": "0", "missing_lines": 6, "excluded_lines": 0, "percent_statements_covered": 0.0, "percent_statements_covered_display": "0"}, "missing_lines": [285, 286, 287, 288, 289, 290], "excluded_lines": [], "start_line": 284}, "": {"executed_lines": [], "summary": {"covered_lines": 0, "num_statements": 15, "percent_covered": 0.0, "percent_covered_display": "0", "missing_lines": 15, "excluded_lines": 0, "percent_statements_covered": 0.0, "percent_statements_covered_display": "0"}, "missing_lines": [12, 13, 14, 16, 17, 19, 22, 52, 113, 116, 125, 128, 205, 237, 284], "excluded_lines": [], "start_line": 1}}, "classes": {"RdtPsqAgent": {"executed_lines": [], "summary": {"covered_lines": 0, "num_statements": 54, "percent_covered": 0.0, "percent_covered_display": "0", "missing_lines": 54, "excluded_lines": 0, "percent_statements_covered": 0.0, "percent_statements_covered_display": "0"}, "missing_lines": [117, 126, 129, 130, 131, 134, 135, 136, 138, 139, 141, 159, 164, 165, 167, 168, 169, 170, 171, 173, 174, 177, 180, 185, 186, 193, 195, 206, 213, 214, 216, 217, 227, 228, 233, 235, 238, 239, 249, 250, 251, 258, 265, 266, 271, 272, 273, 278, 285, 286, 287, 288, 289, 290], "excluded_lines": [], "start_line": 113}, "": {"executed_lines": [], "summary": {"covered_lines": 0, "num_statements": 15, "percent_covered": 0.0, "percent_covered_display": "0", "missing_lines": 15, "excluded_lines": 0, "percent_statements_covered": 0.0, "percent_statements_covered_display": "0"}, "missing_lines": [12, 13, 14, 16, 17, 19, 22, 52, 113, 116, 125, 128, 205, 237, 284], "excluded_lines": [], "start_line": 1}}}, "agents\\requirements_agent.py": {"executed_lines": [], "summary": {"covered_lines": 0, "num_statements": 362, "percent_covered": 0.0, "percent_covered_display": "0", "missing_lines": 362, "excluded_lines": 0, "percent_statements_covered": 0.0, "percent_statements_covered_display": "0"}, "missing_lines": [14, 15, 16, 17, 19, 20, 22, 25, 26, 29, 30, 31, 32, 33, 34, 35, 37, 39, 101, 204, 230, 233, 235, 236, 237, 239, 248, 249, 251, 253, 254, 259, 267, 268, 269, 271, 274, 275, 276, 277, 278, 286, 287, 294, 295, 297, 299, 300, 307, 309, 310, 311, 312, 317, 318, 319, 321, 331, 337, 338, 340, 341, 344, 353, 354, 355, 356, 358, 359, 372, 373, 374, 377, 378, 383, 384, 394, 404, 412, 416, 417, 419, 436, 437, 438, 439, 440, 442, 448, 453, 457, 458, 460, 466, 467, 468, 470, 479, 480, 484, 486, 488, 489, 490, 491, 492, 493, 495, 496, 502, 503, 504, 505, 506, 507, 509, 510, 511, 512, 513, 514, 516, 522, 525, 526, 527, 530, 531, 532, 534, 535, 536, 539, 540, 541, 545, 546, 547, 551, 552, 553, 555, 556, 557, 558, 559, 560, 561, 563, 565, 566, 567, 568, 569, 572, 573, 574, 575, 576, 577, 578, 580, 581, 582, 583, 584, 585, 586, 587, 588, 589, 590, 592, 593, 594, 595, 599, 602, 603, 604, 607, 608, 609, 610, 611, 612, 617, 618, 621, 622, 623, 624, 625, 626, 627, 628, 629, 630, 631, 632, 633, 634, 635, 636, 638, 640, 642, 643, 651, 652, 653, 655, 656, 662, 677, 678, 679, 687, 691, 692, 693, 696, 697, 698, 699, 702, 703, 704, 705, 706, 709, 710, 711, 713, 714, 715, 716, 719, 720, 721, 722, 724, 725, 727, 729, 743, 744, 746, 749, 750, 751, 752, 753, 755, 756, 757, 758, 759, 760, 761, 762, 763, 769, 771, 773, 775, 781, 782, 792, 793, 794, 795, 796, 797, 798, 801, 802, 803, 804, 805, 809, 812, 813, 814, 815, 817, 820, 825, 828, 829, 830, 833, 855, 857, 862, 864, 869, 873, 874, 875, 877, 878, 879, 881, 882, 883, 886, 887, 889, 890, 894, 895, 896, 897, 898, 899, 900, 901, 903, 915, 917, 927, 928, 933, 934, 935, 936, 938, 939, 940, 941, 942, 945, 946, 954, 957, 960, 962, 971, 972, 973, 975, 978, 983, 984, 987, 988, 998, 1012, 1014, 1018, 1019, 1020, 1021, 1022, 1025, 1028, 1037, 1038, 1041, 1042, 1054], "excluded_lines": [], "functions": {"_is_approval": {"executed_lines": [], "summary": {"covered_lines": 0, "num_statements": 1, "percent_covered": 0.0, "percent_covered_display": "0", "missing_lines": 1, "excluded_lines": 0, "percent_statements_covered": 0.0, "percent_statements_covered_display": "0"}, "missing_lines": [26], "excluded_lines": [], "start_line": 25}, "RequirementsAgent.__init__": {"executed_lines": [], "summary": {"covered_lines": 0, "num_statements": 7, "percent_covered": 0.0, "percent_covered_display": "0", "missing_lines": 7, "excluded_lines": 0, "percent_statements_covered": 0.0, "percent_statements_covered_display": "0"}, "missing_lines": [235, 236, 237, 239, 248, 249, 251], "excluded_lines": [], "start_line": 233}, "RequirementsAgent.get_system_prompt": {"executed_lines": [], "summary": {"covered_lines": 0, "num_statements": 1, "percent_covered": 0.0, "percent_covered_display": "0", "missing_lines": 1, "excluded_lines": 0, "percent_statements_covered": 0.0, "percent_statements_covered_display": "0"}, "missing_lines": [254], "excluded_lines": [], "start_line": 253}, "RequirementsAgent.execute": {"executed_lines": [], "summary": {"covered_lines": 0, "num_statements": 42, "percent_covered": 0.0, "percent_covered_display": "0", "missing_lines": 42, "excluded_lines": 0, "percent_statements_covered": 0.0, "percent_statements_covered_display": "0"}, "missing_lines": [267, 268, 269, 271, 274, 275, 276, 277, 278, 286, 287, 294, 295, 297, 299, 300, 307, 309, 317, 318, 319, 321, 331, 337, 338, 340, 341, 344, 353, 354, 355, 356, 358, 359, 372, 373, 374, 377, 378, 383, 384, 394], "excluded_lines": [], "start_line": 259}, "RequirementsAgent.execute._capture_generate_requirements": {"executed_lines": [], "summary": {"covered_lines": 0, "num_statements": 3, "percent_covered": 0.0, "percent_covered_display": "0", "missing_lines": 3, "excluded_lines": 0, "percent_statements_covered": 0.0, "percent_statements_covered_display": "0"}, "missing_lines": [310, 311, 312], "excluded_lines": [], "start_line": 309}, "RequirementsAgent._handle_post_completion_chat": {"executed_lines": [], "summary": {"covered_lines": 0, "num_statements": 19, "percent_covered": 0.0, "percent_covered_display": "0", "missing_lines": 19, "excluded_lines": 0, "percent_statements_covered": 0.0, "percent_statements_covered_display": "0"}, "missing_lines": [412, 416, 417, 419, 436, 437, 438, 439, 440, 442, 448, 453, 457, 458, 460, 466, 467, 468, 470], "excluded_lines": [], "start_line": 404}, "RequirementsAgent._strip_tbd": {"executed_lines": [], "summary": {"covered_lines": 0, "num_statements": 8, "percent_covered": 0.0, "percent_covered_display": "0", "missing_lines": 8, "excluded_lines": 0, "percent_statements_covered": 0.0, "percent_statements_covered_display": "0"}, "missing_lines": [484, 486, 488, 489, 490, 491, 492, 493], "excluded_lines": [], "start_line": 480}, "RequirementsAgent._clean_component_data": {"executed_lines": [], "summary": {"covered_lines": 0, "num_statements": 12, "percent_covered": 0.0, "percent_covered_display": "0", "missing_lines": 12, "excluded_lines": 0, "percent_statements_covered": 0.0, "percent_statements_covered_display": "0"}, "missing_lines": [502, 503, 504, 505, 506, 507, 509, 510, 511, 512, 513, 514], "excluded_lines": [], "start_line": 496}, "RequirementsAgent._build_response_summary": {"executed_lines": [], "summary": {"covered_lines": 0, "num_statements": 83, "percent_covered": 0.0, "percent_covered_display": "0", "missing_lines": 83, "excluded_lines": 0, "percent_statements_covered": 0.0, "percent_statements_covered_display": "0"}, "missing_lines": [522, 525, 526, 527, 530, 531, 532, 534, 535, 536, 539, 540, 541, 545, 546, 547, 551, 552, 553, 555, 556, 557, 558, 559, 560, 561, 563, 565, 566, 567, 568, 569, 572, 573, 574, 575, 576, 577, 578, 580, 581, 582, 583, 584, 585, 586, 587, 588, 589, 590, 592, 593, 594, 595, 599, 602, 603, 604, 607, 608, 609, 610, 611, 612, 617, 618, 621, 622, 623, 624, 625, 626, 627, 628, 629, 630, 631, 632, 633, 634, 635, 636, 638], "excluded_lines": [], "start_line": 516}, "RequirementsAgent._handle_search_components": {"executed_lines": [], "summary": {"covered_lines": 0, "num_statements": 11, "percent_covered": 0.0, "percent_covered_display": "0", "missing_lines": 11, "excluded_lines": 0, "percent_statements_covered": 0.0, "percent_statements_covered_display": "0"}, "missing_lines": [642, 643, 651, 652, 653, 655, 656, 662, 677, 678, 679], "excluded_lines": [], "start_line": 640}, "RequirementsAgent._generate_output_files": {"executed_lines": [], "summary": {"covered_lines": 0, "num_statements": 25, "percent_covered": 0.0, "percent_covered_display": "0", "missing_lines": 25, "excluded_lines": 0, "percent_statements_covered": 0.0, "percent_statements_covered_display": "0"}, "missing_lines": [691, 692, 693, 696, 697, 698, 699, 702, 703, 704, 705, 706, 709, 710, 711, 713, 714, 715, 716, 719, 720, 721, 722, 724, 725], "excluded_lines": [], "start_line": 687}, "RequirementsAgent._build_requirements_md": {"executed_lines": [], "summary": {"covered_lines": 0, "num_statements": 20, "percent_covered": 0.0, "percent_covered_display": "0", "missing_lines": 20, "excluded_lines": 0, "percent_statements_covered": 0.0, "percent_statements_covered_display": "0"}, "missing_lines": [729, 743, 744, 746, 749, 750, 751, 752, 753, 755, 756, 757, 758, 759, 760, 761, 762, 763, 769, 771], "excluded_lines": [], "start_line": 727}, "RequirementsAgent._build_components_md": {"executed_lines": [], "summary": {"covered_lines": 0, "num_statements": 21, "percent_covered": 0.0, "percent_covered_display": "0", "missing_lines": 21, "excluded_lines": 0, "percent_statements_covered": 0.0, "percent_statements_covered_display": "0"}, "missing_lines": [775, 781, 782, 792, 793, 794, 795, 796, 797, 798, 801, 802, 803, 804, 805, 809, 812, 813, 814, 815, 817], "excluded_lines": [], "start_line": 773}, "RequirementsAgent._detect_complete_requirements": {"executed_lines": [], "summary": {"covered_lines": 0, "num_statements": 6, "percent_covered": 0.0, "percent_covered_display": "0", "missing_lines": 6, "excluded_lines": 0, "percent_statements_covered": 0.0, "percent_statements_covered_display": "0"}, "missing_lines": [825, 828, 829, 830, 833, 855], "excluded_lines": [], "start_line": 820}, "RequirementsAgent._parse_requirements_response": {"executed_lines": [], "summary": {"covered_lines": 0, "num_statements": 47, "percent_covered": 0.0, "percent_covered_display": "0", "missing_lines": 47, "excluded_lines": 0, "percent_statements_covered": 0.0, "percent_statements_covered_display": "0"}, "missing_lines": [862, 864, 869, 873, 874, 875, 877, 878, 879, 881, 882, 883, 886, 887, 889, 890, 894, 895, 896, 897, 898, 899, 900, 901, 903, 915, 917, 927, 928, 933, 934, 935, 936, 938, 939, 940, 941, 942, 945, 946, 954, 957, 960, 962, 971, 972, 973], "excluded_lines": [], "start_line": 857}, "RequirementsAgent._extract_or_generate_mermaid": {"executed_lines": [], "summary": {"covered_lines": 0, "num_statements": 6, "percent_covered": 0.0, "percent_covered_display": "0", "missing_lines": 6, "excluded_lines": 0, "percent_statements_covered": 0.0, "percent_statements_covered_display": "0"}, "missing_lines": [978, 983, 984, 987, 988, 998], "excluded_lines": [], "start_line": 975}, "RequirementsAgent._extract_components": {"executed_lines": [], "summary": {"covered_lines": 0, "num_statements": 13, "percent_covered": 0.0, "percent_covered_display": "0", "missing_lines": 13, "excluded_lines": 0, "percent_statements_covered": 0.0, "percent_statements_covered_display": "0"}, "missing_lines": [1014, 1018, 1019, 1020, 1021, 1022, 1025, 1028, 1037, 1038, 1041, 1042, 1054], "excluded_lines": [], "start_line": 1012}, "": {"executed_lines": [], "summary": {"covered_lines": 0, "num_statements": 37, "percent_covered": 0.0, "percent_covered_display": "0", "missing_lines": 37, "excluded_lines": 0, "percent_statements_covered": 0.0, "percent_statements_covered_display": "0"}, "missing_lines": [14, 15, 16, 17, 19, 20, 22, 25, 29, 30, 31, 32, 33, 34, 35, 37, 39, 101, 204, 230, 233, 253, 259, 404, 479, 480, 495, 496, 516, 640, 687, 727, 773, 820, 857, 975, 1012], "excluded_lines": [], "start_line": 1}}, "classes": {"RequirementsAgent": {"executed_lines": [], "summary": {"covered_lines": 0, "num_statements": 324, "percent_covered": 0.0, "percent_covered_display": "0", "missing_lines": 324, "excluded_lines": 0, "percent_statements_covered": 0.0, "percent_statements_covered_display": "0"}, "missing_lines": [235, 236, 237, 239, 248, 249, 251, 254, 267, 268, 269, 271, 274, 275, 276, 277, 278, 286, 287, 294, 295, 297, 299, 300, 307, 309, 310, 311, 312, 317, 318, 319, 321, 331, 337, 338, 340, 341, 344, 353, 354, 355, 356, 358, 359, 372, 373, 374, 377, 378, 383, 384, 394, 412, 416, 417, 419, 436, 437, 438, 439, 440, 442, 448, 453, 457, 458, 460, 466, 467, 468, 470, 484, 486, 488, 489, 490, 491, 492, 493, 502, 503, 504, 505, 506, 507, 509, 510, 511, 512, 513, 514, 522, 525, 526, 527, 530, 531, 532, 534, 535, 536, 539, 540, 541, 545, 546, 547, 551, 552, 553, 555, 556, 557, 558, 559, 560, 561, 563, 565, 566, 567, 568, 569, 572, 573, 574, 575, 576, 577, 578, 580, 581, 582, 583, 584, 585, 586, 587, 588, 589, 590, 592, 593, 594, 595, 599, 602, 603, 604, 607, 608, 609, 610, 611, 612, 617, 618, 621, 622, 623, 624, 625, 626, 627, 628, 629, 630, 631, 632, 633, 634, 635, 636, 638, 642, 643, 651, 652, 653, 655, 656, 662, 677, 678, 679, 691, 692, 693, 696, 697, 698, 699, 702, 703, 704, 705, 706, 709, 710, 711, 713, 714, 715, 716, 719, 720, 721, 722, 724, 725, 729, 743, 744, 746, 749, 750, 751, 752, 753, 755, 756, 757, 758, 759, 760, 761, 762, 763, 769, 771, 775, 781, 782, 792, 793, 794, 795, 796, 797, 798, 801, 802, 803, 804, 805, 809, 812, 813, 814, 815, 817, 825, 828, 829, 830, 833, 855, 862, 864, 869, 873, 874, 875, 877, 878, 879, 881, 882, 883, 886, 887, 889, 890, 894, 895, 896, 897, 898, 899, 900, 901, 903, 915, 917, 927, 928, 933, 934, 935, 936, 938, 939, 940, 941, 942, 945, 946, 954, 957, 960, 962, 971, 972, 973, 978, 983, 984, 987, 988, 998, 1014, 1018, 1019, 1020, 1021, 1022, 1025, 1028, 1037, 1038, 1041, 1042, 1054], "excluded_lines": [], "start_line": 230}, "": {"executed_lines": [], "summary": {"covered_lines": 0, "num_statements": 38, "percent_covered": 0.0, "percent_covered_display": "0", "missing_lines": 38, "excluded_lines": 0, "percent_statements_covered": 0.0, "percent_statements_covered_display": "0"}, "missing_lines": [14, 15, 16, 17, 19, 20, 22, 25, 26, 29, 30, 31, 32, 33, 34, 35, 37, 39, 101, 204, 230, 233, 253, 259, 404, 479, 480, 495, 496, 516, 640, 687, 727, 773, 820, 857, 975, 1012], "excluded_lines": [], "start_line": 1}}}, "agents\\sbom_generator.py": {"executed_lines": [], "summary": {"covered_lines": 0, "num_statements": 118, "percent_covered": 0.0, "percent_covered_display": "0", "missing_lines": 118, "excluded_lines": 0, "percent_statements_covered": 0.0, "percent_statements_covered_display": "0"}, "missing_lines": [10, 11, 12, 13, 14, 15, 16, 18, 21, 23, 24, 25, 26, 28, 30, 32, 33, 34, 35, 36, 39, 45, 46, 47, 48, 50, 56, 57, 59, 61, 62, 64, 65, 66, 69, 80, 82, 83, 86, 87, 88, 91, 92, 93, 96, 97, 98, 100, 113, 121, 122, 125, 128, 129, 130, 131, 134, 135, 136, 137, 138, 139, 141, 142, 143, 144, 147, 148, 151, 152, 153, 154, 155, 156, 157, 158, 159, 160, 162, 165, 167, 168, 171, 172, 173, 174, 175, 176, 179, 180, 181, 183, 198, 200, 201, 203, 204, 205, 210, 225, 249, 256, 257, 260, 261, 262, 263, 265, 276, 277, 278, 279, 280, 281, 282, 285, 287, 306], "excluded_lines": [], "functions": {"_try_cyclonedx_lib": {"executed_lines": [], "summary": {"covered_lines": 0, "num_statements": 25, "percent_covered": 0.0, "percent_covered_display": "0", "missing_lines": 25, "excluded_lines": 0, "percent_statements_covered": 0.0, "percent_statements_covered_display": "0"}, "missing_lines": [23, 24, 25, 26, 28, 30, 32, 33, 34, 35, 36, 39, 45, 46, 47, 48, 50, 56, 57, 59, 61, 62, 64, 65, 66], "excluded_lines": [], "start_line": 21}, "generate_sbom": {"executed_lines": [], "summary": {"covered_lines": 0, "num_statements": 13, "percent_covered": 0.0, "percent_covered_display": "0", "missing_lines": 13, "excluded_lines": 0, "percent_statements_covered": 0.0, "percent_statements_covered_display": "0"}, "missing_lines": [80, 82, 83, 86, 87, 88, 91, 92, 93, 96, 97, 98, 100], "excluded_lines": [], "start_line": 69}, "_parse_components": {"executed_lines": [], "summary": {"covered_lines": 0, "num_statements": 30, "percent_covered": 0.0, "percent_covered_display": "0", "missing_lines": 30, "excluded_lines": 0, "percent_statements_covered": 0.0, "percent_statements_covered_display": "0"}, "missing_lines": [121, 122, 125, 128, 129, 130, 131, 134, 135, 136, 137, 138, 139, 141, 142, 143, 144, 147, 148, 151, 152, 153, 154, 155, 156, 157, 158, 159, 160, 162], "excluded_lines": [], "start_line": 113}, "_normalize_component": {"executed_lines": [], "summary": {"covered_lines": 0, "num_statements": 12, "percent_covered": 0.0, "percent_covered_display": "0", "missing_lines": 12, "excluded_lines": 0, "percent_statements_covered": 0.0, "percent_statements_covered_display": "0"}, "missing_lines": [167, 168, 171, 172, 173, 174, 175, 176, 179, 180, 181, 183], "excluded_lines": [], "start_line": 165}, "_build_sbom_manually": {"executed_lines": [], "summary": {"covered_lines": 0, "num_statements": 8, "percent_covered": 0.0, "percent_covered_display": "0", "missing_lines": 8, "excluded_lines": 0, "percent_statements
[...]
y": "0"}, "missing_lines": [14, 16, 17, 18, 20, 22, 23, 24, 25, 26, 27, 30, 33, 41, 48, 61, 66, 109, 125, 143], "excluded_lines": [], "start_line": 1}}, "classes": {"GitManager": {"executed_lines": [], "summary": {"covered_lines": 0, "num_statements": 64, "percent_covered": 0.0, "percent_covered_display": "0", "missing_lines": 64, "excluded_lines": 0, "percent_statements_covered": 0.0, "percent_statements_covered_display": "0"}, "missing_lines": [34, 35, 36, 37, 43, 44, 45, 46, 50, 51, 52, 53, 54, 55, 56, 57, 58, 59, 62, 84, 85, 86, 87, 88, 89, 91, 93, 94, 95, 97, 98, 103, 104, 105, 106, 107, 111, 112, 113, 114, 115, 116, 118, 119, 120, 121, 122, 123, 127, 128, 129, 130, 131, 132, 138, 139, 140, 141, 145, 146, 147, 148, 149, 150], "excluded_lines": [], "start_line": 30}, "": {"executed_lines": [], "summary": {"covered_lines": 0, "num_statements": 20, "percent_covered": 0.0, "percent_covered_display": "0", "missing_lines": 20, "excluded_lines": 0, "percent_statements_covered": 0.0, "percent_statements_covered_display": "0"}, "missing_lines": [14, 16, 17, 18, 20, 22, 23, 24, 25, 26, 27, 30, 33, 41, 48, 61, 66, 109, 125, 143], "excluded_lines": [], "start_line": 1}}}, "tools\\seed_components.py": {"executed_lines": [], "summary": {"covered_lines": 0, "num_statements": 39, "percent_covered": 0.0, "percent_covered_display": "0", "missing_lines": 39, "excluded_lines": 3, "percent_statements_covered": 0.0, "percent_statements_covered_display": "0"}, "missing_lines": [8, 9, 10, 12, 13, 15, 18, 25, 28, 29, 30, 33, 34, 36, 37, 38, 41, 43, 44, 45, 47, 48, 49, 51, 52, 54, 55, 57, 58, 60, 72, 75, 76, 77, 78, 80, 82, 84, 85], "excluded_lines": [88, 90, 95], "functions": {"seed_if_empty": {"executed_lines": [], "summary": {"covered_lines": 0, "num_statements": 32, "percent_covered": 0.0, "percent_covered_display": "0", "missing_lines": 32, "excluded_lines": 0, "percent_statements_covered": 0.0, "percent_statements_covered_display": "0"}, "missing_lines": [25, 28, 29, 30, 33, 34, 36, 37, 38, 41, 43, 44, 45, 47, 48, 49, 51, 52, 54, 55, 57, 58, 60, 72, 75, 76, 77, 78, 80, 82, 84, 85], "excluded_lines": [], "start_line": 18}, "": {"executed_lines": [], "summary": {"covered_lines": 0, "num_statements": 7, "percent_covered": 0.0, "percent_covered_display": "0", "missing_lines": 7, "excluded_lines": 3, "percent_statements_covered": 0.0, "percent_statements_covered_display": "0"}, "missing_lines": [8, 9, 10, 12, 13, 15, 18], "excluded_lines": [88, 90, 95], "start_line": 1}}, "classes": {"": {"executed_lines": [], "summary": {"covered_lines": 0, "num_statements": 39, "percent_covered": 0.0, "percent_covered_display": "0", "missing_lines": 39, "excluded_lines": 3, "percent_statements_covered": 0.0, "percent_statements_covered_display": "0"}, "missing_lines": [8, 9, 10, 12, 13, 15, 18, 25, 28, 29, 30, 33, 34, 36, 37, 38, 41, 43, 44, 45, 47, 48, 49, 51, 52, 54, 55, 57, 58, 60, 72, 75, 76, 77, 78, 80, 82, 84, 85], "excluded_lines": [88, 90, 95], "start_line": 1}}}, "tools\\web_scraper.py": {"executed_lines": [], "summary": {"covered_lines": 0, "num_statements": 125, "percent_covered": 0.0, "percent_covered_display": "0", "missing_lines": 125, "excluded_lines": 0, "percent_statements_covered": 0.0, "percent_statements_covered_display": "0"}, "missing_lines": [8, 9, 10, 12, 14, 15, 17, 20, 29, 30, 31, 32, 34, 51, 52, 53, 55, 57, 59, 61, 66, 72, 77, 78, 81, 82, 84, 86, 87, 88, 89, 90, 92, 102, 104, 105, 107, 108, 109, 110, 111, 112, 114, 131, 132, 133, 135, 136, 137, 142, 152, 158, 159, 162, 163, 165, 167, 168, 169, 170, 172, 182, 184, 185, 187, 188, 189, 190, 191, 192, 194, 211, 213, 219, 220, 222, 223, 224, 225, 226, 227, 229, 231, 233, 236, 237, 238, 240, 241, 243, 252, 253, 255, 256, 257, 261, 263, 264, 265, 267, 269, 270, 272, 274, 275, 276, 277, 279, 280, 281, 282, 283, 284, 286, 288, 289, 291, 293, 294, 295, 296, 297, 298, 299, 300], "excluded_lines": [], "functions": {"WebScraperTool.__init__": {"executed_lines": [], "summary": {"covered_lines": 0, "num_statements": 3, "percent_covered": 0.0, "percent_covered_display": "0", "missing_lines": 3, "excluded_lines": 0, "percent_statements_covered": 0.0, "percent_statements_covered_display": "0"}, "missing_lines": [30, 31, 32], "excluded_lines": [], "start_line": 29}, "WebScraperTool.search_digikey": {"executed_lines": [], "summary": {"covered_lines": 0, "num_statements": 29, "percent_covered": 0.0, "percent_covered_display": "0", "missing_lines": 29, "excluded_lines": 0, "percent_statements_covered": 0.0, "percent_statements_covered_display": "0"}, "missing_lines": [51, 52, 53, 55, 57, 59, 61, 66, 72, 77, 78, 81, 82, 84, 86, 87, 88, 89, 90, 92, 102, 104, 105, 107, 108, 109, 110, 111, 112], "excluded_lines": [], "start_line": 34}, "WebScraperTool.search_mouser": {"executed_lines": [], "summary": {"covered_lines": 0, "num_statements": 27, "percent_covered": 0.0, "percent_covered_display": "0", "missing_lines": 27, "excluded_lines": 0, "percent_statements_covered": 0.0, "percent_statements_covered_display": "0"}, "missing_lines": [131, 132, 133, 135, 136, 137, 142, 152, 158, 159, 162, 163, 165, 167, 168, 169, 170, 172, 182, 184, 185, 187, 188, 189, 190, 191, 192], "excluded_lines": [], "start_line": 114}, "WebScraperTool.search_all": {"executed_lines": [], "summary": {"covered_lines": 0, "num_statements": 11, "percent_covered": 0.0, "percent_covered_display": "0", "missing_lines": 11, "excluded_lines": 0, "percent_statements_covered": 0.0, "percent_statements_covered_display": "0"}, "missing_lines": [211, 213, 219, 220, 222, 223, 224, 225, 226, 227, 229], "excluded_lines": [], "start_line": 194}, "WebScraperTool._ensure_digikey_token": {"executed_lines": [], "summary": {"covered_lines": 0, "num_statements": 16, "percent_covered": 0.0, "percent_covered_display": "0", "missing_lines": 16, "excluded_lines": 0, "percent_statements_covered": 0.0, "percent_statements_covered_display": "0"}, "missing_lines": [233, 236, 237, 238, 240, 241, 243, 252, 253, 255, 256, 257, 261, 263, 264, 265], "excluded_lines": [], "start_line": 231}, "WebScraperTool._parse_digikey_pricing": {"executed_lines": [], "summary": {"covered_lines": 0, "num_statements": 13, "percent_covered": 0.0, "percent_covered_display": "0", "missing_lines": 13, "excluded_lines": 0, "percent_statements_covered": 0.0, "percent_statements_covered_display": "0"}, "missing_lines": [269, 270, 272, 274, 275, 276, 277, 279, 280, 281, 282, 283, 284], "excluded_lines": [], "start_line": 267}, "WebScraperTool._parse_mouser_pricing": {"executed_lines": [], "summary": {"covered_lines": 0, "num_statements": 11, "percent_covered": 0.0, "percent_covered_display": "0", "missing_lines": 11, "excluded_lines": 0, "percent_statements_covered": 0.0, "percent_statements_covered_display": "0"}, "missing_lines": [288, 289, 291, 293, 294, 295, 296, 297, 298, 299, 300], "excluded_lines": [], "start_line": 286}, "": {"executed_lines": [], "summary": {"covered_lines": 0, "num_statements": 15, "percent_covered": 0.0, "percent_covered_display": "0", "missing_lines": 15, "excluded_lines": 0, "percent_statements_covered": 0.0, "percent_statements_covered_display": "0"}, "missing_lines": [8, 9, 10, 12, 14, 15, 17, 20, 29, 34, 114, 194, 231, 267, 286], "excluded_lines": [], "start_line": 1}}, "classes": {"WebScraperTool": {"executed_lines": [], "summary": {"covered_lines": 0, "num_statements": 110, "percent_covered": 0.0, "percent_covered_display": "0", "missing_lines": 110, "excluded_lines": 0, "percent_statements_covered": 0.0, "percent_statements_covered_display": "0"}, "missing_lines": [30, 31, 32, 51, 52, 53, 55, 57, 59, 61, 66, 72, 77, 78, 81, 82, 84, 86, 87, 88, 89, 90, 92, 102, 104, 105, 107, 108, 109, 110, 111, 112, 131, 132, 133, 135, 136, 137, 142, 152, 158, 159, 162, 163, 165, 167, 168, 169, 170, 172, 182, 184, 185, 187, 188, 189, 190, 191, 192, 211, 213, 219, 220, 222, 223, 224, 225, 226, 227, 229, 233, 236, 237, 238, 240, 241, 243, 252, 253, 255, 256, 257, 261, 263, 264, 265, 269, 270, 272, 274, 275, 276, 277, 279, 280, 281, 282, 283, 284, 288, 289, 291, 293, 294, 295, 296, 297, 298, 299, 300], "excluded_lines": [], "start_line": 20}, "": {"executed_lines": [], "summary": {"covered_lines": 0, "num_statements": 15, "percent_covered": 0.0, "percent_covered_display": "0", "missing_lines": 15, "excluded_lines": 0, "percent_statements_covered": 0.0, "percent_statements_covered_display": "0"}, "missing_lines": [8, 9, 10, 12, 14, 15, 17, 20, 29, 34, 114, 194, 231, 267, 286], "excluded_lines": [], "start_line": 1}}}, "validators\\__init__.py": {"executed_lines": [], "summary": {"covered_lines": 0, "num_statements": 3, "percent_covered": 0.0, "percent_covered_display": "0", "missing_lines": 3, "excluded_lines": 0, "percent_statements_covered": 0.0, "percent_statements_covered_display": "0"}, "missing_lines": [3, 4, 6], "excluded_lines": [], "functions": {"": {"executed_lines": [], "summary": {"covered_lines": 0, "num_statements": 3, "percent_covered": 0.0, "percent_covered_display": "0", "missing_lines": 3, "excluded_lines": 0, "percent_statements_covered": 0.0, "percent_statements_covered_display": "0"}, "missing_lines": [3, 4, 6], "excluded_lines": [], "start_line": 1}}, "classes": {"": {"executed_lines": [], "summary": {"covered_lines": 0, "num_statements": 3, "percent_covered": 0.0, "percent_covered_display": "0", "missing_lines": 3, "excluded_lines": 0, "percent_statements_covered": 0.0, "percent_statements_covered_display": "0"}, "missing_lines": [3, 4, 6], "excluded_lines": [], "start_line": 1}}}, "validators\\ieee_validator.py": {"executed_lines": [], "summary": {"covered_lines": 0, "num_statements": 56, "percent_covered": 0.0, "percent_covered_display": "0", "missing_lines": 56, "excluded_lines": 0, "percent_statements_covered": 0.0, "percent_statements_covered_display": "0"}, "missing_lines": [8, 9, 10, 12, 15, 16, 27, 35, 42, 53, 55, 58, 60, 63, 65, 68, 72, 73, 74, 75, 77, 79, 80, 81, 82, 83, 84, 86, 89, 90, 91, 92, 94, 96, 97, 98, 99, 102, 103, 105, 107, 118, 120, 121, 122, 123, 125, 126, 127, 129, 130, 131, 133, 134, 135, 137], "excluded_lines": [], "functions": {"validate_hrs": {"executed_lines": [], "summary": {"covered_lines": 0, "num_statements": 1, "percent_covered": 0.0, "percent_covered_display": "0", "missing_lines": 1, "excluded_lines": 0, "percent_statements_covered": 0.0, "percent_statements_covered_display": "0"}, "missing_lines": [55], "excluded_lines": [], "start_line": 53}, "validate_srs": {"executed_lines": [], "summary": {"covered_lines": 0, "num_statements": 1, "percent_covered": 0.0, "percent_covered_display": "0", "missing_lines": 1, "excluded_lines": 0, "percent_statements_covered": 0.0, "percent_statements_covered_display": "0"}, "missing_lines": [60], "excluded_lines": [], "start_line": 58}, "validate_sdd": {"executed_lines": [], "summary": {"covered_lines": 0, "num_statements": 1, "percent_covered": 0.0, "percent_covered_display": "0", "missing_lines": 1, "excluded_lines": 0, "percent_statements_covered": 0.0, "percent_statements_covered_display": "0"}, "missing_lines": [65], "excluded_lines": [], "start_line": 63}, "_validate_document": {"executed_lines": [], "summary": {"covered_lines": 0, "num_statements": 25, "percent_covered": 0.0, "percent_covered_display": "0", "missing_lines": 25, "excluded_lines": 0, "percent_statements_covered": 0.0, "percent_statements_covered_display": "0"}, "missing_lines": [72, 73, 74, 75, 77, 79, 80, 81, 82, 83, 84, 86, 89, 90, 91, 92, 94, 96, 97, 98, 99, 102, 103, 105, 107], "excluded_lines": [], "start_line": 68}, "validate_all": {"executed_lines": [], "summary": {"covered_lines": 0, "num_statements": 14, "percent_covered": 0.0, "percent_covered_display": "0", "missing_lines": 14, "excluded_lines": 0, "percent_statements_covered": 0.0, "percent_statements_covered_display": "0"}, "missing_lines": [120, 121, 122, 123, 125, 126, 127, 129, 130, 131, 133, 134, 135, 137], "excluded_lines": [], "start_line": 118}, "": {"executed_lines": [], "summary": {"covered_lines": 0, "num_statements": 14, "percent_covered": 0.0, "percent_covered_display": "0", "missing_lines": 14, "excluded_lines": 0, "percent_statements_covered": 0.0, "percent_statements_covered_display": "0"}, "missing_lines": [8, 9, 10, 12, 15, 16, 27, 35, 42, 53, 58, 63, 68, 118], "excluded_lines": [], "start_line": 1}}, "classes": {"ValidationResult": {"executed_lines": [], "summary": {"covered_lines": 0, "num_statements": 0, "percent_covered": 100.0, "percent_covered_display": "100", "missing_lines": 0, "excluded_lines": 0, "percent_statements_covered": 100.0, "percent_statements_covered_display": "100"}, "missing_lines": [], "excluded_lines": [], "start_line": 16}, "": {"executed_lines": [], "summary": {"covered_lines": 0, "num_statements": 56, "percent_covered": 0.0, "percent_covered_display": "0", "missing_lines": 56, "excluded_lines": 0, "percent_statements_covered": 0.0, "percent_statements_covered_display": "0"}, "missing_lines": [8, 9, 10, 12, 15, 16, 27, 35, 42, 53, 55, 58, 60, 63, 65, 68, 72, 73, 74, 75, 77, 79, 80, 81, 82, 83, 84, 86, 89, 90, 91, 92, 94, 96, 97, 98, 99, 102, 103, 105, 107, 118, 120, 121, 122, 123, 125, 126, 127, 129, 130, 131, 133, 134, 135, 137], "excluded_lines": [], "start_line": 1}}}, "validators\\netlist_validator.py": {"executed_lines": [], "summary": {"covered_lines": 0, "num_statements": 79, "percent_covered": 0.0, "percent_covered_display": "0", "missing_lines": 79, "excluded_lines": 0, "percent_statements_covered": 0.0, "percent_statements_covered_display": "0"}, "missing_lines": [3, 4, 6, 8, 9, 10, 11, 12, 13, 16, 19, 20, 21, 22, 23, 25, 27, 28, 29, 31, 32, 35, 38, 39, 40, 41, 42, 44, 52, 54, 55, 57, 59, 60, 62, 63, 70, 72, 74, 75, 77, 78, 79, 80, 81, 82, 83, 85, 87, 88, 90, 91, 92, 93, 95, 97, 98, 100, 101, 102, 104, 106, 108, 110, 113, 115, 117, 118, 120, 121, 122, 123, 125, 131, 132, 134, 135, 137, 138], "excluded_lines": [], "functions": {"NetlistValidator.__init__": {"executed_lines": [], "summary": {"covered_lines": 0, "num_statements": 4, "percent_covered": 0.0, "percent_covered_display": "0", "missing_lines": 4, "excluded_lines": 0, "percent_statements_covered": 0.0, "percent_statements_covered_display": "0"}, "missing_lines": [20, 21, 22, 23], "excluded_lines": [], "start_line": 19}, "NetlistValidator.validate": {"executed_lines": [], "summary": {"covered_lines": 0, "num_statements": 12, "percent_covered": 0.0, "percent_covered_display": "0", "missing_lines": 12, "excluded_lines": 0, "percent_statements_covered": 0.0, "percent_statements_covered_display": "0"}, "missing_lines": [27, 28, 29, 31, 32, 35, 38, 39, 40, 41, 42, 44], "excluded_lines": [], "start_line": 25}, "NetlistValidator._build_graph": {"executed_lines": [], "summary": {"covered_lines": 0, "num_statements": 8, "percent_covered": 0.0, "percent_covered_display": "0", "missing_lines": 8, "excluded_lines": 0, "percent_statements_covered": 0.0, "percent_statements_covered_display": "0"}, "missing_lines": [54, 55, 57, 59, 60, 62, 63, 70], "excluded_lines": [], "start_line": 52}, "NetlistValidator._check_cycles": {"executed_lines": [], "summary": {"covered_lines": 0, "num_statements": 9, "percent_covered": 0.0, "percent_covered_display": "0", "missing_lines": 9, "excluded_lines": 0, "percent_statements_covered": 0.0, "percent_statements_covered_display": "0"}, "missing_lines": [74, 75, 77, 78, 79, 80, 81, 82, 83], "excluded_lines": [], "start_line": 72}, "NetlistValidator._check_isolated_nodes": {"executed_lines": [], "summary": {"covered_lines": 0, "num_statements": 6, "percent_covered": 0.0, "percent_covered_display": "0", "missing_lines": 6, "excluded_lines": 0, "percent_statements_covered": 0.0, "percent_statements_covered_display": "0"}, "missing_lines": [87, 88, 90, 91, 92, 93], "excluded_lines": [], "start_line": 85}, "NetlistValidator._check_connectivity": {"executed_lines": [], "summary": {"covered_lines": 0, "num_statements": 5, "percent_covered": 0.0, "percent_covered_display": "0", "missing_lines": 5, "excluded_lines": 0, "percent_statements_covered": 0.0, "percent_statements_covered_display": "0"}, "missing_lines": [97, 98, 100, 101, 102], "excluded_lines": [], "start_line": 95}, "NetlistValidator._check_pin_compatibility": {"executed_lines": [], "summary": {"covered_lines": 0, "num_statements": 2, "percent_covered": 0.0, "percent_covered_display": "0", "missing_lines": 2, "excluded_lines": 0, "percent_statements_covered": 0.0, "percent_statements_covered_display": "0"}, "missing_lines": [106, 108], "excluded_lines": [], "start_line": 104}, "NetlistValidator._check_power_domains": {"executed_lines": [], "summary": {"covered_lines": 0, "num_statements": 1, "percent_covered": 0.0, "percent_covered_display": "0", "missing_lines": 1, "excluded_lines": 0, "percent_statements_covered": 0.0, "percent_statements_covered_display": "0"}, "missing_lines": [113], "excluded_lines": [], "start_line": 110}, "NetlistValidator._get_stats": {"executed_lines": [], "summary": {"covered_lines": 0, "num_statements": 7, "percent_covered": 0.0, "percent_covered_display": "0", "missing_lines": 7, "excluded_lines": 0, "percent_statements_covered": 0.0, "percent_statements_covered_display": "0"}, "missing_lines": [117, 118, 120, 121, 122, 123, 125], "excluded_lines": [], "start_line": 115}, "NetlistValidator._add_error": {"executed_lines": [], "summary": {"covered_lines": 0, "num_statements": 1, "percent_covered": 0.0, "percent_covered_display": "0", "missing_lines": 1, "excluded_lines": 0, "percent_statements_covered": 0.0, "percent_statements_covered_display": "0"}, "missing_lines": [132], "excluded_lines": [], "start_line": 131}, "NetlistValidator._add_warning": {"executed_lines": [], "summary": {"covered_lines": 0, "num_statements": 1, "percent_covered": 0.0, "percent_covered_display": "0", "missing_lines": 1, "excluded_lines": 0, "percent_statements_covered": 0.0, "percent_statements_covered_display": "0"}, "missing_lines": [135], "excluded_lines": [], "start_line": 134}, "NetlistValidator._add_info": {"executed_lines": [], "summary": {"covered_lines": 0, "num_statements": 1, "percent_covered": 0.0, "percent_covered_display": "0", "missing_lines": 1, "excluded_lines": 0, "percent_statements_covered": 0.0, "percent_statements_covered_display": "0"}, "missing_lines": [138], "excluded_lines": [], "start_line": 137}, "": {"executed_lines": [], "summary": {"covered_lines": 0, "num_statements": 22, "percent_covered": 0.0, "percent_covered_display": "0", "missing_lines": 22, "excluded_lines": 0, "percent_statements_covered": 0.0, "percent_statements_covered_display": "0"}, "missing_lines": [3, 4, 6, 8, 9, 10, 11, 12, 13, 16, 19, 25, 52, 72, 85, 95, 104, 110, 115, 131, 134, 137], "excluded_lines": [], "start_line": 1}}, "classes": {"NetlistValidator": {"executed_lines": [], "summary": {"covered_lines": 0, "num_statements": 57, "percent_covered": 0.0, "percent_covered_display": "0", "missing_lines": 57, "excluded_lines": 0, "percent_statements_covered": 0.0, "percent_statements_covered_display": "0"}, "missing_lines": [20, 21, 22, 23, 27, 28, 29, 31, 32, 35, 38, 39, 40, 41, 42, 44, 54, 55, 57, 59, 60, 62, 63, 70, 74, 75, 77, 78, 79, 80, 81, 82, 83, 87, 88, 90, 91, 92, 93, 97, 98, 100, 101, 102, 106, 108, 113, 117, 118, 120, 121, 122, 123, 125, 132, 135, 138], "excluded_lines": [], "start_line": 16}, "": {"executed_lines": [], "summary": {"covered_lines": 0, "num_statements": 22, "percent_covered": 0.0, "percent_covered_display": "0", "missing_lines": 22, "excluded_lines": 0, "percent_statements_covered": 0.0, "percent_statements_covered_display": "0"}, "missing_lines": [3, 4, 6, 8, 9, 10, 11, 12, 13, 16, 19, 25, 52, 72, 85, 95, 104, 110, 115, 131, 134, 137], "excluded_lines": [], "start_line": 1}}}}, "totals": {"covered_lines": 73, "num_statements": 4947, "percent_covered": 1.4756418031129979, "percent_covered_display": "1", "missing_lines": 4874, "excluded_lines": 29, "percent_statements_covered": 1.4756418031129979, "percent_statements_covered_display": "1"}}